<?xml version="1.0" encoding="UTF-8"?>
<testng-results ignored="10" total="11" passed="0" failed="1" skipped="0">
  <reporter-output>
    <line>
      <![CDATA[Test Execution ID : 04Mar_121002]]>
    </line>
    <line>
      <![CDATA[####### Starting  Test Case: serviceOverview_CreateServiceManifest #######]]>
    </line>
    <line>
      <![CDATA[Getting test data for serviceOverview_CreateServiceManifest]]>
    </line>
    <line>
      <![CDATA[No testdata found for Test Case: serviceOverview_CreateServiceManifest]]>
    </line>
    <line>
      <![CDATA[Open URL:http://122.160.30.218:45008/login]]>
    </line>
    <line>
      <![CDATA[<img src=D:\BuildPiper3.2_Rahul\Reports\04Mar_121002\serviceOverview_CreateServiceManifest_chrome\serviceOverview_CreateServiceManifest_chrome_64_Mar_121009.jpg alt='Lamp' width='500' height='400'>]]>
    </line>
    <line>
      <![CDATA[Element :[[ChromeDriver: chrome on WINDOWS (80d31c38d2ded7c0e77f49d44cc1de51)] -> name: email]is displayed on screen]]>
    </line>
    <line>
      <![CDATA[Setting value on element USER_NAME]]>
    </line>
    <line>
      <![CDATA[<img src=D:\BuildPiper3.2_Rahul\Reports\04Mar_121002\serviceOverview_CreateServiceManifest_chrome\serviceOverview_CreateServiceManifest_chrome_64_Mar_121017.jpg alt='Lamp' width='500' height='400'>]]>
    </line>
    <line>
      <![CDATA[Element :[[ChromeDriver: chrome on WINDOWS (80d31c38d2ded7c0e77f49d44cc1de51)] -> name: password]is displayed on screen]]>
    </line>
    <line>
      <![CDATA[Setting value on element PASSWORD]]>
    </line>
    <line>
      <![CDATA[<img src=D:\BuildPiper3.2_Rahul\Reports\04Mar_121002\serviceOverview_CreateServiceManifest_chrome\serviceOverview_CreateServiceManifest_chrome_64_Mar_121018.jpg alt='Lamp' width='500' height='400'>]]>
    </line>
    <line>
      <![CDATA[Element :[[ChromeDriver: chrome on WINDOWS (80d31c38d2ded7c0e77f49d44cc1de51)] -> xpath: //button[@type='submit']]is displayed on screen]]>
    </line>
    <line>
      <![CDATA[Clicking on element LOGIN_BTN]]>
    </line>
    <line>
      <![CDATA[<img src=D:\BuildPiper3.2_Rahul\Reports\04Mar_121002\serviceOverview_CreateServiceManifest_chrome\serviceOverview_CreateServiceManifest_chrome_64_Mar_121018.jpg alt='Lamp' width='500' height='400'>]]>
    </line>
    <line>
      <![CDATA[Successful navigation is validated for LoginPage]]>
    </line>
    <line>
      <![CDATA[Exception while scroll to view of element: ]]>
    </line>
    <line>
      <![CDATA[Exception while scroll to view of element: ]]>
    </line>
    <line>
      <![CDATA[ Element :Proxy element for: DefaultElementLocator 'By.xpath: //div[@aria-controls='simple-menu']//div//div[2]//p' is not clickable using javaScript]]>
    </line>
    <line>
      <![CDATA[ Element :Proxy element for: DefaultElementLocator 'By.xpath: //div[@aria-controls='simple-menu']//div//div[2]//p' is not clickable using selenium click]]>
    </line>
    <line>
      <![CDATA[<img src=D:\BuildPiper3.2_Rahul\Reports\04Mar_121002\serviceOverview_CreateServiceManifest_chrome\serviceOverview_CreateServiceManifest_chrome_64_Mar_121055.jpg alt='Lamp' width='500' height='400'>]]>
    </line>
    <line>
      <![CDATA[Clicking on element userMenuAppBar]]>
    </line>
    <line>
      <![CDATA[<img src=D:\BuildPiper3.2_Rahul\Reports\04Mar_121002\serviceOverview_CreateServiceManifest_chrome\serviceOverview_CreateServiceManifest_chrome_64_Mar_121055.jpg alt='Lamp' width='500' height='400'>]]>
    </line>
    <line>
      <![CDATA[Exception while scroll to view of element: ]]>
    </line>
    <line>
      <![CDATA[Exception while scroll to view of element: ]]>
    </line>
    <line>
      <![CDATA[ Element :Proxy element for: DefaultElementLocator 'By.xpath: //p[@class='inactive-portal cursor-pointer']' is not clickable using javaScript]]>
    </line>
    <line>
      <![CDATA[ Element :Proxy element for: DefaultElementLocator 'By.xpath: //p[@class='inactive-portal cursor-pointer']' is not clickable using selenium click]]>
    </line>
    <line>
      <![CDATA[<img src=D:\BuildPiper3.2_Rahul\Reports\04Mar_121002\serviceOverview_CreateServiceManifest_chrome\serviceOverview_CreateServiceManifest_chrome_64_Mar_121126.jpg alt='Lamp' width='500' height='400'>]]>
    </line>
    <line>
      <![CDATA[Clicking on element switching to user account]]>
    </line>
    <line>
      <![CDATA[<img src=D:\BuildPiper3.2_Rahul\Reports\04Mar_121002\serviceOverview_CreateServiceManifest_chrome\serviceOverview_CreateServiceManifest_chrome_64_Mar_121127.jpg alt='Lamp' width='500' height='400'>]]>
    </line>
    <line>
      <![CDATA[Result upload to testlink is disabled, Please ensure you have 'UpdateTestLink=Yes' in project.properties ]]>
    </line>
    <line>
      <![CDATA[####### End of Test Case: serviceOverview_CreateServiceManifest #######]]>
    </line>
  </reporter-output>
  <suite started-at="2024-03-04T12:10:04 IST" name="Default suite" finished-at="2024-03-04T12:11:34 IST" duration-ms="90164">
    <groups>
      <group name="Regression">
        <method signature="ServiceCreationComprehensiveTestCases.serviceOverview_CreateServiceManifest()[pri:0, instance:com.buildpiper.testcases.ServiceCreationComprehensiveTestCases@535b8c24]" name="serviceOverview_CreateServiceManifest" class="com.buildpiper.testcases.ServiceCreationComprehensiveTestCases"/>
      </group> <!-- Regression -->
    </groups>
    <test started-at="2024-03-04T12:10:04 IST" name="Default test" finished-at="2024-03-04T12:11:34 IST" duration-ms="90164">
      <class name="com.buildpiper.testcases.ServiceCreationComprehensiveTestCases">
        <test-method is-config="true" signature="setUp(org.testng.ITestContext)[pri:0, instance:com.buildpiper.testcases.ServiceCreationComprehensiveTestCases@535b8c24]" started-at="2024-03-04T12:10:04 IST" name="setUp" finished-at="2024-03-04T12:10:04 IST" duration-ms="20" status="PASS">
          <params>
            <param index="0">
              <value>
                <![CDATA[org.testng.TestRunner@50bf795f]]>
              </value>
            </param>
          </params>
          <reporter-output>
          </reporter-output>
        </test-method> <!-- setUp -->
        <test-method is-config="true" signature="Reportsetup()[pri:0, instance:com.buildpiper.testcases.ServiceCreationComprehensiveTestCases@535b8c24]" started-at="2024-03-04T12:10:04 IST" name="Reportsetup" finished-at="2024-03-04T12:10:04 IST" duration-ms="4" status="PASS">
          <reporter-output>
          </reporter-output>
        </test-method> <!-- Reportsetup -->
        <test-method is-config="true" signature="testName(org.testng.ITestContext, java.lang.reflect.Method)[pri:0, instance:com.buildpiper.testcases.ServiceCreationComprehensiveTestCases@535b8c24]" started-at="2024-03-04T12:10:04 IST" name="testName" finished-at="2024-03-04T12:10:04 IST" duration-ms="353" status="PASS">
          <params>
            <param index="0">
              <value>
                <![CDATA[org.testng.TestRunner@50bf795f]]>
              </value>
            </param>
            <param index="1">
              <value>
                <![CDATA[public void com.buildpiper.testcases.ServiceCreationComprehensiveTestCases.serviceOverview_CreateServiceManifest()]]>
              </value>
            </param>
          </params>
          <reporter-output>
            <line>
              <![CDATA[####### Starting  Test Case: serviceOverview_CreateServiceManifest #######]]>
            </line>
            <line>
              <![CDATA[Getting test data for serviceOverview_CreateServiceManifest]]>
            </line>
            <line>
              <![CDATA[No testdata found for Test Case: serviceOverview_CreateServiceManifest]]>
            </line>
          </reporter-output>
        </test-method> <!-- testName -->
        <test-method is-config="true" signature="StartDriver()[pri:0, instance:com.buildpiper.testcases.ServiceCreationComprehensiveTestCases@535b8c24]" started-at="2024-03-04T12:10:04 IST" name="StartDriver" finished-at="2024-03-04T12:10:24 IST" duration-ms="19892" status="PASS">
          <reporter-output>
            <line>
              <![CDATA[Open URL:http://122.160.30.218:45008/login]]>
            </line>
            <line>
              <![CDATA[<img src=D:\BuildPiper3.2_Rahul\Reports\04Mar_121002\serviceOverview_CreateServiceManifest_chrome\serviceOverview_CreateServiceManifest_chrome_64_Mar_121009.jpg alt='Lamp' width='500' height='400'>]]>
            </line>
            <line>
              <![CDATA[Element :[[ChromeDriver: chrome on WINDOWS (80d31c38d2ded7c0e77f49d44cc1de51)] -> name: email]is displayed on screen]]>
            </line>
            <line>
              <![CDATA[Setting value on element USER_NAME]]>
            </line>
            <line>
              <![CDATA[<img src=D:\BuildPiper3.2_Rahul\Reports\04Mar_121002\serviceOverview_CreateServiceManifest_chrome\serviceOverview_CreateServiceManifest_chrome_64_Mar_121017.jpg alt='Lamp' width='500' height='400'>]]>
            </line>
            <line>
              <![CDATA[Element :[[ChromeDriver: chrome on WINDOWS (80d31c38d2ded7c0e77f49d44cc1de51)] -> name: password]is displayed on screen]]>
            </line>
            <line>
              <![CDATA[Setting value on element PASSWORD]]>
            </line>
            <line>
              <![CDATA[<img src=D:\BuildPiper3.2_Rahul\Reports\04Mar_121002\serviceOverview_CreateServiceManifest_chrome\serviceOverview_CreateServiceManifest_chrome_64_Mar_121018.jpg alt='Lamp' width='500' height='400'>]]>
            </line>
            <line>
              <![CDATA[Element :[[ChromeDriver: chrome on WINDOWS (80d31c38d2ded7c0e77f49d44cc1de51)] -> xpath: //button[@type='submit']]is displayed on screen]]>
            </line>
            <line>
              <![CDATA[Clicking on element LOGIN_BTN]]>
            </line>
            <line>
              <![CDATA[<img src=D:\BuildPiper3.2_Rahul\Reports\04Mar_121002\serviceOverview_CreateServiceManifest_chrome\serviceOverview_CreateServiceManifest_chrome_64_Mar_121018.jpg alt='Lamp' width='500' height='400'>]]>
            </line>
            <line>
              <![CDATA[Successful navigation is validated for LoginPage]]>
            </line>
          </reporter-output>
        </test-method> <!-- StartDriver -->
        <test-method signature="serviceOverview_CreateServiceManifest()[pri:0, instance:com.buildpiper.testcases.ServiceCreationComprehensiveTestCases@535b8c24]" started-at="2024-03-04T12:10:24 IST" name="serviceOverview_CreateServiceManifest" finished-at="2024-03-04T12:11:32 IST" duration-ms="68194" status="FAIL">
          <exception class="java.lang.IndexOutOfBoundsException">
            <message>
              <![CDATA[Index 0 out of bounds for length 0]]>
            </message>
            <full-stacktrace>
              <![CDATA[java.lang.IndexOutOfBoundsException: Index 0 out of bounds for length 0
at java.base/jdk.internal.util.Preconditions.outOfBounds(Preconditions.java:100)
at java.base/jdk.internal.util.Preconditions.outOfBoundsCheckIndex(Preconditions.java:106)
at java.base/jdk.internal.util.Preconditions.checkIndex(Preconditions.java:302)
at java.base/java.util.Objects.checkIndex(Objects.java:385)
at java.base/java.util.ArrayList.get(ArrayList.java:427)
at java.base/jdk.internal.reflect.DirectMethodHandleAccessor.invoke(DirectMethodHandleAccessor.java:104)
at java.base/java.lang.reflect.Method.invoke(Method.java:578)
at org.openqa.selenium.support.pagefactory.internal.LocatingElementListHandler.invoke(LocatingElementListHandler.java:39)
at jdk.proxy2/jdk.proxy2.$Proxy27.get(Unknown Source)
at com.buildpiper.pages.ServiceCreationPage.buildAndValidateService(ServiceCreationPage.java:300)
at com.buildpiper.testcases.ServiceCreationComprehensiveTestCases.serviceOverview_CreateServiceManifest(ServiceCreationComprehensiveTestCases.java:415)
at java.base/jdk.internal.reflect.DirectMethodHandleAccessor.invoke(DirectMethodHandleAccessor.java:104)
at java.base/java.lang.reflect.Method.invoke(Method.java:578)
at org.testng.internal.MethodInvocationHelper.invokeMethod(MethodInvocationHelper.java:134)
at org.testng.internal.TestInvoker.invokeMethod(TestInvoker.java:597)
at org.testng.internal.TestInvoker.invokeTestMethod(TestInvoker.java:173)
at org.testng.internal.MethodRunner.runInSequence(MethodRunner.java:46)
at org.testng.internal.TestInvoker$MethodInvocationAgent.invoke(TestInvoker.java:816)
at org.testng.internal.TestInvoker.invokeTestMethods(TestInvoker.java:146)
at org.testng.internal.TestMethodWorker.invokeTestMethods(TestMethodWorker.java:146)
at org.testng.internal.TestMethodWorker.run(TestMethodWorker.java:128)
at java.base/java.util.ArrayList.forEach(ArrayList.java:1511)
at org.testng.TestRunner.privateRun(TestRunner.java:766)
at org.testng.TestRunner.run(TestRunner.java:587)
at org.testng.SuiteRunner.runTest(SuiteRunner.java:384)
at org.testng.SuiteRunner.runSequentially(SuiteRunner.java:378)
at org.testng.SuiteRunner.privateRun(SuiteRunner.java:337)
at org.testng.SuiteRunner.run(SuiteRunner.java:286)
at org.testng.SuiteRunnerWorker.runSuite(SuiteRunnerWorker.java:53)
at org.testng.SuiteRunnerWorker.run(SuiteRunnerWorker.java:96)
at org.testng.TestNG.runSuitesSequentially(TestNG.java:1187)
at org.testng.TestNG.runSuitesLocally(TestNG.java:1109)
at org.testng.TestNG.runSuites(TestNG.java:1039)
at org.testng.TestNG.run(TestNG.java:1007)
at org.testng.remote.AbstractRemoteTestNG.run(AbstractRemoteTestNG.java:115)
at org.testng.remote.RemoteTestNG.initAndRun(RemoteTestNG.java:251)
at org.testng.remote.RemoteTestNG.main(RemoteTestNG.java:77)
]]>
            </full-stacktrace>
          </exception> <!-- java.lang.IndexOutOfBoundsException -->
          <reporter-output>
            <line>
              <![CDATA[Exception while scroll to view of element: ]]>
            </line>
            <line>
              <![CDATA[Exception while scroll to view of element: ]]>
            </line>
            <line>
              <![CDATA[ Element :Proxy element for: DefaultElementLocator 'By.xpath: //div[@aria-controls='simple-menu']//div//div[2]//p' is not clickable using javaScript]]>
            </line>
            <line>
              <![CDATA[ Element :Proxy element for: DefaultElementLocator 'By.xpath: //div[@aria-controls='simple-menu']//div//div[2]//p' is not clickable using selenium click]]>
            </line>
            <line>
              <![CDATA[<img src=D:\BuildPiper3.2_Rahul\Reports\04Mar_121002\serviceOverview_CreateServiceManifest_chrome\serviceOverview_CreateServiceManifest_chrome_64_Mar_121055.jpg alt='Lamp' width='500' height='400'>]]>
            </line>
            <line>
              <![CDATA[Clicking on element userMenuAppBar]]>
            </line>
            <line>
              <![CDATA[<img src=D:\BuildPiper3.2_Rahul\Reports\04Mar_121002\serviceOverview_CreateServiceManifest_chrome\serviceOverview_CreateServiceManifest_chrome_64_Mar_121055.jpg alt='Lamp' width='500' height='400'>]]>
            </line>
            <line>
              <![CDATA[Exception while scroll to view of element: ]]>
            </line>
            <line>
              <![CDATA[Exception while scroll to view of element: ]]>
            </line>
            <line>
              <![CDATA[ Element :Proxy element for: DefaultElementLocator 'By.xpath: //p[@class='inactive-portal cursor-pointer']' is not clickable using javaScript]]>
            </line>
            <line>
              <![CDATA[ Element :Proxy element for: DefaultElementLocator 'By.xpath: //p[@class='inactive-portal cursor-pointer']' is not clickable using selenium click]]>
            </line>
            <line>
              <![CDATA[<img src=D:\BuildPiper3.2_Rahul\Reports\04Mar_121002\serviceOverview_CreateServiceManifest_chrome\serviceOverview_CreateServiceManifest_chrome_64_Mar_121126.jpg alt='Lamp' width='500' height='400'>]]>
            </line>
            <line>
              <![CDATA[Clicking on element switching to user account]]>
            </line>
            <line>
              <![CDATA[<img src=D:\BuildPiper3.2_Rahul\Reports\04Mar_121002\serviceOverview_CreateServiceManifest_chrome\serviceOverview_CreateServiceManifest_chrome_64_Mar_121127.jpg alt='Lamp' width='500' height='400'>]]>
            </line>
            <line>
              <![CDATA[Result upload to testlink is disabled, Please ensure you have 'UpdateTestLink=Yes' in project.properties ]]>
            </line>
            <line>
              <![CDATA[####### End of Test Case: serviceOverview_CreateServiceManifest #######]]>
            </line>
          </reporter-output>
        </test-method> <!-- serviceOverview_CreateServiceManifest -->
        <test-method is-config="true" signature="StopDriver()[pri:0, instance:com.buildpiper.testcases.ServiceCreationComprehensiveTestCases@535b8c24]" started-at="2024-03-04T12:11:32 IST" name="StopDriver" finished-at="2024-03-04T12:11:34 IST" duration-ms="1489" status="PASS">
          <reporter-output>
          </reporter-output>
        </test-method> <!-- StopDriver -->
        <test-method is-config="true" signature="getResult(org.testng.ITestResult)[pri:0, instance:com.buildpiper.testcases.ServiceCreationComprehensiveTestCases@535b8c24]" started-at="2024-03-04T12:11:34 IST" name="getResult" finished-at="2024-03-04T12:11:34 IST" duration-ms="160" status="PASS">
          <params>
            <param index="0">
              <value>
                <![CDATA[[TestResult name=serviceOverview_CreateServiceManifest status=FAILURE method=ServiceCreationComprehensiveTestCases.serviceOverview_CreateServiceManifest()[pri:0, instance:com.buildpiper.testcases.ServiceCreationComprehensiveTestCases@535b8c24] output=Exception while scroll to view of element: ]]]>
              </value>
            </param>
          </params>
          <reporter-output>
          </reporter-output>
        </test-method> <!-- getResult -->
        <test-method is-config="true" signature="tearDown()[pri:0, instance:com.buildpiper.testcases.ServiceCreationComprehensiveTestCases@535b8c24]" started-at="2024-03-04T12:11:34 IST" name="tearDown" finished-at="2024-03-04T12:11:34 IST" duration-ms="0" status="PASS">
          <reporter-output>
          </reporter-output>
        </test-method> <!-- tearDown -->
      </class> <!-- com.buildpiper.testcases.ServiceCreationComprehensiveTestCases -->
    </test> <!-- Default test -->
  </suite> <!-- Default suite -->
</testng-results>
