<?xml version="1.0" encoding="UTF-8"?>
<!-- Generated by org.testng.reporters.JUnitReportReporter -->
<testsuite hostname="DESKTOP-PTF1H2O" failures="0" tests="1" name="com.buildpiper.testcases.ServiceCreationComprehensiveTestCases" time="90.088" errors="1" timestamp="2024-03-04T12:11:34 IST" skipped="0">
  <testcase classname="com.buildpiper.testcases.ServiceCreationComprehensiveTestCases" name="serviceOverview_CreateServiceManifest" time="90.088">
    <error message="Index 0 out of bounds for length 0" type="java.lang.IndexOutOfBoundsException">
      <![CDATA[java.lang.IndexOutOfBoundsException: Index 0 out of bounds for length 0
at java.base/jdk.internal.util.Preconditions.outOfBounds(Preconditions.java:100)
at java.base/jdk.internal.util.Preconditions.outOfBoundsCheckIndex(Preconditions.java:106)
at java.base/jdk.internal.util.Preconditions.checkIndex(Preconditions.java:302)
at java.base/java.util.Objects.checkIndex(Objects.java:385)
at java.base/java.util.ArrayList.get(ArrayList.java:427)
at java.base/jdk.internal.reflect.DirectMethodHandleAccessor.invoke(DirectMethodHandleAccessor.java:104)
at java.base/java.lang.reflect.Method.invoke(Method.java:578)
at org.openqa.selenium.support.pagefactory.internal.LocatingElementListHandler.invoke(LocatingElementListHandler.java:39)
at jdk.proxy2/jdk.proxy2.$Proxy27.get(Unknown Source)
at com.buildpiper.pages.ServiceCreationPage.buildAndValidateService(ServiceCreationPage.java:300)
at com.buildpiper.testcases.ServiceCreationComprehensiveTestCases.serviceOverview_CreateServiceManifest(ServiceCreationComprehensiveTestCases.java:415)
at java.base/jdk.internal.reflect.DirectMethodHandleAccessor.invoke(DirectMethodHandleAccessor.java:104)
at java.base/java.lang.reflect.Method.invoke(Method.java:578)
at org.testng.internal.MethodInvocationHelper.invokeMethod(MethodInvocationHelper.java:134)
at org.testng.internal.TestInvoker.invokeMethod(TestInvoker.java:597)
at org.testng.internal.TestInvoker.invokeTestMethod(TestInvoker.java:173)
at org.testng.internal.MethodRunner.runInSequence(MethodRunner.java:46)
at org.testng.internal.TestInvoker$MethodInvocationAgent.invoke(TestInvoker.java:816)
at org.testng.internal.TestInvoker.invokeTestMethods(TestInvoker.java:146)
at org.testng.internal.TestMethodWorker.invokeTestMethods(TestMethodWorker.java:146)
at org.testng.internal.TestMethodWorker.run(TestMethodWorker.java:128)
at java.base/java.util.ArrayList.forEach(ArrayList.java:1511)
at org.testng.TestRunner.privateRun(TestRunner.java:766)
at org.testng.TestRunner.run(TestRunner.java:587)
at org.testng.SuiteRunner.runTest(SuiteRunner.java:384)
at org.testng.SuiteRunner.runSequentially(SuiteRunner.java:378)
at org.testng.SuiteRunner.privateRun(SuiteRunner.java:337)
at org.testng.SuiteRunner.run(SuiteRunner.java:286)
at org.testng.SuiteRunnerWorker.runSuite(SuiteRunnerWorker.java:53)
at org.testng.SuiteRunnerWorker.run(SuiteRunnerWorker.java:96)
at org.testng.TestNG.runSuitesSequentially(TestNG.java:1187)
at org.testng.TestNG.runSuitesLocally(TestNG.java:1109)
at org.testng.TestNG.runSuites(TestNG.java:1039)
at org.testng.TestNG.run(TestNG.java:1007)
at org.testng.remote.AbstractRemoteTestNG.run(AbstractRemoteTestNG.java:115)
at org.testng.remote.RemoteTestNG.initAndRun(RemoteTestNG.java:251)
at org.testng.remote.RemoteTestNG.main(RemoteTestNG.java:77)
]]>
    </error>
  </testcase> <!-- serviceOverview_CreateServiceManifest -->
  <system-out>
Exception while scroll to view of element:  Exception while scroll to view of element:   Element :Proxy element for: DefaultElementLocator 'By.xpath: //div[@aria-controls='simple-menu']//div//div[2]//p' is not clickable using javaScript  Element :Proxy element for: DefaultElementLocator 'By.xpath: //div[@aria-controls='simple-menu']//div//div[2]//p' is not clickable using selenium click <img src=D:\BuildPiper3.2_Rahul\Reports\04Mar_121002\serviceOverview_CreateServiceManifest_chrome\serviceOverview_CreateServiceManifest_chrome_64_Mar_121055.jpg alt='Lamp' width='500' height='400'> Clicking on element userMenuAppBar <img src=D:\BuildPiper3.2_Rahul\Reports\04Mar_121002\serviceOverview_CreateServiceManifest_chrome\serviceOverview_CreateServiceManifest_chrome_64_Mar_121055.jpg alt='Lamp' width='500' height='400'> Exception while scroll to view of element:  Exception while scroll to view of element:   Element :Proxy element for: DefaultElementLocator 'By.xpath: //p[@class='inactive-portal cursor-pointer']' is not clickable using javaScript  Element :Proxy element for: DefaultElementLocator 'By.xpath: //p[@class='inactive-portal cursor-pointer']' is not clickable using selenium click <img src=D:\BuildPiper3.2_Rahul\Reports\04Mar_121002\serviceOverview_CreateServiceManifest_chrome\serviceOverview_CreateServiceManifest_chrome_64_Mar_121126.jpg alt='Lamp' width='500' height='400'> Clicking on element switching to user account <img src=D:\BuildPiper3.2_Rahul\Reports\04Mar_121002\serviceOverview_CreateServiceManifest_chrome\serviceOverview_CreateServiceManifest_chrome_64_Mar_121127.jpg alt='Lamp' width='500' height='400'> Result upload to testlink is disabled, Please ensure you have 'UpdateTestLink=Yes' in project.properties  ####### End of Test Case: serviceOverview_CreateServiceManifest #######  </system-out>
</testsuite> <!-- com.buildpiper.testcases.ServiceCreationComprehensiveTestCases -->
