<?xml version="1.0" encoding="UTF-8"?>
<!-- Generated by org.testng.reporters.JUnitReportReporter -->
<testsuite hostname="DESKTOP-PTF1H2O" failures="0" tests="2" name="com.buildpiper.testcases.JobExecutionActivityTestcases" time="218.028" errors="1" timestamp="2024-02-05T21:56:11 IST" skipped="0">
  <testcase classname="com.buildpiper.testcases.JobExecutionActivityTestcases" name="ActivityFilterby_Status" time="109.798">
    <error message="no such element: Unable to locate element: {&quot;method&quot;:&quot;xpath&quot;,&quot;selector&quot;:&quot;//button[@class=&#039;MuiButtonBase-root MuiIconButton-root&#039;]//span[text()=&#039;More&#039;]&quot;}
  (Session info: chrome=121.0.6167.140)
For documentation on this error, please visit: https://www.seleniumhq.org/exceptions/no_such_element.html
Build info: version: &#039;3.141.59&#039;, revision: &#039;e82be7d358&#039;, time: &#039;2018-11-14T08:17:03&#039;
System info: host: &#039;DESKTOP-PTF1H2O&#039;, ip: &#039;192.168.1.9&#039;, os.name: &#039;Windows 10&#039;, os.arch: &#039;amd64&#039;, os.version: &#039;10.0&#039;, java.version: &#039;19.0.1&#039;
Driver info: org.openqa.selenium.chrome.ChromeDriver
Capabilities {acceptInsecureCerts: false, browserName: chrome, browserVersion: 121.0.6167.140, chrome: {chromedriverVersion: 121.0.6167.85 (3f98d690ad7e..., userDataDir: C:\Users\Rahul\AppData\Loca...}, fedcm:accounts: true, goog:chromeOptions: {debuggerAddress: localhost:55372}, javascriptEnabled: true, networkConnectionEnabled: false, pageLoadStrategy: normal, platform: WINDOWS, platformName: WINDOWS, proxy: Proxy(), setWindowRect: true, strictFileInteractability: false, timeouts: {implicit: 0, pageLoad: 300000, script: 30000}, unhandledPromptBehavior: dismiss and notify, webauthn:extension:credBlob: true, webauthn:extension:largeBlob: true, webauthn:extension:minPinLength: true, webauthn:extension:prf: true, webauthn:virtualAuthenticators: true}
Session ID: b2b2c8bb20c579dc41c5c539aa786464
*** Element info: {Using=xpath, value=//button[@class=&#039;MuiButtonBase-root MuiIconButton-root&#039;]//span[text()=&#039;More&#039;]}" type="org.openqa.selenium.NoSuchElementException">
      <![CDATA[org.openqa.selenium.NoSuchElementException: no such element: Unable to locate element: {"method":"xpath","selector":"//button[@class='MuiButtonBase-root MuiIconButton-root']//span[text()='More']"}
  (Session info: chrome=121.0.6167.140)
For documentation on this error, please visit: https://www.seleniumhq.org/exceptions/no_such_element.html
Build info: version: '3.141.59', revision: 'e82be7d358', time: '2018-11-14T08:17:03'
System info: host: 'DESKTOP-PTF1H2O', ip: '192.168.1.9', os.name: 'Windows 10', os.arch: 'amd64', os.version: '10.0', java.version: '19.0.1'
Driver info: org.openqa.selenium.chrome.ChromeDriver
Capabilities {acceptInsecureCerts: false, browserName: chrome, browserVersion: 121.0.6167.140, chrome: {chromedriverVersion: 121.0.6167.85 (3f98d690ad7e..., userDataDir: C:\Users\Rahul\AppData\Loca...}, fedcm:accounts: true, goog:chromeOptions: {debuggerAddress: localhost:55372}, javascriptEnabled: true, networkConnectionEnabled: false, pageLoadStrategy: normal, platform: WINDOWS, platformName: WINDOWS, proxy: Proxy(), setWindowRect: true, strictFileInteractability: false, timeouts: {implicit: 0, pageLoad: 300000, script: 30000}, unhandledPromptBehavior: dismiss and notify, webauthn:extension:credBlob: true, webauthn:extension:largeBlob: true, webauthn:extension:minPinLength: true, webauthn:extension:prf: true, webauthn:virtualAuthenticators: true}
Session ID: b2b2c8bb20c579dc41c5c539aa786464
*** Element info: {Using=xpath, value=//button[@class='MuiButtonBase-root MuiIconButton-root']//span[text()='More']}
at java.base/jdk.internal.reflect.DirectConstructorHandleAccessor.newInstance(DirectConstructorHandleAccessor.java:67)
at java.base/java.lang.reflect.Constructor.newInstanceWithCaller(Constructor.java:500)
at java.base/java.lang.reflect.Constructor.newInstance(Constructor.java:484)
at org.openqa.selenium.remote.http.W3CHttpResponseCodec.createException(W3CHttpResponseCodec.java:187)
at org.openqa.selenium.remote.http.W3CHttpResponseCodec.decode(W3CHttpResponseCodec.java:122)
at org.openqa.selenium.remote.http.W3CHttpResponseCodec.decode(W3CHttpResponseCodec.java:49)
at org.openqa.selenium.remote.HttpCommandExecutor.execute(HttpCommandExecutor.java:158)
at org.openqa.selenium.remote.service.DriverCommandExecutor.execute(DriverCommandExecutor.java:83)
at org.openqa.selenium.remote.RemoteWebDriver.execute(RemoteWebDriver.java:552)
at org.openqa.selenium.remote.RemoteWebDriver.findElement(RemoteWebDriver.java:323)
at org.openqa.selenium.remote.RemoteWebDriver.findElementByXPath(RemoteWebDriver.java:428)
at org.openqa.selenium.By$ByXPath.findElement(By.java:353)
at org.openqa.selenium.remote.RemoteWebDriver.findElement(RemoteWebDriver.java:315)
at org.openqa.selenium.support.pagefactory.DefaultElementLocator.findElement(DefaultElementLocator.java:69)
at org.openqa.selenium.support.pagefactory.internal.LocatingElementHandler.invoke(LocatingElementHandler.java:38)
at jdk.proxy2/jdk.proxy2.$Proxy26.isDisplayed(Unknown Source)
at com.buildpiper.capabilities.UICapability.ui_IsElementDisplay(UICapability.java:190)
at com.buildpiper.base.Capability.ui_IsElementDisplay(Capability.java:265)
at com.buildpiper.pages.JobExecutionActivity.SelectStatus_MoreDropdown(JobExecutionActivity.java:241)
at com.buildpiper.pages.JobExecutionActivity.ActivityFilterby_Status(JobExecutionActivity.java:278)
at com.buildpiper.testcases.JobExecutionActivityTestcases.ActivityFilterby_Status(JobExecutionActivityTestcases.java:69)
at java.base/jdk.internal.reflect.DirectMethodHandleAccessor.invoke(DirectMethodHandleAccessor.java:104)
at java.base/java.lang.reflect.Method.invoke(Method.java:578)
at org.testng.internal.MethodInvocationHelper.invokeMethod(MethodInvocationHelper.java:134)
at org.testng.internal.TestInvoker.invokeMethod(TestInvoker.java:597)
at org.testng.internal.TestInvoker.invokeTestMethod(TestInvoker.java:173)
at org.testng.internal.MethodRunner.runInSequence(MethodRunner.java:46)
at org.testng.internal.TestInvoker$MethodInvocationAgent.invoke(TestInvoker.java:816)
at org.testng.internal.TestInvoker.invokeTestMethods(TestInvoker.java:146)
at org.testng.internal.TestMethodWorker.invokeTestMethods(TestMethodWorker.java:146)
at org.testng.internal.TestMethodWorker.run(TestMethodWorker.java:128)
at java.base/java.util.ArrayList.forEach(ArrayList.java:1511)
at org.testng.TestRunner.privateRun(TestRunner.java:766)
at org.testng.TestRunner.run(TestRunner.java:587)
at org.testng.SuiteRunner.runTest(SuiteRunner.java:384)
at org.testng.SuiteRunner.runSequentially(SuiteRunner.java:378)
at org.testng.SuiteRunner.privateRun(SuiteRunner.java:337)
at org.testng.SuiteRunner.run(SuiteRunner.java:286)
at org.testng.SuiteRunnerWorker.runSuite(SuiteRunnerWorker.java:53)
at org.testng.SuiteRunnerWorker.run(SuiteRunnerWorker.java:96)
at org.testng.TestNG.runSuitesSequentially(TestNG.java:1187)
at org.testng.TestNG.runSuitesLocally(TestNG.java:1109)
at org.testng.TestNG.runSuites(TestNG.java:1039)
at org.testng.TestNG.run(TestNG.java:1007)
at org.testng.remote.AbstractRemoteTestNG.run(AbstractRemoteTestNG.java:115)
at org.testng.remote.RemoteTestNG.initAndRun(RemoteTestNG.java:251)
at org.testng.remote.RemoteTestNG.main(RemoteTestNG.java:77)
]]>
    </error>
  </testcase> <!-- ActivityFilterby_Status -->
  <system-out>
Exception while scroll to view of element:  Exception while scroll to view of element:   Element :Proxy element for: DefaultElementLocator 'By.xpath: //div[@aria-controls='simple-menu']//div//div[2]//p' is not clickable using javaScript  Element :Proxy element for: DefaultElementLocator 'By.xpath: //div[@aria-controls='simple-menu']//div//div[2]//p' is not clickable using selenium click <img src=D:\BuildPiper3.2_Rahul\Reports\05Feb_211215\ActivityFilterby_Status_chrome\ActivityFilterby_Status_chrome_36_Feb_215201.jpg alt='Lamp' width='500' height='400'> Clicking on element userMenuAppBar <img src=D:\BuildPiper3.2_Rahul\Reports\05Feb_211215\ActivityFilterby_Status_chrome\ActivityFilterby_Status_chrome_36_Feb_215202.jpg alt='Lamp' width='500' height='400'>  Element :[[ChromeDriver: chrome on WINDOWS (b2b2c8bb20c579dc41c5c539aa786464)] -> xpath: //span[text()='Job Execution History']] is not clickable using selenium click <img src=D:\BuildPiper3.2_Rahul\Reports\05Feb_211215\ActivityFilterby_Status_chrome\ActivityFilterby_Status_chrome_36_Feb_215232.jpg alt='Lamp' width='500' height='400'> Clicking on element select Job Execution Activity Menu <img src=D:\BuildPiper3.2_Rahul\Reports\05Feb_211215\ActivityFilterby_Status_chrome\ActivityFilterby_Status_chrome_36_Feb_215232.jpg alt='Lamp' width='500' height='400'> ####### End of Test Case: ActivityFilterby_Status #######  </system-out>
  <testcase classname="com.buildpiper.testcases.JobExecutionActivityTestcases" name="PaginationCheck" time="108.230"/>
  <system-out>
Exception while scroll to view of element:  Exception while scroll to view of element:   Element :Proxy element for: DefaultElementLocator 'By.xpath: //div[@aria-controls='simple-menu']//div//div[2]//p' is not clickable using javaScript  Element :Proxy element for: DefaultElementLocator 'By.xpath: //div[@aria-controls='simple-menu']//div//div[2]//p' is not clickable using selenium click <img src=D:\BuildPiper3.2_Rahul\Reports\05Feb_211215\PaginationCheck_chrome\PaginationCheck_chrome_36_Feb_215351.jpg alt='Lamp' width='500' height='400'> Clicking on element userMenuAppBar <img src=D:\BuildPiper3.2_Rahul\Reports\05Feb_211215\PaginationCheck_chrome\PaginationCheck_chrome_36_Feb_215351.jpg alt='Lamp' width='500' height='400'>  Element :[[ChromeDriver: chrome on WINDOWS (528d7ad48b03e38e3b5898e77eca3c3c)] -> xpath: //span[text()='Job Execution History']] is not clickable using selenium click <img src=D:\BuildPiper3.2_Rahul\Reports\05Feb_211215\PaginationCheck_chrome\PaginationCheck_chrome_36_Feb_215422.jpg alt='Lamp' width='500' height='400'> Clicking on element select Job Execution Activity Menu <img src=D:\BuildPiper3.2_Rahul\Reports\05Feb_211215\PaginationCheck_chrome\PaginationCheck_chrome_36_Feb_215422.jpg alt='Lamp' width='500' height='400'> Element is present :[[ChromeDriver: chrome on WINDOWS (528d7ad48b03e38e3b5898e77eca3c3c)] -> xpath: //button[contains(@class,'btn btn-with-icon pagination-btn btn-not-allowed btn-round cursor-not-allowed text-grey-')]] <img src=D:\BuildPiper3.2_Rahul\Reports\05Feb_211215\PaginationCheck_chrome\PaginationCheck_chrome_36_Feb_215427.jpg alt='Lamp' width='500' height='400'> Element is present :[[ChromeDriver: chrome on WINDOWS (528d7ad48b03e38e3b5898e77eca3c3c)] -> xpath: //input[@name='page_number']] <img src=D:\BuildPiper3.2_Rahul\Reports\05Feb_211215\PaginationCheck_chrome\PaginationCheck_chrome_36_Feb_215433.jpg alt='Lamp' width='500' height='400'> Element is present :[[ChromeDriver: chrome on WINDOWS (528d7ad48b03e38e3b5898e77eca3c3c)] -> xpath: //button[contains(@class,'btn btn-with-icon pagination-btn btn-not-allowed btn-round cursor-not-allowed text-grey-')]] <img src=D:\BuildPiper3.2_Rahul\Reports\05Feb_211215\PaginationCheck_chrome\PaginationCheck_chrome_36_Feb_215449.jpg alt='Lamp' width='500' height='400'> ####### End of Test Case: PaginationCheck #######  </system-out>
</testsuite> <!-- com.buildpiper.testcases.JobExecutionActivityTestcases -->
