<html>
<head>
<title>TestNG:  RegressionSuite</title>
<link href="../testng.css" rel="stylesheet" type="text/css" />
<link href="../my-testng.css" rel="stylesheet" type="text/css" />

<style type="text/css">
.log { display: none;} 
.stack-trace { display: none;} 
</style>
<script type="text/javascript">
<!--
function flip(e) {
  current = e.style.display;
  if (current == 'block') {
    e.style.display = 'none';
    return 0;
  }
  else {
    e.style.display = 'block';
    return 1;
  }
}

function toggleBox(szDivId, elem, msg1, msg2)
{
  var res = -1;  if (document.getElementById) {
    res = flip(document.getElementById(szDivId));
  }
  else if (document.all) {
    // this is the way old msie versions work
    res = flip(document.all[szDivId]);
  }
  if(elem) {
    if(res == 0) elem.innerHTML = msg1; else elem.innerHTML = msg2;
  }

}

function toggleAllBoxes() {
  if (document.getElementsByTagName) {
    d = document.getElementsByTagName('div');
    for (i = 0; i < d.length; i++) {
      if (d[i].className == 'log') {
        flip(d[i]);
      }
    }
  }
}

// -->
</script>

</head>
<body>
<h2 align='center'>RegressionSuite</h2><table border='1' align="center">
<tr>
<td>Tests passed/Failed/Skipped:</td><td>5/4/0</td>
</tr><tr>
<td>Started on:</td><td>Thu Feb 15 21:15:59 IST 2024</td>
</tr>
<tr><td>Total time:</td><td>2697 seconds (2697024 ms)</td>
</tr><tr>
<td>Included groups:</td><td></td>
</tr><tr>
<td>Excluded groups:</td><td></td>
</tr>
</table><p/>
<small><i>(Hover the method name to see the test class name)</i></small><p/>
<table width='100%' border='1' class='invocation-failed'>
<tr><td colspan='4' align='center'><b>FAILED TESTS</b></td></tr>
<tr><td><b>Test method</b></td>
<td width="30%"><b>Exception</b></td>
<td width="10%"><b>Time (seconds)</b></td>
<td><b>Instance</b></td>
</tr>
<tr>
<td title='com.buildpiper.testcases.EnvironmentTestcasesExecution.CreateEnvironmentwithSecret()'><b>CreateEnvironmentwithSecret</b><br>Test class: com.buildpiper.testcases.EnvironmentTestcasesExecution<br/>
<a href="#Output-1960632044" onClick='toggleBox("Output-1960632044", this, "Show output", "Hide output");'>Show output</a>

<a href="#Output-1960632044" onClick="toggleAllBoxes();">Show all outputs</a>
<div class='log' id="Output-1960632044">
Exception while scroll to view of element: <br/>
Exception while scroll to view of element: <br/>
 Element :Proxy element for: DefaultElementLocator 'By.xpath: //div[@aria-controls='simple-menu']//div//div[2]//p' is not clickable using javaScript<br/>
 Element :Proxy element for: DefaultElementLocator 'By.xpath: //div[@aria-controls='simple-menu']//div//div[2]//p' is not clickable using selenium click<br/>
<img src=D:\BuildPiper3.2_Rahul\Reports\15Feb_211558\CreateEnvironmentwithSecret_chrome\CreateEnvironmentwithSecret_chrome_46_Feb_213833.jpg alt='Lamp' width='500' height='400'><br/>
Clicking on element userMenuAppBar<br/>
<img src=D:\BuildPiper3.2_Rahul\Reports\15Feb_211558\CreateEnvironmentwithSecret_chrome\CreateEnvironmentwithSecret_chrome_46_Feb_213833.jpg alt='Lamp' width='500' height='400'><br/>
 Element :Proxy element for: DefaultElementLocator 'By.xpath: //p[@class='inactive-portal cursor-pointer']' is not clickable using selenium click<br/>
<img src=D:\BuildPiper3.2_Rahul\Reports\15Feb_211558\CreateEnvironmentwithSecret_chrome\CreateEnvironmentwithSecret_chrome_46_Feb_213904.jpg alt='Lamp' width='500' height='400'><br/>
Clicking on element switching to user account<br/>
<img src=D:\BuildPiper3.2_Rahul\Reports\15Feb_211558\CreateEnvironmentwithSecret_chrome\CreateEnvironmentwithSecret_chrome_46_Feb_213904.jpg alt='Lamp' width='500' height='400'><br/>
Element is present :[[ChromeDriver: chrome on WINDOWS (18c9023a6dac69d9cd943671765dedb3)] -> xpath: //li//button[contains(@class,'app-cluster-button')]//span[@title]]<br/>
<img src=D:\BuildPiper3.2_Rahul\Reports\15Feb_211558\CreateEnvironmentwithSecret_chrome\CreateEnvironmentwithSecret_chrome_46_Feb_213909.jpg alt='Lamp' width='500' height='400'><br/>
Element is present :[[ChromeDriver: chrome on WINDOWS (18c9023a6dac69d9cd943671765dedb3)] -> xpath: //button[@class='app-cluster-button selected-border selected-shadow']/..//div//a[contains(.,'Environment Overview')]]<br/>
<img src=D:\BuildPiper3.2_Rahul\Reports\15Feb_211558\CreateEnvironmentwithSecret_chrome\CreateEnvironmentwithSecret_chrome_46_Feb_213914.jpg alt='Lamp' width='500' height='400'><br/>
Clicking on element clicks on environment overview tab under applicartion name<br/>
<img src=D:\BuildPiper3.2_Rahul\Reports\15Feb_211558\CreateEnvironmentwithSecret_chrome\CreateEnvironmentwithSecret_chrome_46_Feb_213915.jpg alt='Lamp' width='500' height='400'><br/>
Element is present :[[ChromeDriver: chrome on WINDOWS (18c9023a6dac69d9cd943671765dedb3)] -> xpath: //a[text()='New Environment']]<br/>
<img src=D:\BuildPiper3.2_Rahul\Reports\15Feb_211558\CreateEnvironmentwithSecret_chrome\CreateEnvironmentwithSecret_chrome_46_Feb_213915.jpg alt='Lamp' width='500' height='400'><br/>
Clicking on element clicks on add new environment button<br/>
<img src=D:\BuildPiper3.2_Rahul\Reports\15Feb_211558\CreateEnvironmentwithSecret_chrome\CreateEnvironmentwithSecret_chrome_46_Feb_213915.jpg alt='Lamp' width='500' height='400'><br/>
Element is present :[[ChromeDriver: chrome on WINDOWS (18c9023a6dac69d9cd943671765dedb3)] -> xpath: //input[@placeholder='Environment Name']]<br/>
<img src=D:\BuildPiper3.2_Rahul\Reports\15Feb_211558\CreateEnvironmentwithSecret_chrome\CreateEnvironmentwithSecret_chrome_46_Feb_213916.jpg alt='Lamp' width='500' height='400'><br/>
Setting value on element <br/>
<img src=D:\BuildPiper3.2_Rahul\Reports\15Feb_211558\CreateEnvironmentwithSecret_chrome\CreateEnvironmentwithSecret_chrome_46_Feb_213916.jpg alt='Lamp' width='500' height='400'><br/>
Element is present :[[ChromeDriver: chrome on WINDOWS (18c9023a6dac69d9cd943671765dedb3)] -> xpath: //button[@class='btn btn-submit']]<br/>
<img src=D:\BuildPiper3.2_Rahul\Reports\15Feb_211558\CreateEnvironmentwithSecret_chrome\CreateEnvironmentwithSecret_chrome_46_Feb_213932.jpg alt='Lamp' width='500' height='400'><br/>
 Element :Proxy element for: DefaultElementLocator 'By.xpath: //button[@class='btn btn-submit']' is not clickable using selenium click<br/>
<img src=D:\BuildPiper3.2_Rahul\Reports\15Feb_211558\CreateEnvironmentwithSecret_chrome\CreateEnvironmentwithSecret_chrome_46_Feb_213933.jpg alt='Lamp' width='500' height='400'><br/>
Clicking on element user clicks save button<br/>
<img src=D:\BuildPiper3.2_Rahul\Reports\15Feb_211558\CreateEnvironmentwithSecret_chrome\CreateEnvironmentwithSecret_chrome_46_Feb_213933.jpg alt='Lamp' width='500' height='400'><br/>
Clicking on element First Hyperlink Clicked<br/>
<img src=D:\BuildPiper3.2_Rahul\Reports\15Feb_211558\CreateEnvironmentwithSecret_chrome\CreateEnvironmentwithSecret_chrome_46_Feb_213952.jpg alt='Lamp' width='500' height='400'><br/>
Clicking on element envSecretsTab<br/>
<img src=D:\BuildPiper3.2_Rahul\Reports\15Feb_211558\CreateEnvironmentwithSecret_chrome\CreateEnvironmentwithSecret_chrome_46_Feb_213954.jpg alt='Lamp' width='500' height='400'><br/>
Clicking on element switchtoBPmanaged ConfigMaps<br/>
<img src=D:\BuildPiper3.2_Rahul\Reports\15Feb_211558\CreateEnvironmentwithSecret_chrome\CreateEnvironmentwithSecret_chrome_46_Feb_213956.jpg alt='Lamp' width='500' height='400'><br/>
Clicking on element addConfigMaps BPmanagedConfig<br/>
<img src=D:\BuildPiper3.2_Rahul\Reports\15Feb_211558\CreateEnvironmentwithSecret_chrome\CreateEnvironmentwithSecret_chrome_46_Feb_213958.jpg alt='Lamp' width='500' height='400'><br/>
Setting value on element configName<br/>
<img src=D:\BuildPiper3.2_Rahul\Reports\15Feb_211558\CreateEnvironmentwithSecret_chrome\CreateEnvironmentwithSecret_chrome_46_Feb_214001.jpg alt='Lamp' width='500' height='400'><br/>
Clicking on element uploadCustomManifest_BPmanagedConfig<br/>
<img src=D:\BuildPiper3.2_Rahul\Reports\15Feb_211558\CreateEnvironmentwithSecret_chrome\CreateEnvironmentwithSecret_chrome_46_Feb_214004.jpg alt='Lamp' width='500' height='400'><br/>
Clicking on element uploadCustomManifest_GitURL<br/>
<img src=D:\BuildPiper3.2_Rahul\Reports\15Feb_211558\CreateEnvironmentwithSecret_chrome\CreateEnvironmentwithSecret_chrome_46_Feb_214007.jpg alt='Lamp' width='500' height='400'><br/>
 Element :[[ChromeDriver: chrome on WINDOWS (18c9023a6dac69d9cd943671765dedb3)] -> xpath: //button[@title='Clear']] is not clickable using selenium click<br/>
<img src=D:\BuildPiper3.2_Rahul\Reports\15Feb_211558\CreateEnvironmentwithSecret_chrome\CreateEnvironmentwithSecret_chrome_46_Feb_214039.jpg alt='Lamp' width='500' height='400'><br/>
Clicking on element ClicksclearField<br/>
<img src=D:\BuildPiper3.2_Rahul\Reports\15Feb_211558\CreateEnvironmentwithSecret_chrome\CreateEnvironmentwithSecret_chrome_46_Feb_214039.jpg alt='Lamp' width='500' height='400'><br/>
Element is present :[[ChromeDriver: chrome on WINDOWS (18c9023a6dac69d9cd943671765dedb3)] -> xpath: //*[text()='Load Branches']]<br/>
<img src=D:\BuildPiper3.2_Rahul\Reports\15Feb_211558\CreateEnvironmentwithSecret_chrome\CreateEnvironmentwithSecret_chrome_46_Feb_214049.jpg alt='Lamp' width='500' height='400'><br/>
Clicking on element Poc_QA loadBranchesBtn<br/>
<img src=D:\BuildPiper3.2_Rahul\Reports\15Feb_211558\CreateEnvironmentwithSecret_chrome\CreateEnvironmentwithSecret_chrome_46_Feb_214049.jpg alt='Lamp' width='500' height='400'><br/>
Element is present :[[ChromeDriver: chrome on WINDOWS (18c9023a6dac69d9cd943671765dedb3)] -> xpath: //button[contains(text(),'Save & Deploy')]]<br/>
<img src=D:\BuildPiper3.2_Rahul\Reports\15Feb_211558\CreateEnvironmentwithSecret_chrome\CreateEnvironmentwithSecret_chrome_46_Feb_214123.jpg alt='Lamp' width='500' height='400'><br/>
Clicking on element saveandDeploy Environment<br/>
<img src=D:\BuildPiper3.2_Rahul\Reports\15Feb_211558\CreateEnvironmentwithSecret_chrome\CreateEnvironmentwithSecret_chrome_46_Feb_214123.jpg alt='Lamp' width='500' height='400'><br/>
####### End of Test Case: CreateEnvironmentwithSecret #######<br/>
</div>
</td>
<td><div><pre>org.openqa.selenium.NoSuchElementException: no such element: Unable to locate element: {&quot;method&quot;:&quot;xpath&quot;,&quot;selector&quot;:&quot;//div[text()=&apos;Namespace Secret deployed successfully!&apos;]&quot;}
  (Session info: chrome=121.0.6167.162)
For documentation on this error, please visit: https://www.seleniumhq.org/exceptions/no_such_element.html
Build info: version: &apos;3.141.59&apos;, revision: &apos;e82be7d358&apos;, time: &apos;2018-11-14T08:17:03&apos;
System info: host: &apos;DESKTOP-PTF1H2O&apos;, ip: &apos;192.168.1.8&apos;, os.name: &apos;Windows 10&apos;, os.arch: &apos;amd64&apos;, os.version: &apos;10.0&apos;, java.version: &apos;19.0.1&apos;
Driver info: org.openqa.selenium.chrome.ChromeDriver
Capabilities {acceptInsecureCerts: false, browserName: chrome, browserVersion: 121.0.6167.162, chrome: {chromedriverVersion: 121.0.6167.85 (3f98d690ad7e..., userDataDir: C:\Users\Rahul\AppData\Loca...}, fedcm:accounts: true, goog:chromeOptions: {debuggerAddress: localhost:60496}, javascriptEnabled: true, networkConnectionEnabled: false, pageLoadStrategy: normal, platform: WINDOWS, platformName: WINDOWS, proxy: Proxy(), setWindowRect: true, strictFileInteractability: false, timeouts: {implicit: 0, pageLoad: 300000, script: 30000}, unhandledPromptBehavior: dismiss and notify, webauthn:extension:credBlob: true, webauthn:extension:largeBlob: true, webauthn:extension:minPinLength: true, webauthn:extension:prf: true, webauthn:virtualAuthenticators: true}
Session ID: 18c9023a6dac69d9cd943671765dedb3
*** Element info: {Using=xpath, value=//div[text()=&apos;Namespace Secret deployed successfully!&apos;]}
	at org.openqa.selenium.remote.http.W3CHttpResponseCodec.createException(W3CHttpResponseCodec.java:187)
	at org.openqa.selenium.remote.http.W3CHttpResponseCodec.decode(W3CHttpResponseCodec.java:122)
	at org.openqa.selenium.remote.http.W3CHttpResponseCodec.decode(W3CHttpResponseCodec.java:49)
	at org.openqa.selenium.remote.HttpCommandExecutor.execute(HttpCommandExecutor.java:158)
	at org.openqa.selenium.remote.service.DriverCommandExecutor.execute(DriverCommandExecutor.java:83)
	at org.openqa.selenium.remote.RemoteWebDriver.execute(RemoteWebDriver.java:552)
	at org.openqa.selenium.remote.RemoteWebDriver.findElement(RemoteWebDriver.java:323)
	at org.openqa.selenium.remote.RemoteWebDriver.findElementByXPath(RemoteWebDriver.java:428)
	at org.openqa.selenium.By$ByXPath.findElement(By.java:353)
	at org.openqa.selenium.remote.RemoteWebDriver.findElement(RemoteWebDriver.java:315)
	at org.openqa.selenium.support.pagefactory.DefaultElementLocator.findElement(DefaultElementLocator.java:69)
	at org.openqa.selenium.support.pagefactory.internal.LocatingElementHandler.invoke(LocatingElementHandler.java:38)
	at jdk.proxy2/jdk.proxy2.$Proxy26.isDisplayed(Unknown Source)
	at com.buildpiper.capabilities.UICapability.ui_IsElementDisplay(UICapability.java:190)
	at com.buildpiper.base.Capability.ui_IsElementDisplay(Capability.java:265)
	at com.buildpiper.pages.EnvironmentCreationPage.CreateEnvironmentwithSecret(EnvironmentCreationPage.java:1562)
	at com.buildpiper.testcases.EnvironmentTestcasesExecution.CreateEnvironmentwithSecret(EnvironmentTestcasesExecution.java:115)
	at java.base/java.util.ArrayList.forEach(ArrayList.java:1511)
... Removed 28 stack frames</pre></div><a href='#' onClick='toggleBox("stack-trace1960632044", this, "Click to show all stack frames", "Click to hide stack frames")'>Click to show all stack frames</a>
<div class='stack-trace' id='stack-trace1960632044'><pre>org.openqa.selenium.NoSuchElementException: no such element: Unable to locate element: {&quot;method&quot;:&quot;xpath&quot;,&quot;selector&quot;:&quot;//div[text()=&apos;Namespace Secret deployed successfully!&apos;]&quot;}
  (Session info: chrome=121.0.6167.162)
For documentation on this error, please visit: https://www.seleniumhq.org/exceptions/no_such_element.html
Build info: version: &apos;3.141.59&apos;, revision: &apos;e82be7d358&apos;, time: &apos;2018-11-14T08:17:03&apos;
System info: host: &apos;DESKTOP-PTF1H2O&apos;, ip: &apos;192.168.1.8&apos;, os.name: &apos;Windows 10&apos;, os.arch: &apos;amd64&apos;, os.version: &apos;10.0&apos;, java.version: &apos;19.0.1&apos;
Driver info: org.openqa.selenium.chrome.ChromeDriver
Capabilities {acceptInsecureCerts: false, browserName: chrome, browserVersion: 121.0.6167.162, chrome: {chromedriverVersion: 121.0.6167.85 (3f98d690ad7e..., userDataDir: C:\Users\Rahul\AppData\Loca...}, fedcm:accounts: true, goog:chromeOptions: {debuggerAddress: localhost:60496}, javascriptEnabled: true, networkConnectionEnabled: false, pageLoadStrategy: normal, platform: WINDOWS, platformName: WINDOWS, proxy: Proxy(), setWindowRect: true, strictFileInteractability: false, timeouts: {implicit: 0, pageLoad: 300000, script: 30000}, unhandledPromptBehavior: dismiss and notify, webauthn:extension:credBlob: true, webauthn:extension:largeBlob: true, webauthn:extension:minPinLength: true, webauthn:extension:prf: true, webauthn:virtualAuthenticators: true}
Session ID: 18c9023a6dac69d9cd943671765dedb3
*** Element info: {Using=xpath, value=//div[text()=&apos;Namespace Secret deployed successfully!&apos;]}
	at java.base/jdk.internal.reflect.DirectConstructorHandleAccessor.newInstance(DirectConstructorHandleAccessor.java:67)
	at java.base/java.lang.reflect.Constructor.newInstanceWithCaller(Constructor.java:500)
	at java.base/java.lang.reflect.Constructor.newInstance(Constructor.java:484)
	at org.openqa.selenium.remote.http.W3CHttpResponseCodec.createException(W3CHttpResponseCodec.java:187)
	at org.openqa.selenium.remote.http.W3CHttpResponseCodec.decode(W3CHttpResponseCodec.java:122)
	at org.openqa.selenium.remote.http.W3CHttpResponseCodec.decode(W3CHttpResponseCodec.java:49)
	at org.openqa.selenium.remote.HttpCommandExecutor.execute(HttpCommandExecutor.java:158)
	at org.openqa.selenium.remote.service.DriverCommandExecutor.execute(DriverCommandExecutor.java:83)
	at org.openqa.selenium.remote.RemoteWebDriver.execute(RemoteWebDriver.java:552)
	at org.openqa.selenium.remote.RemoteWebDriver.findElement(RemoteWebDriver.java:323)
	at org.openqa.selenium.remote.RemoteWebDriver.findElementByXPath(RemoteWebDriver.java:428)
	at org.openqa.selenium.By$ByXPath.findElement(By.java:353)
	at org.openqa.selenium.remote.RemoteWebDriver.findElement(RemoteWebDriver.java:315)
	at org.openqa.selenium.support.pagefactory.DefaultElementLocator.findElement(DefaultElementLocator.java:69)
	at org.openqa.selenium.support.pagefactory.internal.LocatingElementHandler.invoke(LocatingElementHandler.java:38)
	at jdk.proxy2/jdk.proxy2.$Proxy26.isDisplayed(Unknown Source)
	at com.buildpiper.capabilities.UICapability.ui_IsElementDisplay(UICapability.java:190)
	at com.buildpiper.base.Capability.ui_IsElementDisplay(Capability.java:265)
	at com.buildpiper.pages.EnvironmentCreationPage.CreateEnvironmentwithSecret(EnvironmentCreationPage.java:1562)
	at com.buildpiper.testcases.EnvironmentTestcasesExecution.CreateEnvironmentwithSecret(EnvironmentTestcasesExecution.java:115)
	at java.base/jdk.internal.reflect.DirectMethodHandleAccessor.invoke(DirectMethodHandleAccessor.java:104)
	at java.base/java.lang.reflect.Method.invoke(Method.java:578)
	at org.testng.internal.MethodInvocationHelper.invokeMethod(MethodInvocationHelper.java:134)
	at org.testng.internal.TestInvoker.invokeMethod(TestInvoker.java:597)
	at org.testng.internal.TestInvoker.invokeTestMethod(TestInvoker.java:173)
	at org.testng.internal.MethodRunner.runInSequence(MethodRunner.java:46)
	at org.testng.internal.TestInvoker$MethodInvocationAgent.invoke(TestInvoker.java:816)
	at org.testng.internal.TestInvoker.invokeTestMethods(TestInvoker.java:146)
	at org.testng.internal.TestMethodWorker.invokeTestMethods(TestMethodWorker.java:146)
	at org.testng.internal.TestMethodWorker.run(TestMethodWorker.java:128)
	at java.base/java.util.ArrayList.forEach(ArrayList.java:1511)
	at org.testng.TestRunner.privateRun(TestRunner.java:766)
	at org.testng.TestRunner.run(TestRunner.java:587)
	at org.testng.SuiteRunner.runTest(SuiteRunner.java:384)
	at org.testng.SuiteRunner.runSequentially(SuiteRunner.java:378)
	at org.testng.SuiteRunner.privateRun(SuiteRunner.java:337)
	at org.testng.SuiteRunner.run(SuiteRunner.java:286)
	at org.testng.SuiteRunnerWorker.runSuite(SuiteRunnerWorker.java:53)
	at org.testng.SuiteRunnerWorker.run(SuiteRunnerWorker.java:96)
	at org.testng.TestNG.runSuitesSequentially(TestNG.java:1187)
	at org.testng.TestNG.runSuitesLocally(TestNG.java:1109)
	at org.testng.TestNG.runSuites(TestNG.java:1039)
	at org.testng.TestNG.run(TestNG.java:1007)
	at org.testng.remote.AbstractRemoteTestNG.run(AbstractRemoteTestNG.java:115)
	at org.testng.remote.RemoteTestNG.initAndRun(RemoteTestNG.java:251)
	at org.testng.remote.RemoteTestNG.main(RemoteTestNG.java:77)
</pre></div></td>
<td>250</td>
<td>com.buildpiper.testcases.EnvironmentTestcasesExecution@c7a977f</td></tr>
<tr>
<td title='com.buildpiper.testcases.BuildPiperTestcasesExecution.createSchedulePipeline()'><b>createSchedulePipeline</b><br>Test class: com.buildpiper.testcases.BuildPiperTestcasesExecution<br/>
<a href="#Output-1153960681" onClick='toggleBox("Output-1153960681", this, "Show output", "Hide output");'>Show output</a>

<a href="#Output-1153960681" onClick="toggleAllBoxes();">Show all outputs</a>
<div class='log' id="Output-1153960681">
Exception while scroll to view of element: <br/>
Exception while scroll to view of element: <br/>
 Element :Proxy element for: DefaultElementLocator 'By.xpath: //div[@aria-controls='simple-menu']//div//div[2]//p' is not clickable using javaScript<br/>
 Element :Proxy element for: DefaultElementLocator 'By.xpath: //div[@aria-controls='simple-menu']//div//div[2]//p' is not clickable using selenium click<br/>
<img src=D:\BuildPiper3.2_Rahul\Reports\15Feb_211558\createSchedulePipeline_chrome\createSchedulePipeline_chrome_46_Feb_215514.jpg alt='Lamp' width='500' height='400'><br/>
Clicking on element userMenuAppBar<br/>
<img src=D:\BuildPiper3.2_Rahul\Reports\15Feb_211558\createSchedulePipeline_chrome\createSchedulePipeline_chrome_46_Feb_215514.jpg alt='Lamp' width='500' height='400'><br/>
 Element :Proxy element for: DefaultElementLocator 'By.xpath: //p[@class='inactive-portal cursor-pointer']' is not clickable using selenium click<br/>
<img src=D:\BuildPiper3.2_Rahul\Reports\15Feb_211558\createSchedulePipeline_chrome\createSchedulePipeline_chrome_46_Feb_215544.jpg alt='Lamp' width='500' height='400'><br/>
Clicking on element switching to user account<br/>
<img src=D:\BuildPiper3.2_Rahul\Reports\15Feb_211558\createSchedulePipeline_chrome\createSchedulePipeline_chrome_46_Feb_215545.jpg alt='Lamp' width='500' height='400'><br/>
Element is present :[[ChromeDriver: chrome on WINDOWS (dfadf8bd7a709591ea3ae8b4217ab0b4)] -> xpath: //li//button[contains(@class,'app-cluster-button')]//span[@title]]<br/>
<img src=D:\BuildPiper3.2_Rahul\Reports\15Feb_211558\createSchedulePipeline_chrome\createSchedulePipeline_chrome_46_Feb_215550.jpg alt='Lamp' width='500' height='400'><br/>
Clicking on element Poc_QA pipelineOverviewLink<br/>
<img src=D:\BuildPiper3.2_Rahul\Reports\15Feb_211558\createSchedulePipeline_chrome\createSchedulePipeline_chrome_46_Feb_215550.jpg alt='Lamp' width='500' height='400'><br/>
Clicking on element clicks on add pipeline button<br/>
<img src=D:\BuildPiper3.2_Rahul\Reports\15Feb_211558\createSchedulePipeline_chrome\createSchedulePipeline_chrome_46_Feb_215551.jpg alt='Lamp' width='500' height='400'><br/>
Setting value on element Gives unique name to pipeline<br/>
<img src=D:\BuildPiper3.2_Rahul\Reports\15Feb_211558\createSchedulePipeline_chrome\createSchedulePipeline_chrome_46_Feb_215552.jpg alt='Lamp' width='500' height='400'><br/>
Clicking on element Selecting the Radio button named as -SCHEDULE<br/>
<img src=D:\BuildPiper3.2_Rahul\Reports\15Feb_211558\createSchedulePipeline_chrome\createSchedulePipeline_chrome_46_Feb_215623.jpg alt='Lamp' width='500' height='400'><br/>
Setting value on element Chron Pattern<br/>
<img src=D:\BuildPiper3.2_Rahul\Reports\15Feb_211558\createSchedulePipeline_chrome\createSchedulePipeline_chrome_46_Feb_215633.jpg alt='Lamp' width='500' height='400'><br/>
 Element :[[ChromeDriver: chrome on WINDOWS (dfadf8bd7a709591ea3ae8b4217ab0b4)] -> xpath: //button[contains(@class,'btn-save btn')][text()='Save']] is not clickable using selenium click<br/>
<img src=D:\BuildPiper3.2_Rahul\Reports\15Feb_211558\createSchedulePipeline_chrome\createSchedulePipeline_chrome_46_Feb_215634.jpg alt='Lamp' width='500' height='400'><br/>
Clicking on element clicks on save pipeline button<br/>
<img src=D:\BuildPiper3.2_Rahul\Reports\15Feb_211558\createSchedulePipeline_chrome\createSchedulePipeline_chrome_46_Feb_215635.jpg alt='Lamp' width='500' height='400'><br/>
Element is present :[[ChromeDriver: chrome on WINDOWS (dfadf8bd7a709591ea3ae8b4217ab0b4)] -> xpath: //input[@name='cron_regex' and @placeholder='Enter cron pattern only' ]/following-sibling::div[@class='error-message']]<br/>
<img src=D:\BuildPiper3.2_Rahul\Reports\15Feb_211558\createSchedulePipeline_chrome\createSchedulePipeline_chrome_46_Feb_215635.jpg alt='Lamp' width='500' height='400'><br/>
Clicking on element Click on Tag<br/>
<img src=D:\BuildPiper3.2_Rahul\Reports\15Feb_211558\createSchedulePipeline_chrome\createSchedulePipeline_chrome_46_Feb_215637.jpg alt='Lamp' width='500' height='400'><br/>
Clicking on element clicks on save pipeline button<br/>
<img src=D:\BuildPiper3.2_Rahul\Reports\15Feb_211558\createSchedulePipeline_chrome\createSchedulePipeline_chrome_46_Feb_215637.jpg alt='Lamp' width='500' height='400'><br/>
Clicking on element adds first stage<br/>
<img src=D:\BuildPiper3.2_Rahul\Reports\15Feb_211558\createSchedulePipeline_chrome\createSchedulePipeline_chrome_46_Feb_215643.jpg alt='Lamp' width='500' height='400'><br/>
Element is present :[[ChromeDriver: chrome on WINDOWS (dfadf8bd7a709591ea3ae8b4217ab0b4)] -> xpath: //input[@name='name' and @placeholder='Stage name goes here']]<br/>
<img src=D:\BuildPiper3.2_Rahul\Reports\15Feb_211558\createSchedulePipeline_chrome\createSchedulePipeline_chrome_46_Feb_215643.jpg alt='Lamp' width='500' height='400'><br/>
Setting value on element sets first stage name<br/>
<img src=D:\BuildPiper3.2_Rahul\Reports\15Feb_211558\createSchedulePipeline_chrome\createSchedulePipeline_chrome_46_Feb_215643.jpg alt='Lamp' width='500' height='400'><br/>
Clicking on element adds button for first stage<br/>
<img src=D:\BuildPiper3.2_Rahul\Reports\15Feb_211558\createSchedulePipeline_chrome\createSchedulePipeline_chrome_46_Feb_215649.jpg alt='Lamp' width='500' height='400'><br/>
Element is present :[[ChromeDriver: chrome on WINDOWS (dfadf8bd7a709591ea3ae8b4217ab0b4)] -> xpath: //div[@class='text-btn'][text()='Add New Job ']]<br/>
<img src=D:\BuildPiper3.2_Rahul\Reports\15Feb_211558\createSchedulePipeline_chrome\createSchedulePipeline_chrome_46_Feb_215649.jpg alt='Lamp' width='500' height='400'><br/>
Element is present :[[ChromeDriver: chrome on WINDOWS (dfadf8bd7a709591ea3ae8b4217ab0b4)] -> xpath: //div[@class='text-btn'][text()='Add New Job ']]<br/>
<img src=D:\BuildPiper3.2_Rahul\Reports\15Feb_211558\createSchedulePipeline_chrome\createSchedulePipeline_chrome_46_Feb_215649.jpg alt='Lamp' width='500' height='400'><br/>
Clicking on element clicks on new job<br/>
<img src=D:\BuildPiper3.2_Rahul\Reports\15Feb_211558\createSchedulePipeline_chrome\createSchedulePipeline_chrome_46_Feb_215649.jpg alt='Lamp' width='500' height='400'><br/>
Element is present :[[ChromeDriver: chrome on WINDOWS (dfadf8bd7a709591ea3ae8b4217ab0b4)] -> xpath: //select[@name='task_type' and @class='select']]<br/>
<img src=D:\BuildPiper3.2_Rahul\Reports\15Feb_211558\createSchedulePipeline_chrome\createSchedulePipeline_chrome_46_Feb_215650.jpg alt='Lamp' width='500' height='400'><br/>
Element is present :[[ChromeDriver: chrome on WINDOWS (dfadf8bd7a709591ea3ae8b4217ab0b4)] -> xpath: //span[text()='automation-682046mu117xjpt']]<br/>
<img src=D:\BuildPiper3.2_Rahul\Reports\15Feb_211558\createSchedulePipeline_chrome\createSchedulePipeline_chrome_46_Feb_215652.jpg alt='Lamp' width='500' height='400'><br/>
Clicking on element selects service component under the env<br/>
<img src=D:\BuildPiper3.2_Rahul\Reports\15Feb_211558\createSchedulePipeline_chrome\createSchedulePipeline_chrome_46_Feb_215652.jpg alt='Lamp' width='500' height='400'><br/>
Clicking on element conditionalRule<br/>
<img src=D:\BuildPiper3.2_Rahul\Reports\15Feb_211558\createSchedulePipeline_chrome\createSchedulePipeline_chrome_46_Feb_215652.jpg alt='Lamp' width='500' height='400'><br/>
Clicking on element addConditionButton<br/>
<img src=D:\BuildPiper3.2_Rahul\Reports\15Feb_211558\createSchedulePipeline_chrome\createSchedulePipeline_chrome_46_Feb_215652.jpg alt='Lamp' width='500' height='400'><br/>
Clicking on element terminatePipelineOnSuccess<br/>
<img src=D:\BuildPiper3.2_Rahul\Reports\15Feb_211558\createSchedulePipeline_chrome\createSchedulePipeline_chrome_46_Feb_215653.jpg alt='Lamp' width='500' height='400'><br/>
Clicking on element noCache<br/>
<img src=D:\BuildPiper3.2_Rahul\Reports\15Feb_211558\createSchedulePipeline_chrome\createSchedulePipeline_chrome_46_Feb_215653.jpg alt='Lamp' width='500' height='400'><br/>
Clicking on element skipJob<br/>
<img src=D:\BuildPiper3.2_Rahul\Reports\15Feb_211558\createSchedulePipeline_chrome\createSchedulePipeline_chrome_46_Feb_215653.jpg alt='Lamp' width='500' height='400'><br/>
Clicking on element successUponSkip<br/>
<img src=D:\BuildPiper3.2_Rahul\Reports\15Feb_211558\createSchedulePipeline_chrome\createSchedulePipeline_chrome_46_Feb_215654.jpg alt='Lamp' width='500' height='400'><br/>
Clicking on element duplicateImage<br/>
<img src=D:\BuildPiper3.2_Rahul\Reports\15Feb_211558\createSchedulePipeline_chrome\createSchedulePipeline_chrome_46_Feb_215654.jpg alt='Lamp' width='500' height='400'><br/>
Clicking on element clicks add stage btn<br/>
<img src=D:\BuildPiper3.2_Rahul\Reports\15Feb_211558\createSchedulePipeline_chrome\createSchedulePipeline_chrome_46_Feb_215654.jpg alt='Lamp' width='500' height='400'><br/>
Element is present :[[ChromeDriver: chrome on WINDOWS (dfadf8bd7a709591ea3ae8b4217ab0b4)] -> xpath: //div[@class='text-btn'][text()='Add New Job ']]<br/>
<img src=D:\BuildPiper3.2_Rahul\Reports\15Feb_211558\createSchedulePipeline_chrome\createSchedulePipeline_chrome_46_Feb_215654.jpg alt='Lamp' width='500' height='400'><br/>
Clicking on element clicks on new job<br/>
<img src=D:\BuildPiper3.2_Rahul\Reports\15Feb_211558\createSchedulePipeline_chrome\createSchedulePipeline_chrome_46_Feb_215655.jpg alt='Lamp' width='500' height='400'><br/>
Element is present :[[ChromeDriver: chrome on WINDOWS (dfadf8bd7a709591ea3ae8b4217ab0b4)] -> xpath: //select[@name='task_type' and @class='select']]<br/>
<img src=D:\BuildPiper3.2_Rahul\Reports\15Feb_211558\createSchedulePipeline_chrome\createSchedulePipeline_chrome_46_Feb_215655.jpg alt='Lamp' width='500' height='400'><br/>
Element is present :[[ChromeDriver: chrome on WINDOWS (dfadf8bd7a709591ea3ae8b4217ab0b4)] -> xpath: //span[text()='automation-682046mu117xjpt']]<br/>
<img src=D:\BuildPiper3.2_Rahul\Reports\15Feb_211558\createSchedulePipeline_chrome\createSchedulePipeline_chrome_46_Feb_215656.jpg alt='Lamp' width='500' height='400'><br/>
Clicking on element selects service component under the env<br/>
<img src=D:\BuildPiper3.2_Rahul\Reports\15Feb_211558\createSchedulePipeline_chrome\createSchedulePipeline_chrome_46_Feb_215657.jpg alt='Lamp' width='500' height='400'><br/>
Clicking on element conditionalRule<br/>
<img src=D:\BuildPiper3.2_Rahul\Reports\15Feb_211558\createSchedulePipeline_chrome\createSchedulePipeline_chrome_46_Feb_215700.jpg alt='Lamp' width='500' height='400'><br/>
Clicking on element addConditionButton<br/>
<img src=D:\BuildPiper3.2_Rahul\Reports\15Feb_211558\createSchedulePipeline_chrome\createSchedulePipeline_chrome_46_Feb_215700.jpg alt='Lamp' width='500' height='400'><br/>
Clicking on element terminatePipelineOnSuccess<br/>
<img src=D:\BuildPiper3.2_Rahul\Reports\15Feb_211558\createSchedulePipeline_chrome\createSchedulePipeline_chrome_46_Feb_215701.jpg alt='Lamp' width='500' height='400'><br/>
Clicking on element skipJob<br/>
<img src=D:\BuildPiper3.2_Rahul\Reports\15Feb_211558\createSchedulePipeline_chrome\createSchedulePipeline_chrome_46_Feb_215701.jpg alt='Lamp' width='500' height='400'><br/>
Clicking on element successUponSkip<br/>
<img src=D:\BuildPiper3.2_Rahul\Reports\15Feb_211558\createSchedulePipeline_chrome\createSchedulePipeline_chrome_46_Feb_215701.jpg alt='Lamp' width='500' height='400'><br/>
Clicking on element validateDeploymentSuccess<br/>
<img src=D:\BuildPiper3.2_Rahul\Reports\15Feb_211558\createSchedulePipeline_chrome\createSchedulePipeline_chrome_46_Feb_215701.jpg alt='Lamp' width='500' height='400'><br/>
Clicking on element clicks add stage btn<br/>
<img src=D:\BuildPiper3.2_Rahul\Reports\15Feb_211558\createSchedulePipeline_chrome\createSchedulePipeline_chrome_46_Feb_215702.jpg alt='Lamp' width='500' height='400'><br/>
Element is present :[[ChromeDriver: chrome on WINDOWS (dfadf8bd7a709591ea3ae8b4217ab0b4)] -> xpath: //button//div[@class='text-btn'][text()='Add New Stage']]<br/>
<img src=D:\BuildPiper3.2_Rahul\Reports\15Feb_211558\createSchedulePipeline_chrome\createSchedulePipeline_chrome_46_Feb_215705.jpg alt='Lamp' width='500' height='400'><br/>
Clicking on element adds second stage<br/>
<img src=D:\BuildPiper3.2_Rahul\Reports\15Feb_211558\createSchedulePipeline_chrome\createSchedulePipeline_chrome_46_Feb_215705.jpg alt='Lamp' width='500' height='400'><br/>
Clicking on element clicks add stage btn<br/>
<img src=D:\BuildPiper3.2_Rahul\Reports\15Feb_211558\createSchedulePipeline_chrome\createSchedulePipeline_chrome_46_Feb_215706.jpg alt='Lamp' width='500' height='400'><br/>
Element is present :[[ChromeDriver: chrome on WINDOWS (dfadf8bd7a709591ea3ae8b4217ab0b4)] -> xpath: //input[@name='name' and @placeholder='Stage name goes here']]<br/>
<img src=D:\BuildPiper3.2_Rahul\Reports\15Feb_211558\createSchedulePipeline_chrome\createSchedulePipeline_chrome_46_Feb_215706.jpg alt='Lamp' width='500' height='400'><br/>
Setting value on element sets first stage name<br/>
<img src=D:\BuildPiper3.2_Rahul\Reports\15Feb_211558\createSchedulePipeline_chrome\createSchedulePipeline_chrome_46_Feb_215706.jpg alt='Lamp' width='500' height='400'><br/>
Clicking on element clicks add stage btn<br/>
<img src=D:\BuildPiper3.2_Rahul\Reports\15Feb_211558\createSchedulePipeline_chrome\createSchedulePipeline_chrome_46_Feb_215706.jpg alt='Lamp' width='500' height='400'><br/>
Element is present :[[ChromeDriver: chrome on WINDOWS (dfadf8bd7a709591ea3ae8b4217ab0b4)] -> xpath: //div[contains(@data-rbd-draggable-id,'stage-qa')]//div[@class='text-btn'][text()='Add New Job ']]<br/>
<img src=D:\BuildPiper3.2_Rahul\Reports\15Feb_211558\createSchedulePipeline_chrome\createSchedulePipeline_chrome_46_Feb_215707.jpg alt='Lamp' width='500' height='400'><br/>
Clicking on element clicks on new job<br/>
<img src=D:\BuildPiper3.2_Rahul\Reports\15Feb_211558\createSchedulePipeline_chrome\createSchedulePipeline_chrome_46_Feb_215707.jpg alt='Lamp' width='500' height='400'><br/>
Element is present :[[ChromeDriver: chrome on WINDOWS (dfadf8bd7a709591ea3ae8b4217ab0b4)] -> xpath: //select[@name='task_type' and @class='select']]<br/>
<img src=D:\BuildPiper3.2_Rahul\Reports\15Feb_211558\createSchedulePipeline_chrome\createSchedulePipeline_chrome_46_Feb_215708.jpg alt='Lamp' width='500' height='400'><br/>
Element is present :[[ChromeDriver: chrome on WINDOWS (dfadf8bd7a709591ea3ae8b4217ab0b4)] -> xpath: //select[@name='target_env' and @class='select']]<br/>
<img src=D:\BuildPiper3.2_Rahul\Reports\15Feb_211558\createSchedulePipeline_chrome\createSchedulePipeline_chrome_46_Feb_215711.jpg alt='Lamp' width='500' height='400'><br/>
Element is present :[[ChromeDriver: chrome on WINDOWS (dfadf8bd7a709591ea3ae8b4217ab0b4)] -> xpath: //span[text()='automation-682046mu117xjpt']]<br/>
<img src=D:\BuildPiper3.2_Rahul\Reports\15Feb_211558\createSchedulePipeline_chrome\createSchedulePipeline_chrome_46_Feb_215712.jpg alt='Lamp' width='500' height='400'><br/>
Clicking on element selects service component under the env<br/>
<img src=D:\BuildPiper3.2_Rahul\Reports\15Feb_211558\createSchedulePipeline_chrome\createSchedulePipeline_chrome_46_Feb_215712.jpg alt='Lamp' width='500' height='400'><br/>
Clicking on element conditionalRule<br/>
<img src=D:\BuildPiper3.2_Rahul\Reports\15Feb_211558\createSchedulePipeline_chrome\createSchedulePipeline_chrome_46_Feb_215713.jpg alt='Lamp' width='500' height='400'><br/>
Clicking on element addConditionButton<br/>
<img src=D:\BuildPiper3.2_Rahul\Reports\15Feb_211558\createSchedulePipeline_chrome\createSchedulePipeline_chrome_46_Feb_215713.jpg alt='Lamp' width='500' height='400'><br/>
Clicking on element terminatePipelineOnSuccess<br/>
<img src=D:\BuildPiper3.2_Rahul\Reports\15Feb_211558\createSchedulePipeline_chrome\createSchedulePipeline_chrome_46_Feb_215713.jpg alt='Lamp' width='500' height='400'><br/>
Clicking on element skipJob<br/>
<img src=D:\BuildPiper3.2_Rahul\Reports\15Feb_211558\createSchedulePipeline_chrome\createSchedulePipeline_chrome_46_Feb_215713.jpg alt='Lamp' width='500' height='400'><br/>
Clicking on element successUponSkip<br/>
<img src=D:\BuildPiper3.2_Rahul\Reports\15Feb_211558\createSchedulePipeline_chrome\createSchedulePipeline_chrome_46_Feb_215714.jpg alt='Lamp' width='500' height='400'><br/>
Clicking on element clicks add stage btn<br/>
<img src=D:\BuildPiper3.2_Rahul\Reports\15Feb_211558\createSchedulePipeline_chrome\createSchedulePipeline_chrome_46_Feb_215714.jpg alt='Lamp' width='500' height='400'><br/>
Element is present :[[ChromeDriver: chrome on WINDOWS (dfadf8bd7a709591ea3ae8b4217ab0b4)] -> xpath: //div[contains(@data-rbd-draggable-id,'stage-qa')]//div[@class='text-btn'][text()='Add New Job ']]<br/>
<img src=D:\BuildPiper3.2_Rahul\Reports\15Feb_211558\createSchedulePipeline_chrome\createSchedulePipeline_chrome_46_Feb_215717.jpg alt='Lamp' width='500' height='400'><br/>
Clicking on element clicks on new job<br/>
<img src=D:\BuildPiper3.2_Rahul\Reports\15Feb_211558\createSchedulePipeline_chrome\createSchedulePipeline_chrome_46_Feb_215718.jpg alt='Lamp' width='500' height='400'><br/>
Element is present :[[ChromeDriver: chrome on WINDOWS (dfadf8bd7a709591ea3ae8b4217ab0b4)] -> xpath: //select[@name='task_type' and @class='select']]<br/>
<img src=D:\BuildPiper3.2_Rahul\Reports\15Feb_211558\createSchedulePipeline_chrome\createSchedulePipeline_chrome_46_Feb_215718.jpg alt='Lamp' width='500' height='400'><br/>
Element is present :[[ChromeDriver: chrome on WINDOWS (dfadf8bd7a709591ea3ae8b4217ab0b4)] -> xpath: //select[@name='target_env' and @class='select']]<br/>
<img src=D:\BuildPiper3.2_Rahul\Reports\15Feb_211558\createSchedulePipeline_chrome\createSchedulePipeline_chrome_46_Feb_215721.jpg alt='Lamp' width='500' height='400'><br/>
Element is present :[[ChromeDriver: chrome on WINDOWS (dfadf8bd7a709591ea3ae8b4217ab0b4)] -> xpath: //span[text()='automation-682046mu117xjpt']]<br/>
<img src=D:\BuildPiper3.2_Rahul\Reports\15Feb_211558\createSchedulePipeline_chrome\createSchedulePipeline_chrome_46_Feb_215722.jpg alt='Lamp' width='500' height='400'><br/>
Clicking on element selects service component under the env<br/>
<img src=D:\BuildPiper3.2_Rahul\Reports\15Feb_211558\createSchedulePipeline_chrome\createSchedulePipeline_chrome_46_Feb_215722.jpg alt='Lamp' width='500' height='400'><br/>
Clicking on element conditionalRule<br/>
<img src=D:\BuildPiper3.2_Rahul\Reports\15Feb_211558\createSchedulePipeline_chrome\createSchedulePipeline_chrome_46_Feb_215723.jpg alt='Lamp' width='500' height='400'><br/>
Clicking on element addConditionButton<br/>
<img src=D:\BuildPiper3.2_Rahul\Reports\15Feb_211558\createSchedulePipeline_chrome\createSchedulePipeline_chrome_46_Feb_215723.jpg alt='Lamp' width='500' height='400'><br/>
Clicking on element terminatePipelineOnSuccess<br/>
<img src=D:\BuildPiper3.2_Rahul\Reports\15Feb_211558\createSchedulePipeline_chrome\createSchedulePipeline_chrome_46_Feb_215723.jpg alt='Lamp' width='500' height='400'><br/>
Clicking on element skipJob<br/>
<img src=D:\BuildPiper3.2_Rahul\Reports\15Feb_211558\createSchedulePipeline_chrome\createSchedulePipeline_chrome_46_Feb_215724.jpg alt='Lamp' width='500' height='400'><br/>
Clicking on element successUponSkip<br/>
<img src=D:\BuildPiper3.2_Rahul\Reports\15Feb_211558\createSchedulePipeline_chrome\createSchedulePipeline_chrome_46_Feb_215724.jpg alt='Lamp' width='500' height='400'><br/>
Clicking on element clicks add stage btn<br/>
<img src=D:\BuildPiper3.2_Rahul\Reports\15Feb_211558\createSchedulePipeline_chrome\createSchedulePipeline_chrome_46_Feb_215724.jpg alt='Lamp' width='500' height='400'><br/>
Element is present :[[ChromeDriver: chrome on WINDOWS (dfadf8bd7a709591ea3ae8b4217ab0b4)] -> xpath: //button//div[@class='text-btn'][text()='Add New Stage']]<br/>
<img src=D:\BuildPiper3.2_Rahul\Reports\15Feb_211558\createSchedulePipeline_chrome\createSchedulePipeline_chrome_46_Feb_215733.jpg alt='Lamp' width='500' height='400'><br/>
Clicking on element adds second stage<br/>
<img src=D:\BuildPiper3.2_Rahul\Reports\15Feb_211558\createSchedulePipeline_chrome\createSchedulePipeline_chrome_46_Feb_215733.jpg alt='Lamp' width='500' height='400'><br/>
Clicking on element clicks add stage btn<br/>
<img src=D:\BuildPiper3.2_Rahul\Reports\15Feb_211558\createSchedulePipeline_chrome\createSchedulePipeline_chrome_46_Feb_215733.jpg alt='Lamp' width='500' height='400'><br/>
Element is present :[[ChromeDriver: chrome on WINDOWS (dfadf8bd7a709591ea3ae8b4217ab0b4)] -> xpath: //input[@name='name' and @placeholder='Stage name goes here']]<br/>
<img src=D:\BuildPiper3.2_Rahul\Reports\15Feb_211558\createSchedulePipeline_chrome\createSchedulePipeline_chrome_46_Feb_215733.jpg alt='Lamp' width='500' height='400'><br/>
Setting value on element sets first stage name<br/>
<img src=D:\BuildPiper3.2_Rahul\Reports\15Feb_211558\createSchedulePipeline_chrome\createSchedulePipeline_chrome_46_Feb_215734.jpg alt='Lamp' width='500' height='400'><br/>
Clicking on element clicks add stage btn<br/>
<img src=D:\BuildPiper3.2_Rahul\Reports\15Feb_211558\createSchedulePipeline_chrome\createSchedulePipeline_chrome_46_Feb_215734.jpg alt='Lamp' width='500' height='400'><br/>
Element is present :[[ChromeDriver: chrome on WINDOWS (dfadf8bd7a709591ea3ae8b4217ab0b4)] -> xpath: //div[contains(@data-rbd-draggable-id,'stage-prod')]//div[@class='text-btn'][text()='Add New Job ']]<br/>
<img src=D:\BuildPiper3.2_Rahul\Reports\15Feb_211558\createSchedulePipeline_chrome\createSchedulePipeline_chrome_46_Feb_215734.jpg alt='Lamp' width='500' height='400'><br/>
Clicking on element clicks on new job<br/>
<img src=D:\BuildPiper3.2_Rahul\Reports\15Feb_211558\createSchedulePipeline_chrome\createSchedulePipeline_chrome_46_Feb_215735.jpg alt='Lamp' width='500' height='400'><br/>
Element is present :[[ChromeDriver: chrome on WINDOWS (dfadf8bd7a709591ea3ae8b4217ab0b4)] -> xpath: //select[@name='task_type' and @class='select']]<br/>
<img src=D:\BuildPiper3.2_Rahul\Reports\15Feb_211558\createSchedulePipeline_chrome\createSchedulePipeline_chrome_46_Feb_215735.jpg alt='Lamp' width='500' height='400'><br/>
Element is present :[[ChromeDriver: chrome on WINDOWS (dfadf8bd7a709591ea3ae8b4217ab0b4)] -> xpath: //select[@name='target_env' and @class='select']]<br/>
<img src=D:\BuildPiper3.2_Rahul\Reports\15Feb_211558\createSchedulePipeline_chrome\createSchedulePipeline_chrome_46_Feb_215739.jpg alt='Lamp' width='500' height='400'><br/>
Element is present :[[ChromeDriver: chrome on WINDOWS (dfadf8bd7a709591ea3ae8b4217ab0b4)] -> xpath: //span[text()='automation-682046mu117xjpt']]<br/>
<img src=D:\BuildPiper3.2_Rahul\Reports\15Feb_211558\createSchedulePipeline_chrome\createSchedulePipeline_chrome_46_Feb_215739.jpg alt='Lamp' width='500' height='400'><br/>
Clicking on element selects service component under the env<br/>
<img src=D:\BuildPiper3.2_Rahul\Reports\15Feb_211558\createSchedulePipeline_chrome\createSchedulePipeline_chrome_46_Feb_215740.jpg alt='Lamp' width='500' height='400'><br/>
Clicking on element conditionalRule<br/>
<img src=D:\BuildPiper3.2_Rahul\Reports\15Feb_211558\createSchedulePipeline_chrome\createSchedulePipeline_chrome_46_Feb_215740.jpg alt='Lamp' width='500' height='400'><br/>
Clicking on element addConditionButton<br/>
<img src=D:\BuildPiper3.2_Rahul\Reports\15Feb_211558\createSchedulePipeline_chrome\createSchedulePipeline_chrome_46_Feb_215740.jpg alt='Lamp' width='500' height='400'><br/>
Clicking on element terminatePipelineOnSuccess<br/>
<img src=D:\BuildPiper3.2_Rahul\Reports\15Feb_211558\createSchedulePipeline_chrome\createSchedulePipeline_chrome_46_Feb_215741.jpg alt='Lamp' width='500' height='400'><br/>
Clicking on element skipJob<br/>
<img src=D:\BuildPiper3.2_Rahul\Reports\15Feb_211558\createSchedulePipeline_chrome\createSchedulePipeline_chrome_46_Feb_215741.jpg alt='Lamp' width='500' height='400'><br/>
Clicking on element successUponSkip<br/>
<img src=D:\BuildPiper3.2_Rahul\Reports\15Feb_211558\createSchedulePipeline_chrome\createSchedulePipeline_chrome_46_Feb_215741.jpg alt='Lamp' width='500' height='400'><br/>
Clicking on element clicks add stage btn<br/>
<img src=D:\BuildPiper3.2_Rahul\Reports\15Feb_211558\createSchedulePipeline_chrome\createSchedulePipeline_chrome_46_Feb_215742.jpg alt='Lamp' width='500' height='400'><br/>
Element is present :[[ChromeDriver: chrome on WINDOWS (dfadf8bd7a709591ea3ae8b4217ab0b4)] -> xpath: //div[contains(@data-rbd-draggable-id,'stage-prod')]//div[@class='text-btn'][text()='Add New Job ']]<br/>
<img src=D:\BuildPiper3.2_Rahul\Reports\15Feb_211558\createSchedulePipeline_chrome\createSchedulePipeline_chrome_46_Feb_215745.jpg alt='Lamp' width='500' height='400'><br/>
Clicking on element clicks on new job<br/>
<img src=D:\BuildPiper3.2_Rahul\Reports\15Feb_211558\createSchedulePipeline_chrome\createSchedulePipeline_chrome_46_Feb_215745.jpg alt='Lamp' width='500' height='400'><br/>
Element is present :[[ChromeDriver: chrome on WINDOWS (dfadf8bd7a709591ea3ae8b4217ab0b4)] -> xpath: //select[@name='task_type' and @class='select']]<br/>
<img src=D:\BuildPiper3.2_Rahul\Reports\15Feb_211558\createSchedulePipeline_chrome\createSchedulePipeline_chrome_46_Feb_215750.jpg alt='Lamp' width='500' height='400'><br/>
Element is present :[[ChromeDriver: chrome on WINDOWS (dfadf8bd7a709591ea3ae8b4217ab0b4)] -> xpath: //select[@name='target_env' and @class='select']]<br/>
<img src=D:\BuildPiper3.2_Rahul\Reports\15Feb_211558\createSchedulePipeline_chrome\createSchedulePipeline_chrome_46_Feb_215754.jpg alt='Lamp' width='500' height='400'><br/>
####### End of Test Case: createSchedulePipeline #######<br/>
</div>
</td>
<td><div><pre>org.openqa.selenium.NoSuchElementException: Cannot locate element with text: prodcommunity
For documentation on this error, please visit: https://www.seleniumhq.org/exceptions/no_such_element.html
Build info: version: &apos;3.141.59&apos;, revision: &apos;e82be7d358&apos;, time: &apos;2018-11-14T08:17:03&apos;
System info: host: &apos;DESKTOP-PTF1H2O&apos;, ip: &apos;192.168.1.8&apos;, os.name: &apos;Windows 10&apos;, os.arch: &apos;amd64&apos;, os.version: &apos;10.0&apos;, java.version: &apos;19.0.1&apos;
Driver info: driver.version: unknown
	at org.openqa.selenium.support.ui.Select.selectByVisibleText(Select.java:147)
	at com.buildpiper.pages.BuildPipeLinePage.createPromoteJob(BuildPipeLinePage.java:599)
	at com.buildpiper.pages.BuildPipeLinePage.createSchedulePipeline(BuildPipeLinePage.java:1050)
	at com.buildpiper.testcases.BuildPiperTestcasesExecution.createSchedulePipeline(BuildPiperTestcasesExecution.java:184)
	at java.base/java.util.ArrayList.forEach(ArrayList.java:1511)
... Removed 25 stack frames</pre></div><a href='#' onClick='toggleBox("stack-trace1153960681", this, "Click to show all stack frames", "Click to hide stack frames")'>Click to show all stack frames</a>
<div class='stack-trace' id='stack-trace1153960681'><pre>org.openqa.selenium.NoSuchElementException: Cannot locate element with text: prodcommunity
For documentation on this error, please visit: https://www.seleniumhq.org/exceptions/no_such_element.html
Build info: version: &apos;3.141.59&apos;, revision: &apos;e82be7d358&apos;, time: &apos;2018-11-14T08:17:03&apos;
System info: host: &apos;DESKTOP-PTF1H2O&apos;, ip: &apos;192.168.1.8&apos;, os.name: &apos;Windows 10&apos;, os.arch: &apos;amd64&apos;, os.version: &apos;10.0&apos;, java.version: &apos;19.0.1&apos;
Driver info: driver.version: unknown
	at org.openqa.selenium.support.ui.Select.selectByVisibleText(Select.java:147)
	at com.buildpiper.pages.BuildPipeLinePage.createPromoteJob(BuildPipeLinePage.java:599)
	at com.buildpiper.pages.BuildPipeLinePage.createSchedulePipeline(BuildPipeLinePage.java:1050)
	at com.buildpiper.testcases.BuildPiperTestcasesExecution.createSchedulePipeline(BuildPiperTestcasesExecution.java:184)
	at java.base/jdk.internal.reflect.DirectMethodHandleAccessor.invoke(DirectMethodHandleAccessor.java:104)
	at java.base/java.lang.reflect.Method.invoke(Method.java:578)
	at org.testng.internal.MethodInvocationHelper.invokeMethod(MethodInvocationHelper.java:134)
	at org.testng.internal.TestInvoker.invokeMethod(TestInvoker.java:597)
	at org.testng.internal.TestInvoker.invokeTestMethod(TestInvoker.java:173)
	at org.testng.internal.MethodRunner.runInSequence(MethodRunner.java:46)
	at org.testng.internal.TestInvoker$MethodInvocationAgent.invoke(TestInvoker.java:816)
	at org.testng.internal.TestInvoker.invokeTestMethods(TestInvoker.java:146)
	at org.testng.internal.TestMethodWorker.invokeTestMethods(TestMethodWorker.java:146)
	at org.testng.internal.TestMethodWorker.run(TestMethodWorker.java:128)
	at java.base/java.util.ArrayList.forEach(ArrayList.java:1511)
	at org.testng.TestRunner.privateRun(TestRunner.java:766)
	at org.testng.TestRunner.run(TestRunner.java:587)
	at org.testng.SuiteRunner.runTest(SuiteRunner.java:384)
	at org.testng.SuiteRunner.runSequentially(SuiteRunner.java:378)
	at org.testng.SuiteRunner.privateRun(SuiteRunner.java:337)
	at org.testng.SuiteRunner.run(SuiteRunner.java:286)
	at org.testng.SuiteRunnerWorker.runSuite(SuiteRunnerWorker.java:53)
	at org.testng.SuiteRunnerWorker.run(SuiteRunnerWorker.java:96)
	at org.testng.TestNG.runSuitesSequentially(TestNG.java:1187)
	at org.testng.TestNG.runSuitesLocally(TestNG.java:1109)
	at org.testng.TestNG.runSuites(TestNG.java:1039)
	at org.testng.TestNG.run(TestNG.java:1007)
	at org.testng.remote.AbstractRemoteTestNG.run(AbstractRemoteTestNG.java:115)
	at org.testng.remote.RemoteTestNG.initAndRun(RemoteTestNG.java:251)
	at org.testng.remote.RemoteTestNG.main(RemoteTestNG.java:77)
</pre></div></td>
<td>190</td>
<td>com.buildpiper.testcases.BuildPiperTestcasesExecution@55caeb35</td></tr>
<tr>
<td title='com.buildpiper.testcases.ServiceCreationComprehensiveTestCases.serviceOverview_CreateDeployManifestService()'><b>serviceOverview_CreateDeployManifestService</b><br>Test class: com.buildpiper.testcases.ServiceCreationComprehensiveTestCases<br/>
<a href="#Output-1301542747" onClick='toggleBox("Output-1301542747", this, "Show output", "Hide output");'>Show output</a>

<a href="#Output-1301542747" onClick="toggleAllBoxes();">Show all outputs</a>
<div class='log' id="Output-1301542747">
Exception while scroll to view of element: <br/>
Exception while scroll to view of element: <br/>
 Element :Proxy element for: DefaultElementLocator 'By.xpath: //div[@aria-controls='simple-menu']//div//div[2]//p' is not clickable using javaScript<br/>
 Element :Proxy element for: DefaultElementLocator 'By.xpath: //div[@aria-controls='simple-menu']//div//div[2]//p' is not clickable using selenium click<br/>
<img src=D:\BuildPiper3.2_Rahul\Reports\15Feb_211558\serviceOverview_CreateDeployManifestService_chrome\serviceOverview_CreateDeployManifestService_chrome_46_Feb_211645.jpg alt='Lamp' width='500' height='400'><br/>
Clicking on element userMenuAppBar<br/>
<img src=D:\BuildPiper3.2_Rahul\Reports\15Feb_211558\serviceOverview_CreateDeployManifestService_chrome\serviceOverview_CreateDeployManifestService_chrome_46_Feb_211645.jpg alt='Lamp' width='500' height='400'><br/>
 Element :Proxy element for: DefaultElementLocator 'By.xpath: //p[@class='inactive-portal cursor-pointer']' is not clickable using selenium click<br/>
<img src=D:\BuildPiper3.2_Rahul\Reports\15Feb_211558\serviceOverview_CreateDeployManifestService_chrome\serviceOverview_CreateDeployManifestService_chrome_46_Feb_211716.jpg alt='Lamp' width='500' height='400'><br/>
Clicking on element switching to user account<br/>
<img src=D:\BuildPiper3.2_Rahul\Reports\15Feb_211558\serviceOverview_CreateDeployManifestService_chrome\serviceOverview_CreateDeployManifestService_chrome_46_Feb_211716.jpg alt='Lamp' width='500' height='400'><br/>
Element is present :[[ChromeDriver: chrome on WINDOWS (ea7f7fa0a8d27c1775d8b44a6391514c)] -> xpath: //li//button[@class='app-cluster-button']//span[1][@title]]<br/>
<img src=D:\BuildPiper3.2_Rahul\Reports\15Feb_211558\serviceOverview_CreateDeployManifestService_chrome\serviceOverview_CreateDeployManifestService_chrome_46_Feb_211721.jpg alt='Lamp' width='500' height='400'><br/>
Clicking on element Poc_QA serviceOverviewLink<br/>
<img src=D:\BuildPiper3.2_Rahul\Reports\15Feb_211558\serviceOverview_CreateDeployManifestService_chrome\serviceOverview_CreateDeployManifestService_chrome_46_Feb_211722.jpg alt='Lamp' width='500' height='400'><br/>
Element is present :[[ChromeDriver: chrome on WINDOWS (ea7f7fa0a8d27c1775d8b44a6391514c)] -> xpath: //button[text()=' Add Service']]<br/>
<img src=D:\BuildPiper3.2_Rahul\Reports\15Feb_211558\serviceOverview_CreateDeployManifestService_chrome\serviceOverview_CreateDeployManifestService_chrome_46_Feb_211722.jpg alt='Lamp' width='500' height='400'><br/>
Clicking on element Poc_QA addServiceBtn<br/>
<img src=D:\BuildPiper3.2_Rahul\Reports\15Feb_211558\serviceOverview_CreateDeployManifestService_chrome\serviceOverview_CreateDeployManifestService_chrome_46_Feb_211723.jpg alt='Lamp' width='500' height='400'><br/>
Element is present :[[ChromeDriver: chrome on WINDOWS (ea7f7fa0a8d27c1775d8b44a6391514c)] -> xpath: //h1[@class='main-heading']]<br/>
<img src=D:\BuildPiper3.2_Rahul\Reports\15Feb_211558\serviceOverview_CreateDeployManifestService_chrome\serviceOverview_CreateDeployManifestService_chrome_46_Feb_211723.jpg alt='Lamp' width='500' height='400'><br/>
Element is present :[[ChromeDriver: chrome on WINDOWS (ea7f7fa0a8d27c1775d8b44a6391514c)] -> xpath: //p[(@class='sub-heading-primary')]]<br/>
<img src=D:\BuildPiper3.2_Rahul\Reports\15Feb_211558\serviceOverview_CreateDeployManifestService_chrome\serviceOverview_CreateDeployManifestService_chrome_46_Feb_211723.jpg alt='Lamp' width='500' height='400'><br/>
Setting value on element sets service name<br/>
<img src=D:\BuildPiper3.2_Rahul\Reports\15Feb_211558\serviceOverview_CreateDeployManifestService_chrome\serviceOverview_CreateDeployManifestService_chrome_46_Feb_211723.jpg alt='Lamp' width='500' height='400'><br/>
Setting value on element sets external name<br/>
<img src=D:\BuildPiper3.2_Rahul\Reports\15Feb_211558\serviceOverview_CreateDeployManifestService_chrome\serviceOverview_CreateDeployManifestService_chrome_46_Feb_211724.jpg alt='Lamp' width='500' height='400'><br/>
Clicking on element Poc_QA selectEveryRadioBtn<br/>
<img src=D:\BuildPiper3.2_Rahul\Reports\15Feb_211558\serviceOverview_CreateDeployManifestService_chrome\serviceOverview_CreateDeployManifestService_chrome_46_Feb_211724.jpg alt='Lamp' width='500' height='400'><br/>
Clicking on element Poc_QA SubmitCreatePage<br/>
<img src=D:\BuildPiper3.2_Rahul\Reports\15Feb_211558\serviceOverview_CreateDeployManifestService_chrome\serviceOverview_CreateDeployManifestService_chrome_46_Feb_211724.jpg alt='Lamp' width='500' height='400'><br/>
Element is present :[[ChromeDriver: chrome on WINDOWS (ea7f7fa0a8d27c1775d8b44a6391514c)] -> xpath: //h1[@class='h1' and contains(.,'Create a Environment')]]<br/>
<img src=D:\BuildPiper3.2_Rahul\Reports\15Feb_211558\serviceOverview_CreateDeployManifestService_chrome\serviceOverview_CreateDeployManifestService_chrome_46_Feb_211725.jpg alt='Lamp' width='500' height='400'><br/>
Element is present :[[ChromeDriver: chrome on WINDOWS (ea7f7fa0a8d27c1775d8b44a6391514c)] -> xpath: //div[@class='staticwrap-inner']]<br/>
<img src=D:\BuildPiper3.2_Rahul\Reports\15Feb_211558\serviceOverview_CreateDeployManifestService_chrome\serviceOverview_CreateDeployManifestService_chrome_46_Feb_211725.jpg alt='Lamp' width='500' height='400'><br/>
Element is present :[[ChromeDriver: chrome on WINDOWS (ea7f7fa0a8d27c1775d8b44a6391514c)] -> xpath: //select[@name='env_id']]<br/>
<img src=D:\BuildPiper3.2_Rahul\Reports\15Feb_211558\serviceOverview_CreateDeployManifestService_chrome\serviceOverview_CreateDeployManifestService_chrome_46_Feb_211725.jpg alt='Lamp' width='500' height='400'><br/>
Element is present :[[ChromeDriver: chrome on WINDOWS (ea7f7fa0a8d27c1775d8b44a6391514c)] -> xpath: //input[@name='image_name']]<br/>
<img src=D:\BuildPiper3.2_Rahul\Reports\15Feb_211558\serviceOverview_CreateDeployManifestService_chrome\serviceOverview_CreateDeployManifestService_chrome_46_Feb_211730.jpg alt='Lamp' width='500' height='400'><br/>
Element is present :[[ChromeDriver: chrome on WINDOWS (ea7f7fa0a8d27c1775d8b44a6391514c)] -> xpath: //button[@class='btn btn-submit']]<br/>
<img src=D:\BuildPiper3.2_Rahul\Reports\15Feb_211558\serviceOverview_CreateDeployManifestService_chrome\serviceOverview_CreateDeployManifestService_chrome_46_Feb_211736.jpg alt='Lamp' width='500' height='400'><br/>
Clicking on element Poc_QA SubmitEnvPage<br/>
<img src=D:\BuildPiper3.2_Rahul\Reports\15Feb_211558\serviceOverview_CreateDeployManifestService_chrome\serviceOverview_CreateDeployManifestService_chrome_46_Feb_211736.jpg alt='Lamp' width='500' height='400'><br/>
Element is present :[[ChromeDriver: chrome on WINDOWS (ea7f7fa0a8d27c1775d8b44a6391514c)] -> xpath: //div[@class='text-icon-section']//div//div]<br/>
<img src=D:\BuildPiper3.2_Rahul\Reports\15Feb_211558\serviceOverview_CreateDeployManifestService_chrome\serviceOverview_CreateDeployManifestService_chrome_46_Feb_211737.jpg alt='Lamp' width='500' height='400'><br/>
Element is present :[[ChromeDriver: chrome on WINDOWS (ea7f7fa0a8d27c1775d8b44a6391514c)] -> xpath: //span[contains(text(),'Project:')]/..//span[2]]<br/>
<img src=D:\BuildPiper3.2_Rahul\Reports\15Feb_211558\serviceOverview_CreateDeployManifestService_chrome\serviceOverview_CreateDeployManifestService_chrome_46_Feb_211737.jpg alt='Lamp' width='500' height='400'><br/>
Clicking on element Poc_QA validateBuildDetails<br/>
<img src=D:\BuildPiper3.2_Rahul\Reports\15Feb_211558\serviceOverview_CreateDeployManifestService_chrome\serviceOverview_CreateDeployManifestService_chrome_46_Feb_211738.jpg alt='Lamp' width='500' height='400'><br/>
Element is present :[[ChromeDriver: chrome on WINDOWS (ea7f7fa0a8d27c1775d8b44a6391514c)] -> xpath: //p[@class='main-text mb-10']]<br/>
<img src=D:\BuildPiper3.2_Rahul\Reports\15Feb_211558\serviceOverview_CreateDeployManifestService_chrome\serviceOverview_CreateDeployManifestService_chrome_46_Feb_211738.jpg alt='Lamp' width='500' height='400'><br/>
Element is present :[[ChromeDriver: chrome on WINDOWS (ea7f7fa0a8d27c1775d8b44a6391514c)] -> xpath: //span[@class='sub-text mb-10']]<br/>
<img src=D:\BuildPiper3.2_Rahul\Reports\15Feb_211558\serviceOverview_CreateDeployManifestService_chrome\serviceOverview_CreateDeployManifestService_chrome_46_Feb_211738.jpg alt='Lamp' width='500' height='400'><br/>
Element is present :[[ChromeDriver: chrome on WINDOWS (ea7f7fa0a8d27c1775d8b44a6391514c)] -> xpath: //*[text()='Env Deploy Details']]<br/>
<img src=D:\BuildPiper3.2_Rahul\Reports\15Feb_211558\serviceOverview_CreateDeployManifestService_chrome\serviceOverview_CreateDeployManifestService_chrome_46_Feb_211738.jpg alt='Lamp' width='500' height='400'><br/>
Clicking on element Poc_QA validateDeployDetails<br/>
<img src=D:\BuildPiper3.2_Rahul\Reports\15Feb_211558\serviceOverview_CreateDeployManifestService_chrome\serviceOverview_CreateDeployManifestService_chrome_46_Feb_211739.jpg alt='Lamp' width='500' height='400'><br/>
Element is present :[[ChromeDriver: chrome on WINDOWS (ea7f7fa0a8d27c1775d8b44a6391514c)] -> xpath: //p[@class='main-text mb-10']]<br/>
<img src=D:\BuildPiper3.2_Rahul\Reports\15Feb_211558\serviceOverview_CreateDeployManifestService_chrome\serviceOverview_CreateDeployManifestService_chrome_46_Feb_211739.jpg alt='Lamp' width='500' height='400'><br/>
Element is present :[[ChromeDriver: chrome on WINDOWS (ea7f7fa0a8d27c1775d8b44a6391514c)] -> xpath: //span[@class='sub-text mb-10']]<br/>
<img src=D:\BuildPiper3.2_Rahul\Reports\15Feb_211558\serviceOverview_CreateDeployManifestService_chrome\serviceOverview_CreateDeployManifestService_chrome_46_Feb_211739.jpg alt='Lamp' width='500' height='400'><br/>
Element is present :[[ChromeDriver: chrome on WINDOWS (ea7f7fa0a8d27c1775d8b44a6391514c)] -> xpath: //*[text()='To have a very smooth configuration we strongly recommend BuildPiper UI.']]<br/>
<img src=D:\BuildPiper3.2_Rahul\Reports\15Feb_211558\serviceOverview_CreateDeployManifestService_chrome\serviceOverview_CreateDeployManifestService_chrome_46_Feb_211739.jpg alt='Lamp' width='500' height='400'><br/>
Element is present :[[ChromeDriver: chrome on WINDOWS (ea7f7fa0a8d27c1775d8b44a6391514c)] -> xpath: //*[text()='you can also configure the CD by uploading your custom manifest file.']]<br/>
<img src=D:\BuildPiper3.2_Rahul\Reports\15Feb_211558\serviceOverview_CreateDeployManifestService_chrome\serviceOverview_CreateDeployManifestService_chrome_46_Feb_211740.jpg alt='Lamp' width='500' height='400'><br/>
Element is present :[[ChromeDriver: chrome on WINDOWS (ea7f7fa0a8d27c1775d8b44a6391514c)] -> xpath: //*[text()='Other Deployment Info']]<br/>
<img src=D:\BuildPiper3.2_Rahul\Reports\15Feb_211558\serviceOverview_CreateDeployManifestService_chrome\serviceOverview_CreateDeployManifestService_chrome_46_Feb_211740.jpg alt='Lamp' width='500' height='400'><br/>
Clicking on element User has selected other deployment details under deployment configuration<br/>
<img src=D:\BuildPiper3.2_Rahul\Reports\15Feb_211558\serviceOverview_CreateDeployManifestService_chrome\serviceOverview_CreateDeployManifestService_chrome_46_Feb_211740.jpg alt='Lamp' width='500' height='400'><br/>
Element is present :[[ChromeDriver: chrome on WINDOWS (ea7f7fa0a8d27c1775d8b44a6391514c)] -> xpath: //*[text()='Other Deployment Details']]<br/>
<img src=D:\BuildPiper3.2_Rahul\Reports\15Feb_211558\serviceOverview_CreateDeployManifestService_chrome\serviceOverview_CreateDeployManifestService_chrome_46_Feb_211740.jpg alt='Lamp' width='500' height='400'><br/>
Element is present :[[ChromeDriver: chrome on WINDOWS (ea7f7fa0a8d27c1775d8b44a6391514c)] -> xpath: //*[text()='To know more about access levels please read the ']]<br/>
<img src=D:\BuildPiper3.2_Rahul\Reports\15Feb_211558\serviceOverview_CreateDeployManifestService_chrome\serviceOverview_CreateDeployManifestService_chrome_46_Feb_211741.jpg alt='Lamp' width='500' height='400'><br/>
Element is present :[[ChromeDriver: chrome on WINDOWS (ea7f7fa0a8d27c1775d8b44a6391514c)] -> xpath: //*[text()=' Please configure deployment details to setup HPA(Horizontal Pod Autoscaling)']]<br/>
<img src=D:\BuildPiper3.2_Rahul\Reports\15Feb_211558\serviceOverview_CreateDeployManifestService_chrome\serviceOverview_CreateDeployManifestService_chrome_46_Feb_211741.jpg alt='Lamp' width='500' height='400'><br/>
Element is present :[[ChromeDriver: chrome on WINDOWS (ea7f7fa0a8d27c1775d8b44a6391514c)] -> xpath: //*[text()='Generated Manifest']]<br/>
<img src=D:\BuildPiper3.2_Rahul\Reports\15Feb_211558\serviceOverview_CreateDeployManifestService_chrome\serviceOverview_CreateDeployManifestService_chrome_46_Feb_211741.jpg alt='Lamp' width='500' height='400'><br/>
Clicking on element Poc_QA validateGeneratedManifest<br/>
<img src=D:\BuildPiper3.2_Rahul\Reports\15Feb_211558\serviceOverview_CreateDeployManifestService_chrome\serviceOverview_CreateDeployManifestService_chrome_46_Feb_211741.jpg alt='Lamp' width='500' height='400'><br/>
Element is present :[[ChromeDriver: chrome on WINDOWS (ea7f7fa0a8d27c1775d8b44a6391514c)] -> xpath: //*[text()='No Manifest File has been generated.']]<br/>
<img src=D:\BuildPiper3.2_Rahul\Reports\15Feb_211558\serviceOverview_CreateDeployManifestService_chrome\serviceOverview_CreateDeployManifestService_chrome_46_Feb_211741.jpg alt='Lamp' width='500' height='400'><br/>
Element is present :[[ChromeDriver: chrome on WINDOWS (ea7f7fa0a8d27c1775d8b44a6391514c)] -> xpath: //*[text()='Env Build Details']]<br/>
<img src=D:\BuildPiper3.2_Rahul\Reports\15Feb_211558\serviceOverview_CreateDeployManifestService_chrome\serviceOverview_CreateDeployManifestService_chrome_46_Feb_211742.jpg alt='Lamp' width='500' height='400'><br/>
Clicking on element Poc_QA validateBuildDetails<br/>
<img src=D:\BuildPiper3.2_Rahul\Reports\15Feb_211558\serviceOverview_CreateDeployManifestService_chrome\serviceOverview_CreateDeployManifestService_chrome_46_Feb_211742.jpg alt='Lamp' width='500' height='400'><br/>
Element is present :[[ChromeDriver: chrome on WINDOWS (ea7f7fa0a8d27c1775d8b44a6391514c)] -> xpath: //*[text()='Configure Build']]<br/>
<img src=D:\BuildPiper3.2_Rahul\Reports\15Feb_211558\serviceOverview_CreateDeployManifestService_chrome\serviceOverview_CreateDeployManifestService_chrome_46_Feb_211742.jpg alt='Lamp' width='500' height='400'><br/>
Clicking on element Poc_QA clickConfigBuild<br/>
<img src=D:\BuildPiper3.2_Rahul\Reports\15Feb_211558\serviceOverview_CreateDeployManifestService_chrome\serviceOverview_CreateDeployManifestService_chrome_46_Feb_211742.jpg alt='Lamp' width='500' height='400'><br/>
Element is present :[[ChromeDriver: chrome on WINDOWS (ea7f7fa0a8d27c1775d8b44a6391514c)] -> xpath: //div[@class='md-step-circle current']]<br/>
<img src=D:\BuildPiper3.2_Rahul\Reports\15Feb_211558\serviceOverview_CreateDeployManifestService_chrome\serviceOverview_CreateDeployManifestService_chrome_46_Feb_211746.jpg alt='Lamp' width='500' height='400'><br/>
Element is present :[[ChromeDriver: chrome on WINDOWS (ea7f7fa0a8d27c1775d8b44a6391514c)] -> xpath: //h4[@class='mainHeading']]<br/>
<img src=D:\BuildPiper3.2_Rahul\Reports\15Feb_211558\serviceOverview_CreateDeployManifestService_chrome\serviceOverview_CreateDeployManifestService_chrome_46_Feb_211746.jpg alt='Lamp' width='500' height='400'><br/>
Element is present :[[ChromeDriver: chrome on WINDOWS (ea7f7fa0a8d27c1775d8b44a6391514c)] -> xpath: //*[text()='Please Select the Git URL']]<br/>
<img src=D:\BuildPiper3.2_Rahul\Reports\15Feb_211558\serviceOverview_CreateDeployManifestService_chrome\serviceOverview_CreateDeployManifestService_chrome_46_Feb_211746.jpg alt='Lamp' width='500' height='400'><br/>
Element is present :[[ChromeDriver: chrome on WINDOWS (ea7f7fa0a8d27c1775d8b44a6391514c)] -> xpath: //div[@class='MuiInputBase-root MuiOutlinedInput-root MuiAutocomplete-inputRoot MuiInputBase-fullWidth MuiInputBase-formControl MuiInputBase-adornedEnd MuiOutlinedInput-adornedEnd']]<br/>
<img src=D:\BuildPiper3.2_Rahul\Reports\15Feb_211558\serviceOverview_CreateDeployManifestService_chrome\serviceOverview_CreateDeployManifestService_chrome_46_Feb_211746.jpg alt='Lamp' width='500' height='400'><br/>
Clicking on element Poc_QA gitUrlInputField<br/>
<img src=D:\BuildPiper3.2_Rahul\Reports\15Feb_211558\serviceOverview_CreateDeployManifestService_chrome\serviceOverview_CreateDeployManifestService_chrome_46_Feb_211747.jpg alt='Lamp' width='500' height='400'><br/>
Clicking on element ClicksclearField<br/>
<img src=D:\BuildPiper3.2_Rahul\Reports\15Feb_211558\serviceOverview_CreateDeployManifestService_chrome\serviceOverview_CreateDeployManifestService_chrome_46_Feb_211752.jpg alt='Lamp' width='500' height='400'><br/>
Element is present :[[ChromeDriver: chrome on WINDOWS (ea7f7fa0a8d27c1775d8b44a6391514c)] -> xpath: //*[text()='Load Branches']]<br/>
<img src=D:\BuildPiper3.2_Rahul\Reports\15Feb_211558\serviceOverview_CreateDeployManifestService_chrome\serviceOverview_CreateDeployManifestService_chrome_46_Feb_211802.jpg alt='Lamp' width='500' height='400'><br/>
Clicking on element Poc_QA loadBranchesBtn<br/>
<img src=D:\BuildPiper3.2_Rahul\Reports\15Feb_211558\serviceOverview_CreateDeployManifestService_chrome\serviceOverview_CreateDeployManifestService_chrome_46_Feb_211802.jpg alt='Lamp' width='500' height='400'><br/>
Element is present :[[ChromeDriver: chrome on WINDOWS (ea7f7fa0a8d27c1775d8b44a6391514c)] -> xpath: //*[text()='Advance Configurations']]<br/>
<img src=D:\BuildPiper3.2_Rahul\Reports\15Feb_211558\serviceOverview_CreateDeployManifestService_chrome\serviceOverview_CreateDeployManifestService_chrome_46_Feb_211815.jpg alt='Lamp' width='500' height='400'><br/>
Element is present :[[ChromeDriver: chrome on WINDOWS (ea7f7fa0a8d27c1775d8b44a6391514c)] -> xpath: //input[@name='buildx_platform_settings']/../span[2]]<br/>
<img src=D:\BuildPiper3.2_Rahul\Reports\15Feb_211558\serviceOverview_CreateDeployManifestService_chrome\serviceOverview_CreateDeployManifestService_chrome_46_Feb_211818.jpg alt='Lamp' width='500' height='400'><br/>
Clicking on element Poc_QA advanceConfig Radiobutton<br/>
<img src=D:\BuildPiper3.2_Rahul\Reports\15Feb_211558\serviceOverview_CreateDeployManifestService_chrome\serviceOverview_CreateDeployManifestService_chrome_46_Feb_211818.jpg alt='Lamp' width='500' height='400'><br/>
Clicking on element Poc_QA defaultImageGenerated Radiobutton<br/>
<img src=D:\BuildPiper3.2_Rahul\Reports\15Feb_211558\serviceOverview_CreateDeployManifestService_chrome\serviceOverview_CreateDeployManifestService_chrome_46_Feb_211820.jpg alt='Lamp' width='500' height='400'><br/>
Clicking on element Poc_QA linux_amd64 Option<br/>
<img src=D:\BuildPiper3.2_Rahul\Reports\15Feb_211558\serviceOverview_CreateDeployManifestService_chrome\serviceOverview_CreateDeployManifestService_chrome_46_Feb_211823.jpg alt='Lamp' width='500' height='400'><br/>
Clicking on element Poc_QA linux_arm64 Option<br/>
<img src=D:\BuildPiper3.2_Rahul\Reports\15Feb_211558\serviceOverview_CreateDeployManifestService_chrome\serviceOverview_CreateDeployManifestService_chrome_46_Feb_211824.jpg alt='Lamp' width='500' height='400'><br/>
Clicking on element Poc_QA clickContinueBtn<br/>
<img src=D:\BuildPiper3.2_Rahul\Reports\15Feb_211558\serviceOverview_CreateDeployManifestService_chrome\serviceOverview_CreateDeployManifestService_chrome_46_Feb_211826.jpg alt='Lamp' width='500' height='400'><br/>
Element is present :[[ChromeDriver: chrome on WINDOWS (ea7f7fa0a8d27c1775d8b44a6391514c)] -> xpath: //h4[@class='mainHeading']]<br/>
<img src=D:\BuildPiper3.2_Rahul\Reports\15Feb_211558\serviceOverview_CreateDeployManifestService_chrome\serviceOverview_CreateDeployManifestService_chrome_46_Feb_211831.jpg alt='Lamp' width='500' height='400'><br/>
Element is present :[[ChromeDriver: chrome on WINDOWS (ea7f7fa0a8d27c1775d8b44a6391514c)] -> xpath: //*[text()='Build Env Details']]<br/>
<img src=D:\BuildPiper3.2_Rahul\Reports\15Feb_211558\serviceOverview_CreateDeployManifestService_chrome\serviceOverview_CreateDeployManifestService_chrome_46_Feb_211832.jpg alt='Lamp' width='500' height='400'><br/>
Clicking on element Poc_QA envDetailsSwitch<br/>
<img src=D:\BuildPiper3.2_Rahul\Reports\15Feb_211558\serviceOverview_CreateDeployManifestService_chrome\serviceOverview_CreateDeployManifestService_chrome_46_Feb_211832.jpg alt='Lamp' width='500' height='400'><br/>
Setting value on element Poc_QA envName<br/>
<img src=D:\BuildPiper3.2_Rahul\Reports\15Feb_211558\serviceOverview_CreateDeployManifestService_chrome\serviceOverview_CreateDeployManifestService_chrome_46_Feb_211832.jpg alt='Lamp' width='500' height='400'><br/>
Setting value on element Poc_QA envValue<br/>
<img src=D:\BuildPiper3.2_Rahul\Reports\15Feb_211558\serviceOverview_CreateDeployManifestService_chrome\serviceOverview_CreateDeployManifestService_chrome_46_Feb_211832.jpg alt='Lamp' width='500' height='400'><br/>
Clicking on element Poc_QA clickContinueBtn<br/>
<img src=D:\BuildPiper3.2_Rahul\Reports\15Feb_211558\serviceOverview_CreateDeployManifestService_chrome\serviceOverview_CreateDeployManifestService_chrome_46_Feb_211833.jpg alt='Lamp' width='500' height='400'><br/>
Clicking on element Poc_QA preHooksSwitch<br/>
<img src=D:\BuildPiper3.2_Rahul\Reports\15Feb_211558\serviceOverview_CreateDeployManifestService_chrome\serviceOverview_CreateDeployManifestService_chrome_46_Feb_211833.jpg alt='Lamp' width='500' height='400'><br/>
Setting value on element Poc_QA preHooksPasswordBox1<br/>
<img src=D:\BuildPiper3.2_Rahul\Reports\15Feb_211558\serviceOverview_CreateDeployManifestService_chrome\serviceOverview_CreateDeployManifestService_chrome_46_Feb_211833.jpg alt='Lamp' width='500' height='400'><br/>
Clicking on element clicks on add New Hook<br/>
<img src=D:\BuildPiper3.2_Rahul\Reports\15Feb_211558\serviceOverview_CreateDeployManifestService_chrome\serviceOverview_CreateDeployManifestService_chrome_46_Feb_211834.jpg alt='Lamp' width='500' height='400'><br/>
Setting value on element Poc_QA preHooksPasswordBox2<br/>
<img src=D:\BuildPiper3.2_Rahul\Reports\15Feb_211558\serviceOverview_CreateDeployManifestService_chrome\serviceOverview_CreateDeployManifestService_chrome_46_Feb_211834.jpg alt='Lamp' width='500' height='400'><br/>
Clicking on element Poc_QA postHooksSwitch<br/>
<img src=D:\BuildPiper3.2_Rahul\Reports\15Feb_211558\serviceOverview_CreateDeployManifestService_chrome\serviceOverview_CreateDeployManifestService_chrome_46_Feb_211834.jpg alt='Lamp' width='500' height='400'><br/>
Setting value on element Poc_QA postHooksPasswordBox1<br/>
<img src=D:\BuildPiper3.2_Rahul\Reports\15Feb_211558\serviceOverview_CreateDeployManifestService_chrome\serviceOverview_CreateDeployManifestService_chrome_46_Feb_211834.jpg alt='Lamp' width='500' height='400'><br/>
Clicking on element clicks on add New Post Hook<br/>
<img src=D:\BuildPiper3.2_Rahul\Reports\15Feb_211558\serviceOverview_CreateDeployManifestService_chrome\serviceOverview_CreateDeployManifestService_chrome_46_Feb_211835.jpg alt='Lamp' width='500' height='400'><br/>
Setting value on element Poc_QA postHooksPasswordBox2<br/>
<img src=D:\BuildPiper3.2_Rahul\Reports\15Feb_211558\serviceOverview_CreateDeployManifestService_chrome\serviceOverview_CreateDeployManifestService_chrome_46_Feb_211835.jpg alt='Lamp' width='500' height='400'><br/>
Clicking on element Poc_QA submitHooks<br/>
<img src=D:\BuildPiper3.2_Rahul\Reports\15Feb_211558\serviceOverview_CreateDeployManifestService_chrome\serviceOverview_CreateDeployManifestService_chrome_46_Feb_211835.jpg alt='Lamp' width='500' height='400'><br/>
Element is present :[[ChromeDriver: chrome on WINDOWS (ea7f7fa0a8d27c1775d8b44a6391514c)] -> xpath: /html/body/div[1]/div/main/div[1]/div/div[1]/div/div/div[2]/div[2]/span[2]]<br/>
<img src=D:\BuildPiper3.2_Rahul\Reports\15Feb_211558\serviceOverview_CreateDeployManifestService_chrome\serviceOverview_CreateDeployManifestService_chrome_46_Feb_211836.jpg alt='Lamp' width='500' height='400'><br/>
Element is present :[[ChromeDriver: chrome on WINDOWS (ea7f7fa0a8d27c1775d8b44a6391514c)] -> xpath: //*[text()='Job Template: ']]<br/>
<img src=D:\BuildPiper3.2_Rahul\Reports\15Feb_211558\serviceOverview_CreateDeployManifestService_chrome\serviceOverview_CreateDeployManifestService_chrome_46_Feb_211836.jpg alt='Lamp' width='500' height='400'><br/>
Element is present :[[ChromeDriver: chrome on WINDOWS (ea7f7fa0a8d27c1775d8b44a6391514c)] -> xpath: //*[text()='Env Deploy Details']]<br/>
<img src=D:\BuildPiper3.2_Rahul\Reports\15Feb_211558\serviceOverview_CreateDeployManifestService_chrome\serviceOverview_CreateDeployManifestService_chrome_46_Feb_211836.jpg alt='Lamp' width='500' height='400'><br/>
Clicking on element Poc_QA validateDeployDetails<br/>
<img src=D:\BuildPiper3.2_Rahul\Reports\15Feb_211558\serviceOverview_CreateDeployManifestService_chrome\serviceOverview_CreateDeployManifestService_chrome_46_Feb_211837.jpg alt='Lamp' width='500' height='400'><br/>
Element is present :[[ChromeDriver: chrome on WINDOWS (ea7f7fa0a8d27c1775d8b44a6391514c)] -> xpath: (//button[@class='btn btn-submit'])[2]]<br/>
<img src=D:\BuildPiper3.2_Rahul\Reports\15Feb_211558\serviceOverview_CreateDeployManifestService_chrome\serviceOverview_CreateDeployManifestService_chrome_46_Feb_211837.jpg alt='Lamp' width='500' height='400'><br/>
Clicking on element clicks on CustomManifest Config button<br/>
<img src=D:\BuildPiper3.2_Rahul\Reports\15Feb_211558\serviceOverview_CreateDeployManifestService_chrome\serviceOverview_CreateDeployManifestService_chrome_46_Feb_211837.jpg alt='Lamp' width='500' height='400'><br/>
Element is present :[[ChromeDriver: chrome on WINDOWS (ea7f7fa0a8d27c1775d8b44a6391514c)] -> xpath: //select[@name='image_pull_policy']]<br/>
<img src=D:\BuildPiper3.2_Rahul\Reports\15Feb_211558\serviceOverview_CreateDeployManifestService_chrome\serviceOverview_CreateDeployManifestService_chrome_46_Feb_211841.jpg alt='Lamp' width='500' height='400'><br/>
Element is present :[[ChromeDriver: chrome on WINDOWS (ea7f7fa0a8d27c1775d8b44a6391514c)] -> xpath: //input[@value='MANIFEST_UPLOAD']/..]<br/>
<img src=D:\BuildPiper3.2_Rahul\Reports\15Feb_211558\serviceOverview_CreateDeployManifestService_chrome\serviceOverview_CreateDeployManifestService_chrome_46_Feb_211845.jpg alt='Lamp' width='500' height='400'><br/>
Clicking on element clicks on uploadManifest RadioButton<br/>
<img src=D:\BuildPiper3.2_Rahul\Reports\15Feb_211558\serviceOverview_CreateDeployManifestService_chrome\serviceOverview_CreateDeployManifestService_chrome_46_Feb_211845.jpg alt='Lamp' width='500' height='400'><br/>
Element is present :[[ChromeDriver: chrome on WINDOWS (ea7f7fa0a8d27c1775d8b44a6391514c)] -> xpath: //input[@class='file-upload-input']]<br/>
<img src=D:\BuildPiper3.2_Rahul\Reports\15Feb_211558\serviceOverview_CreateDeployManifestService_chrome\serviceOverview_CreateDeployManifestService_chrome_46_Feb_211845.jpg alt='Lamp' width='500' height='400'><br/>
 Element :[[ChromeDriver: chrome on WINDOWS (ea7f7fa0a8d27c1775d8b44a6391514c)] -> xpath: //input[@class='file-upload-input']] is not clickable using selenium click<br/>
<img src=D:\BuildPiper3.2_Rahul\Reports\15Feb_211558\serviceOverview_CreateDeployManifestService_chrome\serviceOverview_CreateDeployManifestService_chrome_46_Feb_211845.jpg alt='Lamp' width='500' height='400'><br/>
Clicking on element clicks on upload YAML<br/>
<img src=D:\BuildPiper3.2_Rahul\Reports\15Feb_211558\serviceOverview_CreateDeployManifestService_chrome\serviceOverview_CreateDeployManifestService_chrome_46_Feb_211846.jpg alt='Lamp' width='500' height='400'><br/>
Uploading the File Path D:\BuildPiper3.2_Rahul\src\test\resources\testfiles\upload\UploadYAML\deploymentManifestSample.yaml<br/>
<img src=D:\BuildPiper3.2_Rahul\Reports\15Feb_211558\serviceOverview_CreateDeployManifestService_chrome\serviceOverview_CreateDeployManifestService_chrome_46_Feb_211851.jpg alt='Lamp' width='500' height='400'><br/>
Clicking on element clicks continue button<br/>
<img src=D:\BuildPiper3.2_Rahul\Reports\15Feb_211558\serviceOverview_CreateDeployManifestService_chrome\serviceOverview_CreateDeployManifestService_chrome_46_Feb_211908.jpg alt='Lamp' width='500' height='400'><br/>
Element is present :[[ChromeDriver: chrome on WINDOWS (ea7f7fa0a8d27c1775d8b44a6391514c)] -> xpath: //li//button[@class='app-cluster-button']//span[1][@title]]<br/>
<img src=D:\BuildPiper3.2_Rahul\Reports\15Feb_211558\serviceOverview_CreateDeployManifestService_chrome\serviceOverview_CreateDeployManifestService_chrome_46_Feb_211908.jpg alt='Lamp' width='500' height='400'><br/>
Element is present :[[ChromeDriver: chrome on WINDOWS (ea7f7fa0a8d27c1775d8b44a6391514c)] -> xpath: //button//div//span[@class='flaticon-expand-arrow']/../../..//div//button//p[text()='Service Overview']]<br/>
<img src=D:\BuildPiper3.2_Rahul\Reports\15Feb_211558\serviceOverview_CreateDeployManifestService_chrome\serviceOverview_CreateDeployManifestService_chrome_46_Feb_211909.jpg alt='Lamp' width='500' height='400'><br/>
Move and Action Clicking to element :<br/>
<img src=D:\BuildPiper3.2_Rahul\Reports\15Feb_211558\serviceOverview_CreateDeployManifestService_chrome\serviceOverview_CreateDeployManifestService_chrome_46_Feb_211909.jpg alt='Lamp' width='500' height='400'><br/>
Element is present :[[ChromeDriver: chrome on WINDOWS (ea7f7fa0a8d27c1775d8b44a6391514c)] -> xpath: //input[@placeholder='Name']]<br/>
<img src=D:\BuildPiper3.2_Rahul\Reports\15Feb_211558\serviceOverview_CreateDeployManifestService_chrome\serviceOverview_CreateDeployManifestService_chrome_46_Feb_211914.jpg alt='Lamp' width='500' height='400'><br/>
Clicking on element clicks on environment overview tab under applicartion name<br/>
<img src=D:\BuildPiper3.2_Rahul\Reports\15Feb_211558\serviceOverview_CreateDeployManifestService_chrome\serviceOverview_CreateDeployManifestService_chrome_46_Feb_211914.jpg alt='Lamp' width='500' height='400'><br/>
Clicking on element clicks buildButton<br/>
<img src=D:\BuildPiper3.2_Rahul\Reports\15Feb_211558\serviceOverview_CreateDeployManifestService_chrome\serviceOverview_CreateDeployManifestService_chrome_46_Feb_211923.jpg alt='Lamp' width='500' height='400'><br/>
Element is present :[[ChromeDriver: chrome on WINDOWS (ea7f7fa0a8d27c1775d8b44a6391514c)] -> xpath: //span[contains(text(),'Please note You are building image in Env.')]/following-sibling::span[1]]<br/>
<img src=D:\BuildPiper3.2_Rahul\Reports\15Feb_211558\serviceOverview_CreateDeployManifestService_chrome\serviceOverview_CreateDeployManifestService_chrome_46_Feb_211929.jpg alt='Lamp' width='500' height='400'><br/>
Clicking on element clicks triggerBuild<br/>
<img src=D:\BuildPiper3.2_Rahul\Reports\15Feb_211558\serviceOverview_CreateDeployManifestService_chrome\serviceOverview_CreateDeployManifestService_chrome_46_Feb_211932.jpg alt='Lamp' width='500' height='400'><br/>
Clicking on element refresh BuildandDeploy button<br/>
<img src=D:\BuildPiper3.2_Rahul\Reports\15Feb_211558\serviceOverview_CreateDeployManifestService_chrome\serviceOverview_CreateDeployManifestService_chrome_46_Feb_211941.jpg alt='Lamp' width='500' height='400'><br/>
Element is present :[[ChromeDriver: chrome on WINDOWS (ea7f7fa0a8d27c1775d8b44a6391514c)] -> xpath: //div[@class='round-chip bg-round-blue status-font' or @class='round-chip bg-round-green status-font']]<br/>
<img src=D:\BuildPiper3.2_Rahul\Reports\15Feb_211558\serviceOverview_CreateDeployManifestService_chrome\serviceOverview_CreateDeployManifestService_chrome_46_Feb_211944.jpg alt='Lamp' width='500' height='400'><br/>
Clicking on element buildRecent<br/>
<img src=D:\BuildPiper3.2_Rahul\Reports\15Feb_211558\serviceOverview_CreateDeployManifestService_chrome\serviceOverview_CreateDeployManifestService_chrome_46_Feb_212115.jpg alt='Lamp' width='500' height='400'><br/>
Clicking on element refresh BuildandDeploy button<br/>
<img src=D:\BuildPiper3.2_Rahul\Reports\15Feb_211558\serviceOverview_CreateDeployManifestService_chrome\serviceOverview_CreateDeployManifestService_chrome_46_Feb_212125.jpg alt='Lamp' width='500' height='400'><br/>
Clicking on element refresh BuildandDeploy button<br/>
<img src=D:\BuildPiper3.2_Rahul\Reports\15Feb_211558\serviceOverview_CreateDeployManifestService_chrome\serviceOverview_CreateDeployManifestService_chrome_46_Feb_212206.jpg alt='Lamp' width='500' height='400'><br/>
Element is present :[[ChromeDriver: chrome on WINDOWS (ea7f7fa0a8d27c1775d8b44a6391514c)] -> xpath: //div[@class='round-chip bg-round-blue status-font' or @class='round-chip bg-round-green status-font']]<br/>
<img src=D:\BuildPiper3.2_Rahul\Reports\15Feb_211558\serviceOverview_CreateDeployManifestService_chrome\serviceOverview_CreateDeployManifestService_chrome_46_Feb_212221.jpg alt='Lamp' width='500' height='400'><br/>
Clicking on element clicks buildwindow_closeButton<br/>
<img src=D:\BuildPiper3.2_Rahul\Reports\15Feb_211558\serviceOverview_CreateDeployManifestService_chrome\serviceOverview_CreateDeployManifestService_chrome_46_Feb_212224.jpg alt='Lamp' width='500' height='400'><br/>
Clicking on element refresh BuildandDeploy button<br/>
<img src=D:\BuildPiper3.2_Rahul\Reports\15Feb_211558\serviceOverview_CreateDeployManifestService_chrome\serviceOverview_CreateDeployManifestService_chrome_46_Feb_212233.jpg alt='Lamp' width='500' height='400'><br/>
Element is present :[[ChromeDriver: chrome on WINDOWS (ea7f7fa0a8d27c1775d8b44a6391514c)] -> xpath: (//div/p[text()='Artifact']/following-sibling::span)[1]]<br/>
<img src=D:\BuildPiper3.2_Rahul\Reports\15Feb_211558\serviceOverview_CreateDeployManifestService_chrome\serviceOverview_CreateDeployManifestService_chrome_46_Feb_212235.jpg alt='Lamp' width='500' height='400'><br/>
Clicking on element clicks deployButton<br/>
<img src=D:\BuildPiper3.2_Rahul\Reports\15Feb_211558\serviceOverview_CreateDeployManifestService_chrome\serviceOverview_CreateDeployManifestService_chrome_46_Feb_212235.jpg alt='Lamp' width='500' height='400'><br/>
Clicking on element deploytagInput<br/>
<img src=D:\BuildPiper3.2_Rahul\Reports\15Feb_211558\serviceOverview_CreateDeployManifestService_chrome\serviceOverview_CreateDeployManifestService_chrome_46_Feb_212241.jpg alt='Lamp' width='500' height='400'><br/>
Clicking on element cleardeployDropDown<br/>
<img src=D:\BuildPiper3.2_Rahul\Reports\15Feb_211558\serviceOverview_CreateDeployManifestService_chrome\serviceOverview_CreateDeployManifestService_chrome_46_Feb_212241.jpg alt='Lamp' width='500' height='400'><br/>
Clicking on element clicks triggerDeploy<br/>
<img src=D:\BuildPiper3.2_Rahul\Reports\15Feb_211558\serviceOverview_CreateDeployManifestService_chrome\serviceOverview_CreateDeployManifestService_chrome_46_Feb_212250.jpg alt='Lamp' width='500' height='400'><br/>
Clicking on element refresh BuildandDeploy button<br/>
<img src=D:\BuildPiper3.2_Rahul\Reports\15Feb_211558\serviceOverview_CreateDeployManifestService_chrome\serviceOverview_CreateDeployManifestService_chrome_46_Feb_212258.jpg alt='Lamp' width='500' height='400'><br/>
Exception while scroll to view of element: <br/>
Exception while scroll to view of element: <br/>
 Element :Proxy element for: DefaultElementLocator 'By.xpath: //div[contains(@class,'popup-card')]//span[text()='Deploy#']' is not clickable using javaScript<br/>
 Element :Proxy element for: DefaultElementLocator 'By.xpath: //div[contains(@class,'popup-card')]//span[text()='Deploy#']' is not clickable using selenium click<br/>
<img src=D:\BuildPiper3.2_Rahul\Reports\15Feb_211558\serviceOverview_CreateDeployManifestService_chrome\serviceOverview_CreateDeployManifestService_chrome_46_Feb_212428.jpg alt='Lamp' width='500' height='400'><br/>
Clicking on element deployRecent<br/>
<img src=D:\BuildPiper3.2_Rahul\Reports\15Feb_211558\serviceOverview_CreateDeployManifestService_chrome\serviceOverview_CreateDeployManifestService_chrome_46_Feb_212428.jpg alt='Lamp' width='500' height='400'><br/>
Clicking on element refresh BuildandDeploy button<br/>
<img src=D:\BuildPiper3.2_Rahul\Reports\15Feb_211558\serviceOverview_CreateDeployManifestService_chrome\serviceOverview_CreateDeployManifestService_chrome_46_Feb_212449.jpg alt='Lamp' width='500' height='400'><br/>
Clicking on element refresh BuildandDeploy button<br/>
<img src=D:\BuildPiper3.2_Rahul\Reports\15Feb_211558\serviceOverview_CreateDeployManifestService_chrome\serviceOverview_CreateDeployManifestService_chrome_46_Feb_212459.jpg alt='Lamp' width='500' height='400'><br/>
####### End of Test Case: serviceOverview_CreateDeployManifestService #######<br/>
</div>
</td>
<td><div><pre>org.openqa.selenium.NoSuchElementException: no such element: Unable to locate element: {&quot;method&quot;:&quot;xpath&quot;,&quot;selector&quot;:&quot;//div[contains(@class,&apos;popup-card&apos;)]//td//span[contains(@class,&apos;round-chip&apos;)]&quot;}
  (Session info: chrome=121.0.6167.162)
For documentation on this error, please visit: https://www.seleniumhq.org/exceptions/no_such_element.html
Build info: version: &apos;3.141.59&apos;, revision: &apos;e82be7d358&apos;, time: &apos;2018-11-14T08:17:03&apos;
System info: host: &apos;DESKTOP-PTF1H2O&apos;, ip: &apos;192.168.1.8&apos;, os.name: &apos;Windows 10&apos;, os.arch: &apos;amd64&apos;, os.version: &apos;10.0&apos;, java.version: &apos;19.0.1&apos;
Driver info: org.openqa.selenium.chrome.ChromeDriver
Capabilities {acceptInsecureCerts: false, browserName: chrome, browserVersion: 121.0.6167.162, chrome: {chromedriverVersion: 121.0.6167.85 (3f98d690ad7e..., userDataDir: C:\Users\Rahul\AppData\Loca...}, fedcm:accounts: true, goog:chromeOptions: {debuggerAddress: localhost:60197}, javascriptEnabled: true, networkConnectionEnabled: false, pageLoadStrategy: normal, platform: WINDOWS, platformName: WINDOWS, proxy: Proxy(), setWindowRect: true, strictFileInteractability: false, timeouts: {implicit: 0, pageLoad: 300000, script: 30000}, unhandledPromptBehavior: dismiss and notify, webauthn:extension:credBlob: true, webauthn:extension:largeBlob: true, webauthn:extension:minPinLength: true, webauthn:extension:prf: true, webauthn:virtualAuthenticators: true}
Session ID: ea7f7fa0a8d27c1775d8b44a6391514c
*** Element info: {Using=xpath, value=//div[contains(@class,&apos;popup-card&apos;)]//td//span[contains(@class,&apos;round-chip&apos;)]}
	at org.openqa.selenium.remote.http.W3CHttpResponseCodec.createException(W3CHttpResponseCodec.java:187)
	at org.openqa.selenium.remote.http.W3CHttpResponseCodec.decode(W3CHttpResponseCodec.java:122)
	at org.openqa.selenium.remote.http.W3CHttpResponseCodec.decode(W3CHttpResponseCodec.java:49)
	at org.openqa.selenium.remote.HttpCommandExecutor.execute(HttpCommandExecutor.java:158)
	at org.openqa.selenium.remote.service.DriverCommandExecutor.execute(DriverCommandExecutor.java:83)
	at org.openqa.selenium.remote.RemoteWebDriver.execute(RemoteWebDriver.java:552)
	at org.openqa.selenium.remote.RemoteWebDriver.findElement(RemoteWebDriver.java:323)
	at org.openqa.selenium.remote.RemoteWebDriver.findElementByXPath(RemoteWebDriver.java:428)
	at org.openqa.selenium.By$ByXPath.findElement(By.java:353)
	at org.openqa.selenium.remote.RemoteWebDriver.findElement(RemoteWebDriver.java:315)
	at org.openqa.selenium.support.pagefactory.DefaultElementLocator.findElement(DefaultElementLocator.java:69)
	at org.openqa.selenium.support.pagefactory.internal.LocatingElementHandler.invoke(LocatingElementHandler.java:38)
	at jdk.proxy2/jdk.proxy2.$Proxy26.isDisplayed(Unknown Source)
	at com.buildpiper.capabilities.UICapability.ui_IsElementDisplay(UICapability.java:190)
	at com.buildpiper.base.Capability.ui_IsElementDisplay(Capability.java:265)
	at com.buildpiper.pages.ServiceCreationPage.Verify_deployStatus(ServiceCreationPage.java:2253)
	at com.buildpiper.testcases.ServiceCreationComprehensiveTestCases.serviceOverview_CreateDeployManifestService(ServiceCreationComprehensiveTestCases.java:575)
	at java.base/java.util.ArrayList.forEach(ArrayList.java:1511)
... Removed 28 stack frames</pre></div><a href='#' onClick='toggleBox("stack-trace1301542747", this, "Click to show all stack frames", "Click to hide stack frames")'>Click to show all stack frames</a>
<div class='stack-trace' id='stack-trace1301542747'><pre>org.openqa.selenium.NoSuchElementException: no such element: Unable to locate element: {&quot;method&quot;:&quot;xpath&quot;,&quot;selector&quot;:&quot;//div[contains(@class,&apos;popup-card&apos;)]//td//span[contains(@class,&apos;round-chip&apos;)]&quot;}
  (Session info: chrome=121.0.6167.162)
For documentation on this error, please visit: https://www.seleniumhq.org/exceptions/no_such_element.html
Build info: version: &apos;3.141.59&apos;, revision: &apos;e82be7d358&apos;, time: &apos;2018-11-14T08:17:03&apos;
System info: host: &apos;DESKTOP-PTF1H2O&apos;, ip: &apos;192.168.1.8&apos;, os.name: &apos;Windows 10&apos;, os.arch: &apos;amd64&apos;, os.version: &apos;10.0&apos;, java.version: &apos;19.0.1&apos;
Driver info: org.openqa.selenium.chrome.ChromeDriver
Capabilities {acceptInsecureCerts: false, browserName: chrome, browserVersion: 121.0.6167.162, chrome: {chromedriverVersion: 121.0.6167.85 (3f98d690ad7e..., userDataDir: C:\Users\Rahul\AppData\Loca...}, fedcm:accounts: true, goog:chromeOptions: {debuggerAddress: localhost:60197}, javascriptEnabled: true, networkConnectionEnabled: false, pageLoadStrategy: normal, platform: WINDOWS, platformName: WINDOWS, proxy: Proxy(), setWindowRect: true, strictFileInteractability: false, timeouts: {implicit: 0, pageLoad: 300000, script: 30000}, unhandledPromptBehavior: dismiss and notify, webauthn:extension:credBlob: true, webauthn:extension:largeBlob: true, webauthn:extension:minPinLength: true, webauthn:extension:prf: true, webauthn:virtualAuthenticators: true}
Session ID: ea7f7fa0a8d27c1775d8b44a6391514c
*** Element info: {Using=xpath, value=//div[contains(@class,&apos;popup-card&apos;)]//td//span[contains(@class,&apos;round-chip&apos;)]}
	at java.base/jdk.internal.reflect.DirectConstructorHandleAccessor.newInstance(DirectConstructorHandleAccessor.java:67)
	at java.base/java.lang.reflect.Constructor.newInstanceWithCaller(Constructor.java:500)
	at java.base/java.lang.reflect.Constructor.newInstance(Constructor.java:484)
	at org.openqa.selenium.remote.http.W3CHttpResponseCodec.createException(W3CHttpResponseCodec.java:187)
	at org.openqa.selenium.remote.http.W3CHttpResponseCodec.decode(W3CHttpResponseCodec.java:122)
	at org.openqa.selenium.remote.http.W3CHttpResponseCodec.decode(W3CHttpResponseCodec.java:49)
	at org.openqa.selenium.remote.HttpCommandExecutor.execute(HttpCommandExecutor.java:158)
	at org.openqa.selenium.remote.service.DriverCommandExecutor.execute(DriverCommandExecutor.java:83)
	at org.openqa.selenium.remote.RemoteWebDriver.execute(RemoteWebDriver.java:552)
	at org.openqa.selenium.remote.RemoteWebDriver.findElement(RemoteWebDriver.java:323)
	at org.openqa.selenium.remote.RemoteWebDriver.findElementByXPath(RemoteWebDriver.java:428)
	at org.openqa.selenium.By$ByXPath.findElement(By.java:353)
	at org.openqa.selenium.remote.RemoteWebDriver.findElement(RemoteWebDriver.java:315)
	at org.openqa.selenium.support.pagefactory.DefaultElementLocator.findElement(DefaultElementLocator.java:69)
	at org.openqa.selenium.support.pagefactory.internal.LocatingElementHandler.invoke(LocatingElementHandler.java:38)
	at jdk.proxy2/jdk.proxy2.$Proxy26.isDisplayed(Unknown Source)
	at com.buildpiper.capabilities.UICapability.ui_IsElementDisplay(UICapability.java:190)
	at com.buildpiper.base.Capability.ui_IsElementDisplay(Capability.java:265)
	at com.buildpiper.pages.ServiceCreationPage.Verify_deployStatus(ServiceCreationPage.java:2253)
	at com.buildpiper.testcases.ServiceCreationComprehensiveTestCases.serviceOverview_CreateDeployManifestService(ServiceCreationComprehensiveTestCases.java:575)
	at java.base/jdk.internal.reflect.DirectMethodHandleAccessor.invoke(DirectMethodHandleAccessor.java:104)
	at java.base/java.lang.reflect.Method.invoke(Method.java:578)
	at org.testng.internal.MethodInvocationHelper.invokeMethod(MethodInvocationHelper.java:134)
	at org.testng.internal.TestInvoker.invokeMethod(TestInvoker.java:597)
	at org.testng.internal.TestInvoker.invokeTestMethod(TestInvoker.java:173)
	at org.testng.internal.MethodRunner.runInSequence(MethodRunner.java:46)
	at org.testng.internal.TestInvoker$MethodInvocationAgent.invoke(TestInvoker.java:816)
	at org.testng.internal.TestInvoker.invokeTestMethods(TestInvoker.java:146)
	at org.testng.internal.TestMethodWorker.invokeTestMethods(TestMethodWorker.java:146)
	at org.testng.internal.TestMethodWorker.run(TestMethodWorker.java:128)
	at java.base/java.util.ArrayList.forEach(ArrayList.java:1511)
	at org.testng.TestRunner.privateRun(TestRunner.java:766)
	at org.testng.TestRunner.run(TestRunner.java:587)
	at org.testng.SuiteRunner.runTest(SuiteRunner.java:384)
	at org.testng.SuiteRunner.runSequentially(SuiteRunner.java:378)
	at org.testng.SuiteRunner.privateRun(SuiteRunner.java:337)
	at org.testng.SuiteRunner.run(SuiteRunner.java:286)
	at org.testng.SuiteRunnerWorker.runSuite(SuiteRunnerWorker.java:53)
	at org.testng.SuiteRunnerWorker.run(SuiteRunnerWorker.java:96)
	at org.testng.TestNG.runSuitesSequentially(TestNG.java:1187)
	at org.testng.TestNG.runSuitesLocally(TestNG.java:1109)
	at org.testng.TestNG.runSuites(TestNG.java:1039)
	at org.testng.TestNG.run(TestNG.java:1007)
	at org.testng.remote.AbstractRemoteTestNG.run(AbstractRemoteTestNG.java:115)
	at org.testng.remote.RemoteTestNG.initAndRun(RemoteTestNG.java:251)
	at org.testng.remote.RemoteTestNG.main(RemoteTestNG.java:77)
</pre></div></td>
<td>564</td>
<td>com.buildpiper.testcases.ServiceCreationComprehensiveTestCases@6f95cd51</td></tr>
<tr>
<td title='com.buildpiper.testcases.ServiceCreationComprehensiveTestCases.serviceOverview_CreateServiceManifest()'><b>serviceOverview_CreateServiceManifest</b><br>Test class: com.buildpiper.testcases.ServiceCreationComprehensiveTestCases<br/>
<a href="#Output-1197114389" onClick='toggleBox("Output-1197114389", this, "Show output", "Hide output");'>Show output</a>

<a href="#Output-1197114389" onClick="toggleAllBoxes();">Show all outputs</a>
<div class='log' id="Output-1197114389">
Exception while scroll to view of element: <br/>
Exception while scroll to view of element: <br/>
 Element :Proxy element for: DefaultElementLocator 'By.xpath: //div[@aria-controls='simple-menu']//div//div[2]//p' is not clickable using javaScript<br/>
 Element :Proxy element for: DefaultElementLocator 'By.xpath: //div[@aria-controls='simple-menu']//div//div[2]//p' is not clickable using selenium click<br/>
<img src=D:\BuildPiper3.2_Rahul\Reports\15Feb_211558\serviceOverview_CreateServiceManifest_chrome\serviceOverview_CreateServiceManifest_chrome_46_Feb_212625.jpg alt='Lamp' width='500' height='400'><br/>
Clicking on element userMenuAppBar<br/>
<img src=D:\BuildPiper3.2_Rahul\Reports\15Feb_211558\serviceOverview_CreateServiceManifest_chrome\serviceOverview_CreateServiceManifest_chrome_46_Feb_212625.jpg alt='Lamp' width='500' height='400'><br/>
 Element :Proxy element for: DefaultElementLocator 'By.xpath: //p[@class='inactive-portal cursor-pointer']' is not clickable using selenium click<br/>
<img src=D:\BuildPiper3.2_Rahul\Reports\15Feb_211558\serviceOverview_CreateServiceManifest_chrome\serviceOverview_CreateServiceManifest_chrome_46_Feb_212655.jpg alt='Lamp' width='500' height='400'><br/>
Clicking on element switching to user account<br/>
<img src=D:\BuildPiper3.2_Rahul\Reports\15Feb_211558\serviceOverview_CreateServiceManifest_chrome\serviceOverview_CreateServiceManifest_chrome_46_Feb_212655.jpg alt='Lamp' width='500' height='400'><br/>
Element is present :[[ChromeDriver: chrome on WINDOWS (ae99c2e8f1c20ea442d4d02cd42a4e69)] -> xpath: //li//button[@class='app-cluster-button']//span[1][@title]]<br/>
<img src=D:\BuildPiper3.2_Rahul\Reports\15Feb_211558\serviceOverview_CreateServiceManifest_chrome\serviceOverview_CreateServiceManifest_chrome_46_Feb_212701.jpg alt='Lamp' width='500' height='400'><br/>
Clicking on element Poc_QA serviceOverviewLink<br/>
<img src=D:\BuildPiper3.2_Rahul\Reports\15Feb_211558\serviceOverview_CreateServiceManifest_chrome\serviceOverview_CreateServiceManifest_chrome_46_Feb_212701.jpg alt='Lamp' width='500' height='400'><br/>
Element is present :[[ChromeDriver: chrome on WINDOWS (ae99c2e8f1c20ea442d4d02cd42a4e69)] -> xpath: //button[text()=' Add Service']]<br/>
<img src=D:\BuildPiper3.2_Rahul\Reports\15Feb_211558\serviceOverview_CreateServiceManifest_chrome\serviceOverview_CreateServiceManifest_chrome_46_Feb_212701.jpg alt='Lamp' width='500' height='400'><br/>
Clicking on element Poc_QA addServiceBtn<br/>
<img src=D:\BuildPiper3.2_Rahul\Reports\15Feb_211558\serviceOverview_CreateServiceManifest_chrome\serviceOverview_CreateServiceManifest_chrome_46_Feb_212702.jpg alt='Lamp' width='500' height='400'><br/>
Element is present :[[ChromeDriver: chrome on WINDOWS (ae99c2e8f1c20ea442d4d02cd42a4e69)] -> xpath: //h1[@class='main-heading']]<br/>
<img src=D:\BuildPiper3.2_Rahul\Reports\15Feb_211558\serviceOverview_CreateServiceManifest_chrome\serviceOverview_CreateServiceManifest_chrome_46_Feb_212702.jpg alt='Lamp' width='500' height='400'><br/>
Element is present :[[ChromeDriver: chrome on WINDOWS (ae99c2e8f1c20ea442d4d02cd42a4e69)] -> xpath: //p[(@class='sub-heading-primary')]]<br/>
<img src=D:\BuildPiper3.2_Rahul\Reports\15Feb_211558\serviceOverview_CreateServiceManifest_chrome\serviceOverview_CreateServiceManifest_chrome_46_Feb_212703.jpg alt='Lamp' width='500' height='400'><br/>
Setting value on element sets service name<br/>
<img src=D:\BuildPiper3.2_Rahul\Reports\15Feb_211558\serviceOverview_CreateServiceManifest_chrome\serviceOverview_CreateServiceManifest_chrome_46_Feb_212703.jpg alt='Lamp' width='500' height='400'><br/>
Setting value on element sets external name<br/>
<img src=D:\BuildPiper3.2_Rahul\Reports\15Feb_211558\serviceOverview_CreateServiceManifest_chrome\serviceOverview_CreateServiceManifest_chrome_46_Feb_212703.jpg alt='Lamp' width='500' height='400'><br/>
Clicking on element Poc_QA selectEveryRadioBtn<br/>
<img src=D:\BuildPiper3.2_Rahul\Reports\15Feb_211558\serviceOverview_CreateServiceManifest_chrome\serviceOverview_CreateServiceManifest_chrome_46_Feb_212704.jpg alt='Lamp' width='500' height='400'><br/>
Clicking on element Poc_QA SubmitCreatePage<br/>
<img src=D:\BuildPiper3.2_Rahul\Reports\15Feb_211558\serviceOverview_CreateServiceManifest_chrome\serviceOverview_CreateServiceManifest_chrome_46_Feb_212704.jpg alt='Lamp' width='500' height='400'><br/>
Element is present :[[ChromeDriver: chrome on WINDOWS (ae99c2e8f1c20ea442d4d02cd42a4e69)] -> xpath: //h1[@class='h1' and contains(.,'Create a Environment')]]<br/>
<img src=D:\BuildPiper3.2_Rahul\Reports\15Feb_211558\serviceOverview_CreateServiceManifest_chrome\serviceOverview_CreateServiceManifest_chrome_46_Feb_212705.jpg alt='Lamp' width='500' height='400'><br/>
Element is present :[[ChromeDriver: chrome on WINDOWS (ae99c2e8f1c20ea442d4d02cd42a4e69)] -> xpath: //div[@class='staticwrap-inner']]<br/>
<img src=D:\BuildPiper3.2_Rahul\Reports\15Feb_211558\serviceOverview_CreateServiceManifest_chrome\serviceOverview_CreateServiceManifest_chrome_46_Feb_212705.jpg alt='Lamp' width='500' height='400'><br/>
Element is present :[[ChromeDriver: chrome on WINDOWS (ae99c2e8f1c20ea442d4d02cd42a4e69)] -> xpath: //select[@name='env_id']]<br/>
<img src=D:\BuildPiper3.2_Rahul\Reports\15Feb_211558\serviceOverview_CreateServiceManifest_chrome\serviceOverview_CreateServiceManifest_chrome_46_Feb_212705.jpg alt='Lamp' width='500' height='400'><br/>
Element is present :[[ChromeDriver: chrome on WINDOWS (ae99c2e8f1c20ea442d4d02cd42a4e69)] -> xpath: //input[@name='image_name']]<br/>
<img src=D:\BuildPiper3.2_Rahul\Reports\15Feb_211558\serviceOverview_CreateServiceManifest_chrome\serviceOverview_CreateServiceManifest_chrome_46_Feb_212709.jpg alt='Lamp' width='500' height='400'><br/>
Element is present :[[ChromeDriver: chrome on WINDOWS (ae99c2e8f1c20ea442d4d02cd42a4e69)] -> xpath: //button[@class='btn btn-submit']]<br/>
<img src=D:\BuildPiper3.2_Rahul\Reports\15Feb_211558\serviceOverview_CreateServiceManifest_chrome\serviceOverview_CreateServiceManifest_chrome_46_Feb_212716.jpg alt='Lamp' width='500' height='400'><br/>
Clicking on element Poc_QA SubmitEnvPage<br/>
<img src=D:\BuildPiper3.2_Rahul\Reports\15Feb_211558\serviceOverview_CreateServiceManifest_chrome\serviceOverview_CreateServiceManifest_chrome_46_Feb_212716.jpg alt='Lamp' width='500' height='400'><br/>
Element is present :[[ChromeDriver: chrome on WINDOWS (ae99c2e8f1c20ea442d4d02cd42a4e69)] -> xpath: //div[@class='text-icon-section']//div//div]<br/>
<img src=D:\BuildPiper3.2_Rahul\Reports\15Feb_211558\serviceOverview_CreateServiceManifest_chrome\serviceOverview_CreateServiceManifest_chrome_46_Feb_212717.jpg alt='Lamp' width='500' height='400'><br/>
Element is present :[[ChromeDriver: chrome on WINDOWS (ae99c2e8f1c20ea442d4d02cd42a4e69)] -> xpath: //span[contains(text(),'Project:')]/..//span[2]]<br/>
<img src=D:\BuildPiper3.2_Rahul\Reports\15Feb_211558\serviceOverview_CreateServiceManifest_chrome\serviceOverview_CreateServiceManifest_chrome_46_Feb_212717.jpg alt='Lamp' width='500' height='400'><br/>
Clicking on element Poc_QA validateBuildDetails<br/>
<img src=D:\BuildPiper3.2_Rahul\Reports\15Feb_211558\serviceOverview_CreateServiceManifest_chrome\serviceOverview_CreateServiceManifest_chrome_46_Feb_212717.jpg alt='Lamp' width='500' height='400'><br/>
Element is present :[[ChromeDriver: chrome on WINDOWS (ae99c2e8f1c20ea442d4d02cd42a4e69)] -> xpath: //p[@class='main-text mb-10']]<br/>
<img src=D:\BuildPiper3.2_Rahul\Reports\15Feb_211558\serviceOverview_CreateServiceManifest_chrome\serviceOverview_CreateServiceManifest_chrome_46_Feb_212717.jpg alt='Lamp' width='500' height='400'><br/>
Element is present :[[ChromeDriver: chrome on WINDOWS (ae99c2e8f1c20ea442d4d02cd42a4e69)] -> xpath: //span[@class='sub-text mb-10']]<br/>
<img src=D:\BuildPiper3.2_Rahul\Reports\15Feb_211558\serviceOverview_CreateServiceManifest_chrome\serviceOverview_CreateServiceManifest_chrome_46_Feb_212718.jpg alt='Lamp' width='500' height='400'><br/>
Element is present :[[ChromeDriver: chrome on WINDOWS (ae99c2e8f1c20ea442d4d02cd42a4e69)] -> xpath: //*[text()='Env Deploy Details']]<br/>
<img src=D:\BuildPiper3.2_Rahul\Reports\15Feb_211558\serviceOverview_CreateServiceManifest_chrome\serviceOverview_CreateServiceManifest_chrome_46_Feb_212718.jpg alt='Lamp' width='500' height='400'><br/>
Clicking on element Poc_QA validateDeployDetails<br/>
<img src=D:\BuildPiper3.2_Rahul\Reports\15Feb_211558\serviceOverview_CreateServiceManifest_chrome\serviceOverview_CreateServiceManifest_chrome_46_Feb_212718.jpg alt='Lamp' width='500' height='400'><br/>
Element is present :[[ChromeDriver: chrome on WINDOWS (ae99c2e8f1c20ea442d4d02cd42a4e69)] -> xpath: //p[@class='main-text mb-10']]<br/>
<img src=D:\BuildPiper3.2_Rahul\Reports\15Feb_211558\serviceOverview_CreateServiceManifest_chrome\serviceOverview_CreateServiceManifest_chrome_46_Feb_212718.jpg alt='Lamp' width='500' height='400'><br/>
Element is present :[[ChromeDriver: chrome on WINDOWS (ae99c2e8f1c20ea442d4d02cd42a4e69)] -> xpath: //span[@class='sub-text mb-10']]<br/>
<img src=D:\BuildPiper3.2_Rahul\Reports\15Feb_211558\serviceOverview_CreateServiceManifest_chrome\serviceOverview_CreateServiceManifest_chrome_46_Feb_212719.jpg alt='Lamp' width='500' height='400'><br/>
Element is present :[[ChromeDriver: chrome on WINDOWS (ae99c2e8f1c20ea442d4d02cd42a4e69)] -> xpath: //*[text()='To have a very smooth configuration we strongly recommend BuildPiper UI.']]<br/>
<img src=D:\BuildPiper3.2_Rahul\Reports\15Feb_211558\serviceOverview_CreateServiceManifest_chrome\serviceOverview_CreateServiceManifest_chrome_46_Feb_212719.jpg alt='Lamp' width='500' height='400'><br/>
Element is present :[[ChromeDriver: chrome on WINDOWS (ae99c2e8f1c20ea442d4d02cd42a4e69)] -> xpath: //*[text()='you can also configure the CD by uploading your custom manifest file.']]<br/>
<img src=D:\BuildPiper3.2_Rahul\Reports\15Feb_211558\serviceOverview_CreateServiceManifest_chrome\serviceOverview_CreateServiceManifest_chrome_46_Feb_212719.jpg alt='Lamp' width='500' height='400'><br/>
Element is present :[[ChromeDriver: chrome on WINDOWS (ae99c2e8f1c20ea442d4d02cd42a4e69)] -> xpath: //*[text()='Other Deployment Info']]<br/>
<img src=D:\BuildPiper3.2_Rahul\Reports\15Feb_211558\serviceOverview_CreateServiceManifest_chrome\serviceOverview_CreateServiceManifest_chrome_46_Feb_212719.jpg alt='Lamp' width='500' height='400'><br/>
Clicking on element User has selected other deployment details under deployment configuration<br/>
<img src=D:\BuildPiper3.2_Rahul\Reports\15Feb_211558\serviceOverview_CreateServiceManifest_chrome\serviceOverview_CreateServiceManifest_chrome_46_Feb_212720.jpg alt='Lamp' width='500' height='400'><br/>
Element is present :[[ChromeDriver: chrome on WINDOWS (ae99c2e8f1c20ea442d4d02cd42a4e69)] -> xpath: //*[text()='Other Deployment Details']]<br/>
<img src=D:\BuildPiper3.2_Rahul\Reports\15Feb_211558\serviceOverview_CreateServiceManifest_chrome\serviceOverview_CreateServiceManifest_chrome_46_Feb_212720.jpg alt='Lamp' width='500' height='400'><br/>
Element is present :[[ChromeDriver: chrome on WINDOWS (ae99c2e8f1c20ea442d4d02cd42a4e69)] -> xpath: //*[text()='To know more about access levels please read the ']]<br/>
<img src=D:\BuildPiper3.2_Rahul\Reports\15Feb_211558\serviceOverview_CreateServiceManifest_chrome\serviceOverview_CreateServiceManifest_chrome_46_Feb_212720.jpg alt='Lamp' width='500' height='400'><br/>
Element is present :[[ChromeDriver: chrome on WINDOWS (ae99c2e8f1c20ea442d4d02cd42a4e69)] -> xpath: //*[text()=' Please configure deployment details to setup HPA(Horizontal Pod Autoscaling)']]<br/>
<img src=D:\BuildPiper3.2_Rahul\Reports\15Feb_211558\serviceOverview_CreateServiceManifest_chrome\serviceOverview_CreateServiceManifest_chrome_46_Feb_212720.jpg alt='Lamp' width='500' height='400'><br/>
Element is present :[[ChromeDriver: chrome on WINDOWS (ae99c2e8f1c20ea442d4d02cd42a4e69)] -> xpath: //*[text()='Generated Manifest']]<br/>
<img src=D:\BuildPiper3.2_Rahul\Reports\15Feb_211558\serviceOverview_CreateServiceManifest_chrome\serviceOverview_CreateServiceManifest_chrome_46_Feb_212720.jpg alt='Lamp' width='500' height='400'><br/>
Clicking on element Poc_QA validateGeneratedManifest<br/>
<img src=D:\BuildPiper3.2_Rahul\Reports\15Feb_211558\serviceOverview_CreateServiceManifest_chrome\serviceOverview_CreateServiceManifest_chrome_46_Feb_212721.jpg alt='Lamp' width='500' height='400'><br/>
Element is present :[[ChromeDriver: chrome on WINDOWS (ae99c2e8f1c20ea442d4d02cd42a4e69)] -> xpath: //*[text()='No Manifest File has been generated.']]<br/>
<img src=D:\BuildPiper3.2_Rahul\Reports\15Feb_211558\serviceOverview_CreateServiceManifest_chrome\serviceOverview_CreateServiceManifest_chrome_46_Feb_212721.jpg alt='Lamp' width='500' height='400'><br/>
Element is present :[[ChromeDriver: chrome on WINDOWS (ae99c2e8f1c20ea442d4d02cd42a4e69)] -> xpath: //*[text()='Env Build Details']]<br/>
<img src=D:\BuildPiper3.2_Rahul\Reports\15Feb_211558\serviceOverview_CreateServiceManifest_chrome\serviceOverview_CreateServiceManifest_chrome_46_Feb_212721.jpg alt='Lamp' width='500' height='400'><br/>
Clicking on element Poc_QA validateBuildDetails<br/>
<img src=D:\BuildPiper3.2_Rahul\Reports\15Feb_211558\serviceOverview_CreateServiceManifest_chrome\serviceOverview_CreateServiceManifest_chrome_46_Feb_212721.jpg alt='Lamp' width='500' height='400'><br/>
Element is present :[[ChromeDriver: chrome on WINDOWS (ae99c2e8f1c20ea442d4d02cd42a4e69)] -> xpath: //*[text()='Configure Build']]<br/>
<img src=D:\BuildPiper3.2_Rahul\Reports\15Feb_211558\serviceOverview_CreateServiceManifest_chrome\serviceOverview_CreateServiceManifest_chrome_46_Feb_212722.jpg alt='Lamp' width='500' height='400'><br/>
Clicking on element Poc_QA clickConfigBuild<br/>
<img src=D:\BuildPiper3.2_Rahul\Reports\15Feb_211558\serviceOverview_CreateServiceManifest_chrome\serviceOverview_CreateServiceManifest_chrome_46_Feb_212722.jpg alt='Lamp' width='500' height='400'><br/>
Element is present :[[ChromeDriver: chrome on WINDOWS (ae99c2e8f1c20ea442d4d02cd42a4e69)] -> xpath: //div[@class='md-step-circle current']]<br/>
<img src=D:\BuildPiper3.2_Rahul\Reports\15Feb_211558\serviceOverview_CreateServiceManifest_chrome\serviceOverview_CreateServiceManifest_chrome_46_Feb_212725.jpg alt='Lamp' width='500' height='400'><br/>
Element is present :[[ChromeDriver: chrome on WINDOWS (ae99c2e8f1c20ea442d4d02cd42a4e69)] -> xpath: //h4[@class='mainHeading']]<br/>
<img src=D:\BuildPiper3.2_Rahul\Reports\15Feb_211558\serviceOverview_CreateServiceManifest_chrome\serviceOverview_CreateServiceManifest_chrome_46_Feb_212725.jpg alt='Lamp' width='500' height='400'><br/>
Element is present :[[ChromeDriver: chrome on WINDOWS (ae99c2e8f1c20ea442d4d02cd42a4e69)] -> xpath: //*[text()='Please Select the Git URL']]<br/>
<img src=D:\BuildPiper3.2_Rahul\Reports\15Feb_211558\serviceOverview_CreateServiceManifest_chrome\serviceOverview_CreateServiceManifest_chrome_46_Feb_212726.jpg alt='Lamp' width='500' height='400'><br/>
Element is present :[[ChromeDriver: chrome on WINDOWS (ae99c2e8f1c20ea442d4d02cd42a4e69)] -> xpath: //div[@class='MuiInputBase-root MuiOutlinedInput-root MuiAutocomplete-inputRoot MuiInputBase-fullWidth MuiInputBase-formControl MuiInputBase-adornedEnd MuiOutlinedInput-adornedEnd']]<br/>
<img src=D:\BuildPiper3.2_Rahul\Reports\15Feb_211558\serviceOverview_CreateServiceManifest_chrome\serviceOverview_CreateServiceManifest_chrome_46_Feb_212726.jpg alt='Lamp' width='500' height='400'><br/>
Clicking on element Poc_QA gitUrlInputField<br/>
<img src=D:\BuildPiper3.2_Rahul\Reports\15Feb_211558\serviceOverview_CreateServiceManifest_chrome\serviceOverview_CreateServiceManifest_chrome_46_Feb_212726.jpg alt='Lamp' width='500' height='400'><br/>
Clicking on element ClicksclearField<br/>
<img src=D:\BuildPiper3.2_Rahul\Reports\15Feb_211558\serviceOverview_CreateServiceManifest_chrome\serviceOverview_CreateServiceManifest_chrome_46_Feb_212731.jpg alt='Lamp' width='500' height='400'><br/>
Element is present :[[ChromeDriver: chrome on WINDOWS (ae99c2e8f1c20ea442d4d02cd42a4e69)] -> xpath: //*[text()='Load Branches']]<br/>
<img src=D:\BuildPiper3.2_Rahul\Reports\15Feb_211558\serviceOverview_CreateServiceManifest_chrome\serviceOverview_CreateServiceManifest_chrome_46_Feb_212741.jpg alt='Lamp' width='500' height='400'><br/>
Clicking on element Poc_QA loadBranchesBtn<br/>
<img src=D:\BuildPiper3.2_Rahul\Reports\15Feb_211558\serviceOverview_CreateServiceManifest_chrome\serviceOverview_CreateServiceManifest_chrome_46_Feb_212741.jpg alt='Lamp' width='500' height='400'><br/>
Element is present :[[ChromeDriver: chrome on WINDOWS (ae99c2e8f1c20ea442d4d02cd42a4e69)] -> xpath: //*[text()='Advance Configurations']]<br/>
<img src=D:\BuildPiper3.2_Rahul\Reports\15Feb_211558\serviceOverview_CreateServiceManifest_chrome\serviceOverview_CreateServiceManifest_chrome_46_Feb_212755.jpg alt='Lamp' width='500' height='400'><br/>
Element is present :[[ChromeDriver: chrome on WINDOWS (ae99c2e8f1c20ea442d4d02cd42a4e69)] -> xpath: //input[@name='buildx_platform_settings']/../span[2]]<br/>
<img src=D:\BuildPiper3.2_Rahul\Reports\15Feb_211558\serviceOverview_CreateServiceManifest_chrome\serviceOverview_CreateServiceManifest_chrome_46_Feb_212757.jpg alt='Lamp' width='500' height='400'><br/>
Clicking on element Poc_QA advanceConfig Radiobutton<br/>
<img src=D:\BuildPiper3.2_Rahul\Reports\15Feb_211558\serviceOverview_CreateServiceManifest_chrome\serviceOverview_CreateServiceManifest_chrome_46_Feb_212757.jpg alt='Lamp' width='500' height='400'><br/>
Clicking on element Poc_QA defaultImageGenerated Radiobutton<br/>
<img src=D:\BuildPiper3.2_Rahul\Reports\15Feb_211558\serviceOverview_CreateServiceManifest_chrome\serviceOverview_CreateServiceManifest_chrome_46_Feb_212800.jpg alt='Lamp' width='500' height='400'><br/>
Clicking on element Poc_QA linux_amd64 Option<br/>
<img src=D:\BuildPiper3.2_Rahul\Reports\15Feb_211558\serviceOverview_CreateServiceManifest_chrome\serviceOverview_CreateServiceManifest_chrome_46_Feb_212802.jpg alt='Lamp' width='500' height='400'><br/>
Clicking on element Poc_QA linux_arm64 Option<br/>
<img src=D:\BuildPiper3.2_Rahul\Reports\15Feb_211558\serviceOverview_CreateServiceManifest_chrome\serviceOverview_CreateServiceManifest_chrome_46_Feb_212803.jpg alt='Lamp' width='500' height='400'><br/>
Clicking on element Poc_QA clickContinueBtn<br/>
<img src=D:\BuildPiper3.2_Rahul\Reports\15Feb_211558\serviceOverview_CreateServiceManifest_chrome\serviceOverview_CreateServiceManifest_chrome_46_Feb_212806.jpg alt='Lamp' width='500' height='400'><br/>
Element is present :[[ChromeDriver: chrome on WINDOWS (ae99c2e8f1c20ea442d4d02cd42a4e69)] -> xpath: //h4[@class='mainHeading']]<br/>
<img src=D:\BuildPiper3.2_Rahul\Reports\15Feb_211558\serviceOverview_CreateServiceManifest_chrome\serviceOverview_CreateServiceManifest_chrome_46_Feb_212811.jpg alt='Lamp' width='500' height='400'><br/>
Element is present :[[ChromeDriver: chrome on WINDOWS (ae99c2e8f1c20ea442d4d02cd42a4e69)] -> xpath: //*[text()='Build Env Details']]<br/>
<img src=D:\BuildPiper3.2_Rahul\Reports\15Feb_211558\serviceOverview_CreateServiceManifest_chrome\serviceOverview_CreateServiceManifest_chrome_46_Feb_212811.jpg alt='Lamp' width='500' height='400'><br/>
Clicking on element Poc_QA envDetailsSwitch<br/>
<img src=D:\BuildPiper3.2_Rahul\Reports\15Feb_211558\serviceOverview_CreateServiceManifest_chrome\serviceOverview_CreateServiceManifest_chrome_46_Feb_212811.jpg alt='Lamp' width='500' height='400'><br/>
Setting value on element Poc_QA envName<br/>
<img src=D:\BuildPiper3.2_Rahul\Reports\15Feb_211558\serviceOverview_CreateServiceManifest_chrome\serviceOverview_CreateServiceManifest_chrome_46_Feb_212811.jpg alt='Lamp' width='500' height='400'><br/>
Setting value on element Poc_QA envValue<br/>
<img src=D:\BuildPiper3.2_Rahul\Reports\15Feb_211558\serviceOverview_CreateServiceManifest_chrome\serviceOverview_CreateServiceManifest_chrome_46_Feb_212812.jpg alt='Lamp' width='500' height='400'><br/>
Clicking on element Poc_QA clickContinueBtn<br/>
<img src=D:\BuildPiper3.2_Rahul\Reports\15Feb_211558\serviceOverview_CreateServiceManifest_chrome\serviceOverview_CreateServiceManifest_chrome_46_Feb_212812.jpg alt='Lamp' width='500' height='400'><br/>
Clicking on element Poc_QA preHooksSwitch<br/>
<img src=D:\BuildPiper3.2_Rahul\Reports\15Feb_211558\serviceOverview_CreateServiceManifest_chrome\serviceOverview_CreateServiceManifest_chrome_46_Feb_212812.jpg alt='Lamp' width='500' height='400'><br/>
Setting value on element Poc_QA preHooksPasswordBox1<br/>
<img src=D:\BuildPiper3.2_Rahul\Reports\15Feb_211558\serviceOverview_CreateServiceManifest_chrome\serviceOverview_CreateServiceManifest_chrome_46_Feb_212813.jpg alt='Lamp' width='500' height='400'><br/>
Clicking on element clicks on add New Hook<br/>
<img src=D:\BuildPiper3.2_Rahul\Reports\15Feb_211558\serviceOverview_CreateServiceManifest_chrome\serviceOverview_CreateServiceManifest_chrome_46_Feb_212813.jpg alt='Lamp' width='500' height='400'><br/>
Setting value on element Poc_QA preHooksPasswordBox2<br/>
<img src=D:\BuildPiper3.2_Rahul\Reports\15Feb_211558\serviceOverview_CreateServiceManifest_chrome\serviceOverview_CreateServiceManifest_chrome_46_Feb_212813.jpg alt='Lamp' width='500' height='400'><br/>
Clicking on element Poc_QA postHooksSwitch<br/>
<img src=D:\BuildPiper3.2_Rahul\Reports\15Feb_211558\serviceOverview_CreateServiceManifest_chrome\serviceOverview_CreateServiceManifest_chrome_46_Feb_212813.jpg alt='Lamp' width='500' height='400'><br/>
Setting value on element Poc_QA postHooksPasswordBox1<br/>
<img src=D:\BuildPiper3.2_Rahul\Reports\15Feb_211558\serviceOverview_CreateServiceManifest_chrome\serviceOverview_CreateServiceManifest_chrome_46_Feb_212814.jpg alt='Lamp' width='500' height='400'><br/>
Clicking on element clicks on add New Post Hook<br/>
<img src=D:\BuildPiper3.2_Rahul\Reports\15Feb_211558\serviceOverview_CreateServiceManifest_chrome\serviceOverview_CreateServiceManifest_chrome_46_Feb_212814.jpg alt='Lamp' width='500' height='400'><br/>
Setting value on element Poc_QA postHooksPasswordBox2<br/>
<img src=D:\BuildPiper3.2_Rahul\Reports\15Feb_211558\serviceOverview_CreateServiceManifest_chrome\serviceOverview_CreateServiceManifest_chrome_46_Feb_212814.jpg alt='Lamp' width='500' height='400'><br/>
Clicking on element Poc_QA submitHooks<br/>
<img src=D:\BuildPiper3.2_Rahul\Reports\15Feb_211558\serviceOverview_CreateServiceManifest_chrome\serviceOverview_CreateServiceManifest_chrome_46_Feb_212814.jpg alt='Lamp' width='500' height='400'><br/>
Element is present :[[ChromeDriver: chrome on WINDOWS (ae99c2e8f1c20ea442d4d02cd42a4e69)] -> xpath: /html/body/div[1]/div/main/div[1]/div/div[1]/div/div/div[2]/div[2]/span[2]]<br/>
<img src=D:\BuildPiper3.2_Rahul\Reports\15Feb_211558\serviceOverview_CreateServiceManifest_chrome\serviceOverview_CreateServiceManifest_chrome_46_Feb_212815.jpg alt='Lamp' width='500' height='400'><br/>
Element is present :[[ChromeDriver: chrome on WINDOWS (ae99c2e8f1c20ea442d4d02cd42a4e69)] -> xpath: //*[text()='Job Template: ']]<br/>
<img src=D:\BuildPiper3.2_Rahul\Reports\15Feb_211558\serviceOverview_CreateServiceManifest_chrome\serviceOverview_CreateServiceManifest_chrome_46_Feb_212816.jpg alt='Lamp' width='500' height='400'><br/>
Element is present :[[ChromeDriver: chrome on WINDOWS (ae99c2e8f1c20ea442d4d02cd42a4e69)] -> xpath: //*[text()='Env Deploy Details']]<br/>
<img src=D:\BuildPiper3.2_Rahul\Reports\15Feb_211558\serviceOverview_CreateServiceManifest_chrome\serviceOverview_CreateServiceManifest_chrome_46_Feb_212816.jpg alt='Lamp' width='500' height='400'><br/>
Clicking on element Poc_QA validateDeployDetails<br/>
<img src=D:\BuildPiper3.2_Rahul\Reports\15Feb_211558\serviceOverview_CreateServiceManifest_chrome\serviceOverview_CreateServiceManifest_chrome_46_Feb_212816.jpg alt='Lamp' width='500' height='400'><br/>
Element is present :[[ChromeDriver: chrome on WINDOWS (ae99c2e8f1c20ea442d4d02cd42a4e69)] -> xpath: //button[@class='btn btn-submit']]<br/>
<img src=D:\BuildPiper3.2_Rahul\Reports\15Feb_211558\serviceOverview_CreateServiceManifest_chrome\serviceOverview_CreateServiceManifest_chrome_46_Feb_212817.jpg alt='Lamp' width='500' height='400'><br/>
Clicking on element clicks on buildPiperUI button<br/>
<img src=D:\BuildPiper3.2_Rahul\Reports\15Feb_211558\serviceOverview_CreateServiceManifest_chrome\serviceOverview_CreateServiceManifest_chrome_46_Feb_212817.jpg alt='Lamp' width='500' height='400'><br/>
Clicking on element Add Access Level<br/>
<img src=D:\BuildPiper3.2_Rahul\Reports\15Feb_211558\serviceOverview_CreateServiceManifest_chrome\serviceOverview_CreateServiceManifest_chrome_46_Feb_212818.jpg alt='Lamp' width='500' height='400'><br/>
Clicking on element Poc_QA privateAccess<br/>
<img src=D:\BuildPiper3.2_Rahul\Reports\15Feb_211558\serviceOverview_CreateServiceManifest_chrome\serviceOverview_CreateServiceManifest_chrome_46_Feb_212850.jpg alt='Lamp' width='500' height='400'><br/>
Element is present :[[ChromeDriver: chrome on WINDOWS (ae99c2e8f1c20ea442d4d02cd42a4e69)] -> xpath: (//input[@name='upload_type'])[2]/..]<br/>
<img src=D:\BuildPiper3.2_Rahul\Reports\15Feb_211558\serviceOverview_CreateServiceManifest_chrome\serviceOverview_CreateServiceManifest_chrome_46_Feb_212850.jpg alt='Lamp' width='500' height='400'><br/>
Clicking on element clicks on upload Custom Manifest<br/>
<img src=D:\BuildPiper3.2_Rahul\Reports\15Feb_211558\serviceOverview_CreateServiceManifest_chrome\serviceOverview_CreateServiceManifest_chrome_46_Feb_212851.jpg alt='Lamp' width='500' height='400'><br/>
Element is present :[[ChromeDriver: chrome on WINDOWS (ae99c2e8f1c20ea442d4d02cd42a4e69)] -> xpath: //input[@class='file-upload-input']]<br/>
<img src=D:\BuildPiper3.2_Rahul\Reports\15Feb_211558\serviceOverview_CreateServiceManifest_chrome\serviceOverview_CreateServiceManifest_chrome_46_Feb_212855.jpg alt='Lamp' width='500' height='400'><br/>
 Element :[[ChromeDriver: chrome on WINDOWS (ae99c2e8f1c20ea442d4d02cd42a4e69)] -> xpath: //input[@class='file-upload-input']] is not clickable using selenium click<br/>
<img src=D:\BuildPiper3.2_Rahul\Reports\15Feb_211558\serviceOverview_CreateServiceManifest_chrome\serviceOverview_CreateServiceManifest_chrome_46_Feb_212856.jpg alt='Lamp' width='500' height='400'><br/>
Clicking on element clicks on upload YAML<br/>
<img src=D:\BuildPiper3.2_Rahul\Reports\15Feb_211558\serviceOverview_CreateServiceManifest_chrome\serviceOverview_CreateServiceManifest_chrome_46_Feb_212856.jpg alt='Lamp' width='500' height='400'><br/>
Uploading the File Path D:\BuildPiper3.2_Rahul\src\test\resources\testfiles\upload\UploadYAML\testYaml.yaml<br/>
<img src=D:\BuildPiper3.2_Rahul\Reports\15Feb_211558\serviceOverview_CreateServiceManifest_chrome\serviceOverview_CreateServiceManifest_chrome_46_Feb_212901.jpg alt='Lamp' width='500' height='400'><br/>
Clicking on element clicks Continue button<br/>
<img src=D:\BuildPiper3.2_Rahul\Reports\15Feb_211558\serviceOverview_CreateServiceManifest_chrome\serviceOverview_CreateServiceManifest_chrome_46_Feb_212918.jpg alt='Lamp' width='500' height='400'><br/>
Clicking on element clicks continue button<br/>
<img src=D:\BuildPiper3.2_Rahul\Reports\15Feb_211558\serviceOverview_CreateServiceManifest_chrome\serviceOverview_CreateServiceManifest_chrome_46_Feb_212921.jpg alt='Lamp' width='500' height='400'><br/>
Clicking on element clicks continue button<br/>
<img src=D:\BuildPiper3.2_Rahul\Reports\15Feb_211558\serviceOverview_CreateServiceManifest_chrome\serviceOverview_CreateServiceManifest_chrome_46_Feb_212923.jpg alt='Lamp' width='500' height='400'><br/>
Clicking on element define ConfigMap Radiobutton<br/>
<img src=D:\BuildPiper3.2_Rahul\Reports\15Feb_211558\serviceOverview_CreateServiceManifest_chrome\serviceOverview_CreateServiceManifest_chrome_46_Feb_212925.jpg alt='Lamp' width='500' height='400'><br/>
Element is present :[[ChromeDriver: chrome on WINDOWS (ae99c2e8f1c20ea442d4d02cd42a4e69)] -> xpath: //select[@name='configMap_name']]<br/>
<img src=D:\BuildPiper3.2_Rahul\Reports\15Feb_211558\serviceOverview_CreateServiceManifest_chrome\serviceOverview_CreateServiceManifest_chrome_46_Feb_212933.jpg alt='Lamp' width='500' height='400'><br/>
Setting value on element define ConfigMap Path<br/>
<img src=D:\BuildPiper3.2_Rahul\Reports\15Feb_211558\serviceOverview_CreateServiceManifest_chrome\serviceOverview_CreateServiceManifest_chrome_46_Feb_212936.jpg alt='Lamp' width='500' height='400'><br/>
Clicking on element clicks continue button<br/>
<img src=D:\BuildPiper3.2_Rahul\Reports\15Feb_211558\serviceOverview_CreateServiceManifest_chrome\serviceOverview_CreateServiceManifest_chrome_46_Feb_212938.jpg alt='Lamp' width='500' height='400'><br/>
Clicking on element define Raw KeyValuePair Radiobutton<br/>
<img src=D:\BuildPiper3.2_Rahul\Reports\15Feb_211558\serviceOverview_CreateServiceManifest_chrome\serviceOverview_CreateServiceManifest_chrome_46_Feb_212940.jpg alt='Lamp' width='500' height='400'><br/>
Setting value on element envKey<br/>
<img src=D:\BuildPiper3.2_Rahul\Reports\15Feb_211558\serviceOverview_CreateServiceManifest_chrome\serviceOverview_CreateServiceManifest_chrome_46_Feb_212941.jpg alt='Lamp' width='500' height='400'><br/>
Setting value on element envValue<br/>
<img src=D:\BuildPiper3.2_Rahul\Reports\15Feb_211558\serviceOverview_CreateServiceManifest_chrome\serviceOverview_CreateServiceManifest_chrome_46_Feb_212941.jpg alt='Lamp' width='500' height='400'><br/>
Clicking on element clicks continue button<br/>
<img src=D:\BuildPiper3.2_Rahul\Reports\15Feb_211558\serviceOverview_CreateServiceManifest_chrome\serviceOverview_CreateServiceManifest_chrome_46_Feb_212943.jpg alt='Lamp' width='500' height='400'><br/>
Clicking on element clicks continue button<br/>
<img src=D:\BuildPiper3.2_Rahul\Reports\15Feb_211558\serviceOverview_CreateServiceManifest_chrome\serviceOverview_CreateServiceManifest_chrome_46_Feb_212945.jpg alt='Lamp' width='500' height='400'><br/>
Clicking on element clicks continue button<br/>
<img src=D:\BuildPiper3.2_Rahul\Reports\15Feb_211558\serviceOverview_CreateServiceManifest_chrome\serviceOverview_CreateServiceManifest_chrome_46_Feb_212948.jpg alt='Lamp' width='500' height='400'><br/>
Clicking on element readiness Radiobutton<br/>
<img src=D:\BuildPiper3.2_Rahul\Reports\15Feb_211558\serviceOverview_CreateServiceManifest_chrome\serviceOverview_CreateServiceManifest_chrome_46_Feb_212950.jpg alt='Lamp' width='500' height='400'><br/>
Setting value on element urlPath<br/>
<img src=D:\BuildPiper3.2_Rahul\Reports\15Feb_211558\serviceOverview_CreateServiceManifest_chrome\serviceOverview_CreateServiceManifest_chrome_46_Feb_212952.jpg alt='Lamp' width='500' height='400'><br/>
Setting value on element portRunning<br/>
<img src=D:\BuildPiper3.2_Rahul\Reports\15Feb_211558\serviceOverview_CreateServiceManifest_chrome\serviceOverview_CreateServiceManifest_chrome_46_Feb_212953.jpg alt='Lamp' width='500' height='400'><br/>
Setting value on element delay<br/>
<img src=D:\BuildPiper3.2_Rahul\Reports\15Feb_211558\serviceOverview_CreateServiceManifest_chrome\serviceOverview_CreateServiceManifest_chrome_46_Feb_212953.jpg alt='Lamp' width='500' height='400'><br/>
Setting value on element period<br/>
<img src=D:\BuildPiper3.2_Rahul\Reports\15Feb_211558\serviceOverview_CreateServiceManifest_chrome\serviceOverview_CreateServiceManifest_chrome_46_Feb_212953.jpg alt='Lamp' width='500' height='400'><br/>
Setting value on element timeout<br/>
<img src=D:\BuildPiper3.2_Rahul\Reports\15Feb_211558\serviceOverview_CreateServiceManifest_chrome\serviceOverview_CreateServiceManifest_chrome_46_Feb_212953.jpg alt='Lamp' width='500' height='400'><br/>
Setting value on element failure<br/>
<img src=D:\BuildPiper3.2_Rahul\Reports\15Feb_211558\serviceOverview_CreateServiceManifest_chrome\serviceOverview_CreateServiceManifest_chrome_46_Feb_212954.jpg alt='Lamp' width='500' height='400'><br/>
Clicking on element livelines Radiobutton<br/>
<img src=D:\BuildPiper3.2_Rahul\Reports\15Feb_211558\serviceOverview_CreateServiceManifest_chrome\serviceOverview_CreateServiceManifest_chrome_46_Feb_212956.jpg alt='Lamp' width='500' height='400'><br/>
Setting value on element urlPath<br/>
<img src=D:\BuildPiper3.2_Rahul\Reports\15Feb_211558\serviceOverview_CreateServiceManifest_chrome\serviceOverview_CreateServiceManifest_chrome_46_Feb_212958.jpg alt='Lamp' width='500' height='400'><br/>
Setting value on element portRunning<br/>
<img src=D:\BuildPiper3.2_Rahul\Reports\15Feb_211558\serviceOverview_CreateServiceManifest_chrome\serviceOverview_CreateServiceManifest_chrome_46_Feb_212959.jpg alt='Lamp' width='500' height='400'><br/>
Setting value on element delay<br/>
<img src=D:\BuildPiper3.2_Rahul\Reports\15Feb_211558\serviceOverview_CreateServiceManifest_chrome\serviceOverview_CreateServiceManifest_chrome_46_Feb_212959.jpg alt='Lamp' width='500' height='400'><br/>
Setting value on element period<br/>
<img src=D:\BuildPiper3.2_Rahul\Reports\15Feb_211558\serviceOverview_CreateServiceManifest_chrome\serviceOverview_CreateServiceManifest_chrome_46_Feb_212959.jpg alt='Lamp' width='500' height='400'><br/>
Setting value on element timeout<br/>
<img src=D:\BuildPiper3.2_Rahul\Reports\15Feb_211558\serviceOverview_CreateServiceManifest_chrome\serviceOverview_CreateServiceManifest_chrome_46_Feb_212959.jpg alt='Lamp' width='500' height='400'><br/>
Setting value on element failure<br/>
<img src=D:\BuildPiper3.2_Rahul\Reports\15Feb_211558\serviceOverview_CreateServiceManifest_chrome\serviceOverview_CreateServiceManifest_chrome_46_Feb_213000.jpg alt='Lamp' width='500' height='400'><br/>
Clicking on element clicks continue button<br/>
<img src=D:\BuildPiper3.2_Rahul\Reports\15Feb_211558\serviceOverview_CreateServiceManifest_chrome\serviceOverview_CreateServiceManifest_chrome_46_Feb_213002.jpg alt='Lamp' width='500' height='400'><br/>
Clicking on element clicks continue button<br/>
<img src=D:\BuildPiper3.2_Rahul\Reports\15Feb_211558\serviceOverview_CreateServiceManifest_chrome\serviceOverview_CreateServiceManifest_chrome_46_Feb_213004.jpg alt='Lamp' width='500' height='400'><br/>
Clicking on element Poc_QA preHooksSwitch<br/>
<img src=D:\BuildPiper3.2_Rahul\Reports\15Feb_211558\serviceOverview_CreateServiceManifest_chrome\serviceOverview_CreateServiceManifest_chrome_46_Feb_213006.jpg alt='Lamp' width='500' height='400'><br/>
Setting value on element Poc_QA preHooksPasswordBox1<br/>
<img src=D:\BuildPiper3.2_Rahul\Reports\15Feb_211558\serviceOverview_CreateServiceManifest_chrome\serviceOverview_CreateServiceManifest_chrome_46_Feb_213007.jpg alt='Lamp' width='500' height='400'><br/>
Clicking on element clicks on add New Hook<br/>
<img src=D:\BuildPiper3.2_Rahul\Reports\15Feb_211558\serviceOverview_CreateServiceManifest_chrome\serviceOverview_CreateServiceManifest_chrome_46_Feb_213007.jpg alt='Lamp' width='500' height='400'><br/>
Setting value on element Poc_QA preHooksPasswordBox2<br/>
<img src=D:\BuildPiper3.2_Rahul\Reports\15Feb_211558\serviceOverview_CreateServiceManifest_chrome\serviceOverview_CreateServiceManifest_chrome_46_Feb_213007.jpg alt='Lamp' width='500' height='400'><br/>
Clicking on element Poc_QA postHooksSwitch<br/>
<img src=D:\BuildPiper3.2_Rahul\Reports\15Feb_211558\serviceOverview_CreateServiceManifest_chrome\serviceOverview_CreateServiceManifest_chrome_46_Feb_213007.jpg alt='Lamp' width='500' height='400'><br/>
Setting value on element Poc_QA postHooksPasswordBox1<br/>
<img src=D:\BuildPiper3.2_Rahul\Reports\15Feb_211558\serviceOverview_CreateServiceManifest_chrome\serviceOverview_CreateServiceManifest_chrome_46_Feb_213008.jpg alt='Lamp' width='500' height='400'><br/>
Clicking on element clicks on add New Post Hook<br/>
<img src=D:\BuildPiper3.2_Rahul\Reports\15Feb_211558\serviceOverview_CreateServiceManifest_chrome\serviceOverview_CreateServiceManifest_chrome_46_Feb_213008.jpg alt='Lamp' width='500' height='400'><br/>
Setting value on element Poc_QA postHooksPasswordBox2<br/>
<img src=D:\BuildPiper3.2_Rahul\Reports\15Feb_211558\serviceOverview_CreateServiceManifest_chrome\serviceOverview_CreateServiceManifest_chrome_46_Feb_213008.jpg alt='Lamp' width='500' height='400'><br/>
Clicking on element clicks continue button<br/>
<img src=D:\BuildPiper3.2_Rahul\Reports\15Feb_211558\serviceOverview_CreateServiceManifest_chrome\serviceOverview_CreateServiceManifest_chrome_46_Feb_213009.jpg alt='Lamp' width='500' height='400'><br/>
Clicking on element Clicks on Deploy Details tag<br/>
<img src=D:\BuildPiper3.2_Rahul\Reports\15Feb_211558\serviceOverview_CreateServiceManifest_chrome\serviceOverview_CreateServiceManifest_chrome_46_Feb_213011.jpg alt='Lamp' width='500' height='400'><br/>
Element is present :[[ChromeDriver: chrome on WINDOWS (ae99c2e8f1c20ea442d4d02cd42a4e69)] -> xpath: //li//button[@class='app-cluster-button']//span[1][@title]]<br/>
<img src=D:\BuildPiper3.2_Rahul\Reports\15Feb_211558\serviceOverview_CreateServiceManifest_chrome\serviceOverview_CreateServiceManifest_chrome_46_Feb_213011.jpg alt='Lamp' width='500' height='400'><br/>
Element is present :[[ChromeDriver: chrome on WINDOWS (ae99c2e8f1c20ea442d4d02cd42a4e69)] -> xpath: //button//div//span[@class='flaticon-expand-arrow']/../../..//div//button//p[text()='Service Overview']]<br/>
<img src=D:\BuildPiper3.2_Rahul\Reports\15Feb_211558\serviceOverview_CreateServiceManifest_chrome\serviceOverview_CreateServiceManifest_chrome_46_Feb_213011.jpg alt='Lamp' width='500' height='400'><br/>
Move and Action Clicking to element :<br/>
<img src=D:\BuildPiper3.2_Rahul\Reports\15Feb_211558\serviceOverview_CreateServiceManifest_chrome\serviceOverview_CreateServiceManifest_chrome_46_Feb_213012.jpg alt='Lamp' width='500' height='400'><br/>
Element is present :[[ChromeDriver: chrome on WINDOWS (ae99c2e8f1c20ea442d4d02cd42a4e69)] -> xpath: //input[@placeholder='Name']]<br/>
<img src=D:\BuildPiper3.2_Rahul\Reports\15Feb_211558\serviceOverview_CreateServiceManifest_chrome\serviceOverview_CreateServiceManifest_chrome_46_Feb_213016.jpg alt='Lamp' width='500' height='400'><br/>
Clicking on element clicks on environment overview tab under applicartion name<br/>
<img src=D:\BuildPiper3.2_Rahul\Reports\15Feb_211558\serviceOverview_CreateServiceManifest_chrome\serviceOverview_CreateServiceManifest_chrome_46_Feb_213016.jpg alt='Lamp' width='500' height='400'><br/>
Clicking on element clicks buildButton<br/>
<img src=D:\BuildPiper3.2_Rahul\Reports\15Feb_211558\serviceOverview_CreateServiceManifest_chrome\serviceOverview_CreateServiceManifest_chrome_46_Feb_213025.jpg alt='Lamp' width='500' height='400'><br/>
Element is present :[[ChromeDriver: chrome on WINDOWS (ae99c2e8f1c20ea442d4d02cd42a4e69)] -> xpath: //span[contains(text(),'Please note You are building image in Env.')]/following-sibling::span[1]]<br/>
<img src=D:\BuildPiper3.2_Rahul\Reports\15Feb_211558\serviceOverview_CreateServiceManifest_chrome\serviceOverview_CreateServiceManifest_chrome_46_Feb_213031.jpg alt='Lamp' width='500' height='400'><br/>
Clicking on element clicks triggerBuild<br/>
<img src=D:\BuildPiper3.2_Rahul\Reports\15Feb_211558\serviceOverview_CreateServiceManifest_chrome\serviceOverview_CreateServiceManifest_chrome_46_Feb_213035.jpg alt='Lamp' width='500' height='400'><br/>
Clicking on element refresh BuildandDeploy button<br/>
<img src=D:\BuildPiper3.2_Rahul\Reports\15Feb_211558\serviceOverview_CreateServiceManifest_chrome\serviceOverview_CreateServiceManifest_chrome_46_Feb_213043.jpg alt='Lamp' width='500' height='400'><br/>
Element is present :[[ChromeDriver: chrome on WINDOWS (ae99c2e8f1c20ea442d4d02cd42a4e69)] -> xpath: //div[@class='round-chip bg-round-blue status-font' or @class='round-chip bg-round-green status-font']]<br/>
<img src=D:\BuildPiper3.2_Rahul\Reports\15Feb_211558\serviceOverview_CreateServiceManifest_chrome\serviceOverview_CreateServiceManifest_chrome_46_Feb_213046.jpg alt='Lamp' width='500' height='400'><br/>
Clicking on element buildRecent<br/>
<img src=D:\BuildPiper3.2_Rahul\Reports\15Feb_211558\serviceOverview_CreateServiceManifest_chrome\serviceOverview_CreateServiceManifest_chrome_46_Feb_213217.jpg alt='Lamp' width='500' height='400'><br/>
Clicking on element refresh BuildandDeploy button<br/>
<img src=D:\BuildPiper3.2_Rahul\Reports\15Feb_211558\serviceOverview_CreateServiceManifest_chrome\serviceOverview_CreateServiceManifest_chrome_46_Feb_213227.jpg alt='Lamp' width='500' height='400'><br/>
Clicking on element refresh BuildandDeploy button<br/>
<img src=D:\BuildPiper3.2_Rahul\Reports\15Feb_211558\serviceOverview_CreateServiceManifest_chrome\serviceOverview_CreateServiceManifest_chrome_46_Feb_213308.jpg alt='Lamp' width='500' height='400'><br/>
####### End of Test Case: serviceOverview_CreateServiceManifest #######<br/>
</div>
</td>
<td><div><pre>org.openqa.selenium.NoSuchElementException: no such element: Unable to locate element: {&quot;method&quot;:&quot;xpath&quot;,&quot;selector&quot;:&quot;//div[@class=&apos;round-chip bg-round-blue status-font&apos; or @class=&apos;round-chip bg-round-green status-font&apos;]&quot;}
  (Session info: chrome=121.0.6167.162)
For documentation on this error, please visit: https://www.seleniumhq.org/exceptions/no_such_element.html
Build info: version: &apos;3.141.59&apos;, revision: &apos;e82be7d358&apos;, time: &apos;2018-11-14T08:17:03&apos;
System info: host: &apos;DESKTOP-PTF1H2O&apos;, ip: &apos;192.168.1.8&apos;, os.name: &apos;Windows 10&apos;, os.arch: &apos;amd64&apos;, os.version: &apos;10.0&apos;, java.version: &apos;19.0.1&apos;
Driver info: org.openqa.selenium.chrome.ChromeDriver
Capabilities {acceptInsecureCerts: false, browserName: chrome, browserVersion: 121.0.6167.162, chrome: {chromedriverVersion: 121.0.6167.85 (3f98d690ad7e..., userDataDir: C:\Users\Rahul\AppData\Loca...}, fedcm:accounts: true, goog:chromeOptions: {debuggerAddress: localhost:60332}, javascriptEnabled: true, networkConnectionEnabled: false, pageLoadStrategy: normal, platform: WINDOWS, platformName: WINDOWS, proxy: Proxy(), setWindowRect: true, strictFileInteractability: false, timeouts: {implicit: 0, pageLoad: 300000, script: 30000}, unhandledPromptBehavior: dismiss and notify, webauthn:extension:credBlob: true, webauthn:extension:largeBlob: true, webauthn:extension:minPinLength: true, webauthn:extension:prf: true, webauthn:virtualAuthenticators: true}
Session ID: ae99c2e8f1c20ea442d4d02cd42a4e69
*** Element info: {Using=xpath, value=//div[@class=&apos;round-chip bg-round-blue status-font&apos; or @class=&apos;round-chip bg-round-green status-font&apos;]}
	at org.openqa.selenium.remote.http.W3CHttpResponseCodec.createException(W3CHttpResponseCodec.java:187)
	at org.openqa.selenium.remote.http.W3CHttpResponseCodec.decode(W3CHttpResponseCodec.java:122)
	at org.openqa.selenium.remote.http.W3CHttpResponseCodec.decode(W3CHttpResponseCodec.java:49)
	at org.openqa.selenium.remote.HttpCommandExecutor.execute(HttpCommandExecutor.java:158)
	at org.openqa.selenium.remote.service.DriverCommandExecutor.execute(DriverCommandExecutor.java:83)
	at org.openqa.selenium.remote.RemoteWebDriver.execute(RemoteWebDriver.java:552)
	at org.openqa.selenium.remote.RemoteWebDriver.findElement(RemoteWebDriver.java:323)
	at org.openqa.selenium.remote.RemoteWebDriver.findElementByXPath(RemoteWebDriver.java:428)
	at org.openqa.selenium.By$ByXPath.findElement(By.java:353)
	at org.openqa.selenium.remote.RemoteWebDriver.findElement(RemoteWebDriver.java:315)
	at org.openqa.selenium.support.pagefactory.DefaultElementLocator.findElement(DefaultElementLocator.java:69)
	at org.openqa.selenium.support.pagefactory.internal.LocatingElementHandler.invoke(LocatingElementHandler.java:38)
	at jdk.proxy2/jdk.proxy2.$Proxy26.isDisplayed(Unknown Source)
	at com.buildpiper.capabilities.UICapability.ui_IsElementDisplay(UICapability.java:190)
	at com.buildpiper.base.Capability.ui_IsElementDisplay(Capability.java:265)
	at com.buildpiper.pages.ServiceCreationPage.Verify_buildStatus(ServiceCreationPage.java:1496)
	at com.buildpiper.testcases.ServiceCreationComprehensiveTestCases.serviceOverview_CreateServiceManifest(ServiceCreationComprehensiveTestCases.java:456)
	at java.base/java.util.ArrayList.forEach(ArrayList.java:1511)
... Removed 28 stack frames</pre></div><a href='#' onClick='toggleBox("stack-trace1197114389", this, "Click to show all stack frames", "Click to hide stack frames")'>Click to show all stack frames</a>
<div class='stack-trace' id='stack-trace1197114389'><pre>org.openqa.selenium.NoSuchElementException: no such element: Unable to locate element: {&quot;method&quot;:&quot;xpath&quot;,&quot;selector&quot;:&quot;//div[@class=&apos;round-chip bg-round-blue status-font&apos; or @class=&apos;round-chip bg-round-green status-font&apos;]&quot;}
  (Session info: chrome=121.0.6167.162)
For documentation on this error, please visit: https://www.seleniumhq.org/exceptions/no_such_element.html
Build info: version: &apos;3.141.59&apos;, revision: &apos;e82be7d358&apos;, time: &apos;2018-11-14T08:17:03&apos;
System info: host: &apos;DESKTOP-PTF1H2O&apos;, ip: &apos;192.168.1.8&apos;, os.name: &apos;Windows 10&apos;, os.arch: &apos;amd64&apos;, os.version: &apos;10.0&apos;, java.version: &apos;19.0.1&apos;
Driver info: org.openqa.selenium.chrome.ChromeDriver
Capabilities {acceptInsecureCerts: false, browserName: chrome, browserVersion: 121.0.6167.162, chrome: {chromedriverVersion: 121.0.6167.85 (3f98d690ad7e..., userDataDir: C:\Users\Rahul\AppData\Loca...}, fedcm:accounts: true, goog:chromeOptions: {debuggerAddress: localhost:60332}, javascriptEnabled: true, networkConnectionEnabled: false, pageLoadStrategy: normal, platform: WINDOWS, platformName: WINDOWS, proxy: Proxy(), setWindowRect: true, strictFileInteractability: false, timeouts: {implicit: 0, pageLoad: 300000, script: 30000}, unhandledPromptBehavior: dismiss and notify, webauthn:extension:credBlob: true, webauthn:extension:largeBlob: true, webauthn:extension:minPinLength: true, webauthn:extension:prf: true, webauthn:virtualAuthenticators: true}
Session ID: ae99c2e8f1c20ea442d4d02cd42a4e69
*** Element info: {Using=xpath, value=//div[@class=&apos;round-chip bg-round-blue status-font&apos; or @class=&apos;round-chip bg-round-green status-font&apos;]}
	at java.base/jdk.internal.reflect.DirectConstructorHandleAccessor.newInstance(DirectConstructorHandleAccessor.java:67)
	at java.base/java.lang.reflect.Constructor.newInstanceWithCaller(Constructor.java:500)
	at java.base/java.lang.reflect.Constructor.newInstance(Constructor.java:484)
	at org.openqa.selenium.remote.http.W3CHttpResponseCodec.createException(W3CHttpResponseCodec.java:187)
	at org.openqa.selenium.remote.http.W3CHttpResponseCodec.decode(W3CHttpResponseCodec.java:122)
	at org.openqa.selenium.remote.http.W3CHttpResponseCodec.decode(W3CHttpResponseCodec.java:49)
	at org.openqa.selenium.remote.HttpCommandExecutor.execute(HttpCommandExecutor.java:158)
	at org.openqa.selenium.remote.service.DriverCommandExecutor.execute(DriverCommandExecutor.java:83)
	at org.openqa.selenium.remote.RemoteWebDriver.execute(RemoteWebDriver.java:552)
	at org.openqa.selenium.remote.RemoteWebDriver.findElement(RemoteWebDriver.java:323)
	at org.openqa.selenium.remote.RemoteWebDriver.findElementByXPath(RemoteWebDriver.java:428)
	at org.openqa.selenium.By$ByXPath.findElement(By.java:353)
	at org.openqa.selenium.remote.RemoteWebDriver.findElement(RemoteWebDriver.java:315)
	at org.openqa.selenium.support.pagefactory.DefaultElementLocator.findElement(DefaultElementLocator.java:69)
	at org.openqa.selenium.support.pagefactory.internal.LocatingElementHandler.invoke(LocatingElementHandler.java:38)
	at jdk.proxy2/jdk.proxy2.$Proxy26.isDisplayed(Unknown Source)
	at com.buildpiper.capabilities.UICapability.ui_IsElementDisplay(UICapability.java:190)
	at com.buildpiper.base.Capability.ui_IsElementDisplay(Capability.java:265)
	at com.buildpiper.pages.ServiceCreationPage.Verify_buildStatus(ServiceCreationPage.java:1496)
	at com.buildpiper.testcases.ServiceCreationComprehensiveTestCases.serviceOverview_CreateServiceManifest(ServiceCreationComprehensiveTestCases.java:456)
	at java.base/jdk.internal.reflect.DirectMethodHandleAccessor.invoke(DirectMethodHandleAccessor.java:104)
	at java.base/java.lang.reflect.Method.invoke(Method.java:578)
	at org.testng.internal.MethodInvocationHelper.invokeMethod(MethodInvocationHelper.java:134)
	at org.testng.internal.TestInvoker.invokeMethod(TestInvoker.java:597)
	at org.testng.internal.TestInvoker.invokeTestMethod(TestInvoker.java:173)
	at org.testng.internal.MethodRunner.runInSequence(MethodRunner.java:46)
	at org.testng.internal.TestInvoker$MethodInvocationAgent.invoke(TestInvoker.java:816)
	at org.testng.internal.TestInvoker.invokeTestMethods(TestInvoker.java:146)
	at org.testng.internal.TestMethodWorker.invokeTestMethods(TestMethodWorker.java:146)
	at org.testng.internal.TestMethodWorker.run(TestMethodWorker.java:128)
	at java.base/java.util.ArrayList.forEach(ArrayList.java:1511)
	at org.testng.TestRunner.privateRun(TestRunner.java:766)
	at org.testng.TestRunner.run(TestRunner.java:587)
	at org.testng.SuiteRunner.runTest(SuiteRunner.java:384)
	at org.testng.SuiteRunner.runSequentially(SuiteRunner.java:378)
	at org.testng.SuiteRunner.privateRun(SuiteRunner.java:337)
	at org.testng.SuiteRunner.run(SuiteRunner.java:286)
	at org.testng.SuiteRunnerWorker.runSuite(SuiteRunnerWorker.java:53)
	at org.testng.SuiteRunnerWorker.run(SuiteRunnerWorker.java:96)
	at org.testng.TestNG.runSuitesSequentially(TestNG.java:1187)
	at org.testng.TestNG.runSuitesLocally(TestNG.java:1109)
	at org.testng.TestNG.runSuites(TestNG.java:1039)
	at org.testng.TestNG.run(TestNG.java:1007)
	at org.testng.remote.AbstractRemoteTestNG.run(AbstractRemoteTestNG.java:115)
	at org.testng.remote.RemoteTestNG.initAndRun(RemoteTestNG.java:251)
	at org.testng.remote.RemoteTestNG.main(RemoteTestNG.java:77)
</pre></div></td>
<td>478</td>
<td>com.buildpiper.testcases.ServiceCreationComprehensiveTestCases@6f95cd51</td></tr>
</table><p>
<table width='100%' border='1' class='invocation-passed'>
<tr><td colspan='4' align='center'><b>PASSED TESTS</b></td></tr>
<tr><td><b>Test method</b></td>
<td width="30%"><b>Exception</b></td>
<td width="10%"><b>Time (seconds)</b></td>
<td><b>Instance</b></td>
</tr>
<tr>
<td title='com.buildpiper.testcases.GitEventsTestcases.AddNewListener()'><b>AddNewListener</b><br>Test class: com.buildpiper.testcases.GitEventsTestcases<br/>
<a href="#Output-216056499" onClick='toggleBox("Output-216056499", this, "Show output", "Hide output");'>Show output</a>

<a href="#Output-216056499" onClick="toggleAllBoxes();">Show all outputs</a>
<div class='log' id="Output-216056499">
Exception while scroll to view of element: <br/>
Exception while scroll to view of element: <br/>
 Element :Proxy element for: DefaultElementLocator 'By.xpath: //div[@aria-controls='simple-menu']//div//div[2]//p' is not clickable using javaScript<br/>
 Element :Proxy element for: DefaultElementLocator 'By.xpath: //div[@aria-controls='simple-menu']//div//div[2]//p' is not clickable using selenium click<br/>
<img src=D:\BuildPiper3.2_Rahul\Reports\15Feb_211558\AddNewListener_chrome\AddNewListener_chrome_46_Feb_215838.jpg alt='Lamp' width='500' height='400'><br/>
Clicking on element userMenuAppBar<br/>
<img src=D:\BuildPiper3.2_Rahul\Reports\15Feb_211558\AddNewListener_chrome\AddNewListener_chrome_46_Feb_215839.jpg alt='Lamp' width='500' height='400'><br/>
 Element :Proxy element for: DefaultElementLocator 'By.xpath: //p[@class='inactive-portal cursor-pointer']' is not clickable using selenium click<br/>
<img src=D:\BuildPiper3.2_Rahul\Reports\15Feb_211558\AddNewListener_chrome\AddNewListener_chrome_46_Feb_215909.jpg alt='Lamp' width='500' height='400'><br/>
Clicking on element switching to user account<br/>
<img src=D:\BuildPiper3.2_Rahul\Reports\15Feb_211558\AddNewListener_chrome\AddNewListener_chrome_46_Feb_215909.jpg alt='Lamp' width='500' height='400'><br/>
Element is present :[[ChromeDriver: chrome on WINDOWS (ed3c9dbd68e0f564f9aca49f2d18b2ad)] -> xpath: //li//button[contains(@class,'main-menu hover-effect ')]/p[text()='Integrations']]<br/>
<img src=D:\BuildPiper3.2_Rahul\Reports\15Feb_211558\AddNewListener_chrome\AddNewListener_chrome_46_Feb_215920.jpg alt='Lamp' width='500' height='400'><br/>
Clicking on element integrations Link Link<br/>
<img src=D:\BuildPiper3.2_Rahul\Reports\15Feb_211558\AddNewListener_chrome\AddNewListener_chrome_46_Feb_215920.jpg alt='Lamp' width='500' height='400'><br/>
Clicking on element git Events Link Link<br/>
<img src=D:\BuildPiper3.2_Rahul\Reports\15Feb_211558\AddNewListener_chrome\AddNewListener_chrome_46_Feb_215920.jpg alt='Lamp' width='500' height='400'><br/>
Element is present :[[ChromeDriver: chrome on WINDOWS (ed3c9dbd68e0f564f9aca49f2d18b2ad)] -> xpath: //button[text()=' Add Listener']]<br/>
<img src=D:\BuildPiper3.2_Rahul\Reports\15Feb_211558\AddNewListener_chrome\AddNewListener_chrome_46_Feb_215922.jpg alt='Lamp' width='500' height='400'><br/>
Clicking on element Add New Listener Button<br/>
<img src=D:\BuildPiper3.2_Rahul\Reports\15Feb_211558\AddNewListener_chrome\AddNewListener_chrome_46_Feb_215923.jpg alt='Lamp' width='500' height='400'><br/>
Setting value on element addListenerNameField<br/>
<img src=D:\BuildPiper3.2_Rahul\Reports\15Feb_211558\AddNewListener_chrome\AddNewListener_chrome_46_Feb_215925.jpg alt='Lamp' width='500' height='400'><br/>
Element is present :[[ChromeDriver: chrome on WINDOWS (ed3c9dbd68e0f564f9aca49f2d18b2ad)] -> xpath: //div[@class='MuiInputBase-root MuiOutlinedInput-root MuiAutocomplete-inputRoot MuiInputBase-fullWidth MuiInputBase-formControl MuiInputBase-adornedEnd MuiOutlinedInput-adornedEnd']]<br/>
<img src=D:\BuildPiper3.2_Rahul\Reports\15Feb_211558\AddNewListener_chrome\AddNewListener_chrome_46_Feb_215927.jpg alt='Lamp' width='500' height='400'><br/>
Clicking on element Poc_QA gitUrlInputField<br/>
<img src=D:\BuildPiper3.2_Rahul\Reports\15Feb_211558\AddNewListener_chrome\AddNewListener_chrome_46_Feb_215928.jpg alt='Lamp' width='500' height='400'><br/>
Clicking on element ClicksclearField<br/>
<img src=D:\BuildPiper3.2_Rahul\Reports\15Feb_211558\AddNewListener_chrome\AddNewListener_chrome_46_Feb_215933.jpg alt='Lamp' width='500' height='400'><br/>
Element is present :[[ChromeDriver: chrome on WINDOWS (ed3c9dbd68e0f564f9aca49f2d18b2ad)] -> xpath: //*[text()='Load Branches']]<br/>
<img src=D:\BuildPiper3.2_Rahul\Reports\15Feb_211558\AddNewListener_chrome\AddNewListener_chrome_46_Feb_215943.jpg alt='Lamp' width='500' height='400'><br/>
Clicking on element Poc_QA loadBranchesBtn<br/>
<img src=D:\BuildPiper3.2_Rahul\Reports\15Feb_211558\AddNewListener_chrome\AddNewListener_chrome_46_Feb_215943.jpg alt='Lamp' width='500' height='400'><br/>
Clicking on element Select Event name<br/>
<img src=D:\BuildPiper3.2_Rahul\Reports\15Feb_211558\AddNewListener_chrome\AddNewListener_chrome_46_Feb_215956.jpg alt='Lamp' width='500' height='400'><br/>
Clicking on element pushHook EventCheckbox<br/>
<img src=D:\BuildPiper3.2_Rahul\Reports\15Feb_211558\AddNewListener_chrome\AddNewListener_chrome_46_Feb_215957.jpg alt='Lamp' width='500' height='400'><br/>
Clicking on element Select Event name<br/>
<img src=D:\BuildPiper3.2_Rahul\Reports\15Feb_211558\AddNewListener_chrome\AddNewListener_chrome_46_Feb_215959.jpg alt='Lamp' width='500' height='400'><br/>
Element is present :[[ChromeDriver: chrome on WINDOWS (ed3c9dbd68e0f564f9aca49f2d18b2ad)] -> xpath: //select[@name='project_env_id']]<br/>
<img src=D:\BuildPiper3.2_Rahul\Reports\15Feb_211558\AddNewListener_chrome\AddNewListener_chrome_46_Feb_220005.jpg alt='Lamp' width='500' height='400'><br/>
Element is present :[[ChromeDriver: chrome on WINDOWS (ed3c9dbd68e0f564f9aca49f2d18b2ad)] -> xpath: //select[@name='service_id']]<br/>
<img src=D:\BuildPiper3.2_Rahul\Reports\15Feb_211558\AddNewListener_chrome\AddNewListener_chrome_46_Feb_220011.jpg alt='Lamp' width='500' height='400'><br/>
Element is present :[[ChromeDriver: chrome on WINDOWS (ed3c9dbd68e0f564f9aca49f2d18b2ad)] -> xpath: //select[@name='project_job_template_id']]<br/>
<img src=D:\BuildPiper3.2_Rahul\Reports\15Feb_211558\AddNewListener_chrome\AddNewListener_chrome_46_Feb_220016.jpg alt='Lamp' width='500' height='400'><br/>
Element is present :[[ChromeDriver: chrome on WINDOWS (ed3c9dbd68e0f564f9aca49f2d18b2ad)] -> xpath: //select[@name='action']]<br/>
<img src=D:\BuildPiper3.2_Rahul\Reports\15Feb_211558\AddNewListener_chrome\AddNewListener_chrome_46_Feb_220020.jpg alt='Lamp' width='500' height='400'><br/>
Clicking on element select Deployment Checkbox<br/>
<img src=D:\BuildPiper3.2_Rahul\Reports\15Feb_211558\AddNewListener_chrome\AddNewListener_chrome_46_Feb_220024.jpg alt='Lamp' width='500' height='400'><br/>
 Element :[[ChromeDriver: chrome on WINDOWS (ed3c9dbd68e0f564f9aca49f2d18b2ad)] -> xpath: //button[text()='Save']] is not clickable using selenium click<br/>
<img src=D:\BuildPiper3.2_Rahul\Reports\15Feb_211558\AddNewListener_chrome\AddNewListener_chrome_46_Feb_220028.jpg alt='Lamp' width='500' height='400'><br/>
Clicking on element Save Listener<br/>
<img src=D:\BuildPiper3.2_Rahul\Reports\15Feb_211558\AddNewListener_chrome\AddNewListener_chrome_46_Feb_220028.jpg alt='Lamp' width='500' height='400'><br/>
Clicking on element step KebobIcon<br/>
<img src=D:\BuildPiper3.2_Rahul\Reports\15Feb_211558\AddNewListener_chrome\AddNewListener_chrome_46_Feb_220049.jpg alt='Lamp' width='500' height='400'><br/>
Element is present :[[ChromeDriver: chrome on WINDOWS (ed3c9dbd68e0f564f9aca49f2d18b2ad)] -> xpath: //span[contains(text(),'Delete')]]<br/>
<img src=D:\BuildPiper3.2_Rahul\Reports\15Feb_211558\AddNewListener_chrome\AddNewListener_chrome_46_Feb_220051.jpg alt='Lamp' width='500' height='400'><br/>
Clicking on element Delete Created Event<br/>
<img src=D:\BuildPiper3.2_Rahul\Reports\15Feb_211558\AddNewListener_chrome\AddNewListener_chrome_46_Feb_220051.jpg alt='Lamp' width='500' height='400'><br/>
Setting value on element deleteConfirmation<br/>
<img src=D:\BuildPiper3.2_Rahul\Reports\15Feb_211558\AddNewListener_chrome\AddNewListener_chrome_46_Feb_220053.jpg alt='Lamp' width='500' height='400'><br/>
Clicking on element delete Button<br/>
<img src=D:\BuildPiper3.2_Rahul\Reports\15Feb_211558\AddNewListener_chrome\AddNewListener_chrome_46_Feb_220055.jpg alt='Lamp' width='500' height='400'><br/>
####### End of Test Case: AddNewListener #######<br/>
</div>
</td>
<td></td>
<td>167</td>
<td>com.buildpiper.testcases.GitEventsTestcases@6d868997</td></tr>
<tr>
<td title='com.buildpiper.testcases.EnvironmentTestcasesExecution.CreateEnvironmentwithBPConfigMap()'><b>CreateEnvironmentwithBPConfigMap</b><br>Test class: com.buildpiper.testcases.EnvironmentTestcasesExecution<br/>
<a href="#Output-521055160" onClick='toggleBox("Output-521055160", this, "Show output", "Hide output");'>Show output</a>

<a href="#Output-521055160" onClick="toggleAllBoxes();">Show all outputs</a>
<div class='log' id="Output-521055160">
Exception while scroll to view of element: <br/>
Exception while scroll to view of element: <br/>
 Element :Proxy element for: DefaultElementLocator 'By.xpath: //div[@aria-controls='simple-menu']//div//div[2]//p' is not clickable using javaScript<br/>
 Element :Proxy element for: DefaultElementLocator 'By.xpath: //div[@aria-controls='simple-menu']//div//div[2]//p' is not clickable using selenium click<br/>
<img src=D:\BuildPiper3.2_Rahul\Reports\15Feb_211558\CreateEnvironmentwithBPConfigMap_chrome\CreateEnvironmentwithBPConfigMap_chrome_46_Feb_213438.jpg alt='Lamp' width='500' height='400'><br/>
Clicking on element userMenuAppBar<br/>
<img src=D:\BuildPiper3.2_Rahul\Reports\15Feb_211558\CreateEnvironmentwithBPConfigMap_chrome\CreateEnvironmentwithBPConfigMap_chrome_46_Feb_213438.jpg alt='Lamp' width='500' height='400'><br/>
 Element :Proxy element for: DefaultElementLocator 'By.xpath: //p[@class='inactive-portal cursor-pointer']' is not clickable using selenium click<br/>
<img src=D:\BuildPiper3.2_Rahul\Reports\15Feb_211558\CreateEnvironmentwithBPConfigMap_chrome\CreateEnvironmentwithBPConfigMap_chrome_46_Feb_213508.jpg alt='Lamp' width='500' height='400'><br/>
Clicking on element switching to user account<br/>
<img src=D:\BuildPiper3.2_Rahul\Reports\15Feb_211558\CreateEnvironmentwithBPConfigMap_chrome\CreateEnvironmentwithBPConfigMap_chrome_46_Feb_213509.jpg alt='Lamp' width='500' height='400'><br/>
Element is present :[[ChromeDriver: chrome on WINDOWS (b904ae140256c64c8545059cb6b0658c)] -> xpath: //li//button[contains(@class,'app-cluster-button')]//span[@title]]<br/>
<img src=D:\BuildPiper3.2_Rahul\Reports\15Feb_211558\CreateEnvironmentwithBPConfigMap_chrome\CreateEnvironmentwithBPConfigMap_chrome_46_Feb_213514.jpg alt='Lamp' width='500' height='400'><br/>
Element is present :[[ChromeDriver: chrome on WINDOWS (b904ae140256c64c8545059cb6b0658c)] -> xpath: //button[@class='app-cluster-button selected-border selected-shadow']/..//div//a[contains(.,'Environment Overview')]]<br/>
<img src=D:\BuildPiper3.2_Rahul\Reports\15Feb_211558\CreateEnvironmentwithBPConfigMap_chrome\CreateEnvironmentwithBPConfigMap_chrome_46_Feb_213519.jpg alt='Lamp' width='500' height='400'><br/>
Clicking on element clicks on environment overview tab under applicartion name<br/>
<img src=D:\BuildPiper3.2_Rahul\Reports\15Feb_211558\CreateEnvironmentwithBPConfigMap_chrome\CreateEnvironmentwithBPConfigMap_chrome_46_Feb_213520.jpg alt='Lamp' width='500' height='400'><br/>
Element is present :[[ChromeDriver: chrome on WINDOWS (b904ae140256c64c8545059cb6b0658c)] -> xpath: //a[text()='New Environment']]<br/>
<img src=D:\BuildPiper3.2_Rahul\Reports\15Feb_211558\CreateEnvironmentwithBPConfigMap_chrome\CreateEnvironmentwithBPConfigMap_chrome_46_Feb_213520.jpg alt='Lamp' width='500' height='400'><br/>
Clicking on element clicks on add new environment button<br/>
<img src=D:\BuildPiper3.2_Rahul\Reports\15Feb_211558\CreateEnvironmentwithBPConfigMap_chrome\CreateEnvironmentwithBPConfigMap_chrome_46_Feb_213520.jpg alt='Lamp' width='500' height='400'><br/>
Element is present :[[ChromeDriver: chrome on WINDOWS (b904ae140256c64c8545059cb6b0658c)] -> xpath: //input[@placeholder='Environment Name']]<br/>
<img src=D:\BuildPiper3.2_Rahul\Reports\15Feb_211558\CreateEnvironmentwithBPConfigMap_chrome\CreateEnvironmentwithBPConfigMap_chrome_46_Feb_213521.jpg alt='Lamp' width='500' height='400'><br/>
Setting value on element <br/>
<img src=D:\BuildPiper3.2_Rahul\Reports\15Feb_211558\CreateEnvironmentwithBPConfigMap_chrome\CreateEnvironmentwithBPConfigMap_chrome_46_Feb_213521.jpg alt='Lamp' width='500' height='400'><br/>
Element is present :[[ChromeDriver: chrome on WINDOWS (b904ae140256c64c8545059cb6b0658c)] -> xpath: //button[@class='btn btn-submit']]<br/>
<img src=D:\BuildPiper3.2_Rahul\Reports\15Feb_211558\CreateEnvironmentwithBPConfigMap_chrome\CreateEnvironmentwithBPConfigMap_chrome_46_Feb_213537.jpg alt='Lamp' width='500' height='400'><br/>
 Element :Proxy element for: DefaultElementLocator 'By.xpath: //button[@class='btn btn-submit']' is not clickable using selenium click<br/>
<img src=D:\BuildPiper3.2_Rahul\Reports\15Feb_211558\CreateEnvironmentwithBPConfigMap_chrome\CreateEnvironmentwithBPConfigMap_chrome_46_Feb_213538.jpg alt='Lamp' width='500' height='400'><br/>
Clicking on element user clicks save button<br/>
<img src=D:\BuildPiper3.2_Rahul\Reports\15Feb_211558\CreateEnvironmentwithBPConfigMap_chrome\CreateEnvironmentwithBPConfigMap_chrome_46_Feb_213538.jpg alt='Lamp' width='500' height='400'><br/>
Clicking on element First Hyperlink Clicked<br/>
<img src=D:\BuildPiper3.2_Rahul\Reports\15Feb_211558\CreateEnvironmentwithBPConfigMap_chrome\CreateEnvironmentwithBPConfigMap_chrome_46_Feb_213557.jpg alt='Lamp' width='500' height='400'><br/>
Clicking on element envConfigOptions ConfigMaps<br/>
<img src=D:\BuildPiper3.2_Rahul\Reports\15Feb_211558\CreateEnvironmentwithBPConfigMap_chrome\CreateEnvironmentwithBPConfigMap_chrome_46_Feb_213559.jpg alt='Lamp' width='500' height='400'><br/>
Clicking on element switchtoBPmanaged ConfigMaps<br/>
<img src=D:\BuildPiper3.2_Rahul\Reports\15Feb_211558\CreateEnvironmentwithBPConfigMap_chrome\CreateEnvironmentwithBPConfigMap_chrome_46_Feb_213601.jpg alt='Lamp' width='500' height='400'><br/>
Clicking on element addConfigMaps BPmanagedConfig<br/>
<img src=D:\BuildPiper3.2_Rahul\Reports\15Feb_211558\CreateEnvironmentwithBPConfigMap_chrome\CreateEnvironmentwithBPConfigMap_chrome_46_Feb_213603.jpg alt='Lamp' width='500' height='400'><br/>
Setting value on element configName<br/>
<img src=D:\BuildPiper3.2_Rahul\Reports\15Feb_211558\CreateEnvironmentwithBPConfigMap_chrome\CreateEnvironmentwithBPConfigMap_chrome_46_Feb_213606.jpg alt='Lamp' width='500' height='400'><br/>
 Element :[[ChromeDriver: chrome on WINDOWS (b904ae140256c64c8545059cb6b0658c)] -> xpath: //button[@title='Clear']] is not clickable using selenium click<br/>
<img src=D:\BuildPiper3.2_Rahul\Reports\15Feb_211558\CreateEnvironmentwithBPConfigMap_chrome\CreateEnvironmentwithBPConfigMap_chrome_46_Feb_213644.jpg alt='Lamp' width='500' height='400'><br/>
Clicking on element ClicksclearField<br/>
<img src=D:\BuildPiper3.2_Rahul\Reports\15Feb_211558\CreateEnvironmentwithBPConfigMap_chrome\CreateEnvironmentwithBPConfigMap_chrome_46_Feb_213644.jpg alt='Lamp' width='500' height='400'><br/>
Element is present :[[ChromeDriver: chrome on WINDOWS (b904ae140256c64c8545059cb6b0658c)] -> xpath: //*[text()='Load Branches']]<br/>
<img src=D:\BuildPiper3.2_Rahul\Reports\15Feb_211558\CreateEnvironmentwithBPConfigMap_chrome\CreateEnvironmentwithBPConfigMap_chrome_46_Feb_213654.jpg alt='Lamp' width='500' height='400'><br/>
Clicking on element Poc_QA loadBranchesBtn<br/>
<img src=D:\BuildPiper3.2_Rahul\Reports\15Feb_211558\CreateEnvironmentwithBPConfigMap_chrome\CreateEnvironmentwithBPConfigMap_chrome_46_Feb_213654.jpg alt='Lamp' width='500' height='400'><br/>
Element is present :[[ChromeDriver: chrome on WINDOWS (b904ae140256c64c8545059cb6b0658c)] -> xpath: //button[contains(text(),'Save & Deploy')]]<br/>
<img src=D:\BuildPiper3.2_Rahul\Reports\15Feb_211558\CreateEnvironmentwithBPConfigMap_chrome\CreateEnvironmentwithBPConfigMap_chrome_46_Feb_213727.jpg alt='Lamp' width='500' height='400'><br/>
Clicking on element saveandDeploy Environment<br/>
<img src=D:\BuildPiper3.2_Rahul\Reports\15Feb_211558\CreateEnvironmentwithBPConfigMap_chrome\CreateEnvironmentwithBPConfigMap_chrome_46_Feb_213728.jpg alt='Lamp' width='500' height='400'><br/>
Element is present :[[ChromeDriver: chrome on WINDOWS (b904ae140256c64c8545059cb6b0658c)] -> xpath: //div[text()='Namespace Config_map deployed successfully!']]<br/>
<img src=D:\BuildPiper3.2_Rahul\Reports\15Feb_211558\CreateEnvironmentwithBPConfigMap_chrome\CreateEnvironmentwithBPConfigMap_chrome_46_Feb_213748.jpg alt='Lamp' width='500' height='400'><br/>
Clicking on element continue Deploy<br/>
<img src=D:\BuildPiper3.2_Rahul\Reports\15Feb_211558\CreateEnvironmentwithBPConfigMap_chrome\CreateEnvironmentwithBPConfigMap_chrome_46_Feb_213748.jpg alt='Lamp' width='500' height='400'><br/>
####### End of Test Case: CreateEnvironmentwithBPConfigMap #######<br/>
</div>
</td>
<td></td>
<td>220</td>
<td>com.buildpiper.testcases.EnvironmentTestcasesExecution@c7a977f</td></tr>
<tr>
<td title='com.buildpiper.testcases.EnvironmentTestcasesExecution.CreateEnvironmentwithSecret_KeyValuePair()'><b>CreateEnvironmentwithSecret_KeyValuePair</b><br>Test class: com.buildpiper.testcases.EnvironmentTestcasesExecution<br/>
<a href="#Output-1332130886" onClick='toggleBox("Output-1332130886", this, "Show output", "Hide output");'>Show output</a>

<a href="#Output-1332130886" onClick="toggleAllBoxes();">Show all outputs</a>
<div class='log' id="Output-1332130886">
Exception while scroll to view of element: <br/>
Exception while scroll to view of element: <br/>
 Element :Proxy element for: DefaultElementLocator 'By.xpath: //div[@aria-controls='simple-menu']//div//div[2]//p' is not clickable using javaScript<br/>
 Element :Proxy element for: DefaultElementLocator 'By.xpath: //div[@aria-controls='simple-menu']//div//div[2]//p' is not clickable using selenium click<br/>
<img src=D:\BuildPiper3.2_Rahul\Reports\15Feb_211558\CreateEnvironmentwithSecret_KeyValuePair_chrome\CreateEnvironmentwithSecret_KeyValuePair_chrome_46_Feb_214258.jpg alt='Lamp' width='500' height='400'><br/>
Clicking on element userMenuAppBar<br/>
<img src=D:\BuildPiper3.2_Rahul\Reports\15Feb_211558\CreateEnvironmentwithSecret_KeyValuePair_chrome\CreateEnvironmentwithSecret_KeyValuePair_chrome_46_Feb_214258.jpg alt='Lamp' width='500' height='400'><br/>
 Element :Proxy element for: DefaultElementLocator 'By.xpath: //p[@class='inactive-portal cursor-pointer']' is not clickable using selenium click<br/>
<img src=D:\BuildPiper3.2_Rahul\Reports\15Feb_211558\CreateEnvironmentwithSecret_KeyValuePair_chrome\CreateEnvironmentwithSecret_KeyValuePair_chrome_46_Feb_214328.jpg alt='Lamp' width='500' height='400'><br/>
Clicking on element switching to user account<br/>
<img src=D:\BuildPiper3.2_Rahul\Reports\15Feb_211558\CreateEnvironmentwithSecret_KeyValuePair_chrome\CreateEnvironmentwithSecret_KeyValuePair_chrome_46_Feb_214329.jpg alt='Lamp' width='500' height='400'><br/>
Element is present :[[ChromeDriver: chrome on WINDOWS (b2db49d5dbd35ea590333a4cfff54f0c)] -> xpath: //li//button[contains(@class,'app-cluster-button')]//span[@title]]<br/>
<img src=D:\BuildPiper3.2_Rahul\Reports\15Feb_211558\CreateEnvironmentwithSecret_KeyValuePair_chrome\CreateEnvironmentwithSecret_KeyValuePair_chrome_46_Feb_214334.jpg alt='Lamp' width='500' height='400'><br/>
Element is present :[[ChromeDriver: chrome on WINDOWS (b2db49d5dbd35ea590333a4cfff54f0c)] -> xpath: //button[@class='app-cluster-button selected-border selected-shadow']/..//div//a[contains(.,'Environment Overview')]]<br/>
<img src=D:\BuildPiper3.2_Rahul\Reports\15Feb_211558\CreateEnvironmentwithSecret_KeyValuePair_chrome\CreateEnvironmentwithSecret_KeyValuePair_chrome_46_Feb_214339.jpg alt='Lamp' width='500' height='400'><br/>
Clicking on element clicks on environment overview tab under applicartion name<br/>
<img src=D:\BuildPiper3.2_Rahul\Reports\15Feb_211558\CreateEnvironmentwithSecret_KeyValuePair_chrome\CreateEnvironmentwithSecret_KeyValuePair_chrome_46_Feb_214340.jpg alt='Lamp' width='500' height='400'><br/>
Element is present :[[ChromeDriver: chrome on WINDOWS (b2db49d5dbd35ea590333a4cfff54f0c)] -> xpath: //a[text()='New Environment']]<br/>
<img src=D:\BuildPiper3.2_Rahul\Reports\15Feb_211558\CreateEnvironmentwithSecret_KeyValuePair_chrome\CreateEnvironmentwithSecret_KeyValuePair_chrome_46_Feb_214340.jpg alt='Lamp' width='500' height='400'><br/>
Clicking on element clicks on add new environment button<br/>
<img src=D:\BuildPiper3.2_Rahul\Reports\15Feb_211558\CreateEnvironmentwithSecret_KeyValuePair_chrome\CreateEnvironmentwithSecret_KeyValuePair_chrome_46_Feb_214340.jpg alt='Lamp' width='500' height='400'><br/>
Element is present :[[ChromeDriver: chrome on WINDOWS (b2db49d5dbd35ea590333a4cfff54f0c)] -> xpath: //input[@placeholder='Environment Name']]<br/>
<img src=D:\BuildPiper3.2_Rahul\Reports\15Feb_211558\CreateEnvironmentwithSecret_KeyValuePair_chrome\CreateEnvironmentwithSecret_KeyValuePair_chrome_46_Feb_214340.jpg alt='Lamp' width='500' height='400'><br/>
Setting value on element <br/>
<img src=D:\BuildPiper3.2_Rahul\Reports\15Feb_211558\CreateEnvironmentwithSecret_KeyValuePair_chrome\CreateEnvironmentwithSecret_KeyValuePair_chrome_46_Feb_214341.jpg alt='Lamp' width='500' height='400'><br/>
Element is present :[[ChromeDriver: chrome on WINDOWS (b2db49d5dbd35ea590333a4cfff54f0c)] -> xpath: //button[@class='btn btn-submit']]<br/>
<img src=D:\BuildPiper3.2_Rahul\Reports\15Feb_211558\CreateEnvironmentwithSecret_KeyValuePair_chrome\CreateEnvironmentwithSecret_KeyValuePair_chrome_46_Feb_214357.jpg alt='Lamp' width='500' height='400'><br/>
 Element :Proxy element for: DefaultElementLocator 'By.xpath: //button[@class='btn btn-submit']' is not clickable using selenium click<br/>
<img src=D:\BuildPiper3.2_Rahul\Reports\15Feb_211558\CreateEnvironmentwithSecret_KeyValuePair_chrome\CreateEnvironmentwithSecret_KeyValuePair_chrome_46_Feb_214358.jpg alt='Lamp' width='500' height='400'><br/>
Clicking on element user clicks save button<br/>
<img src=D:\BuildPiper3.2_Rahul\Reports\15Feb_211558\CreateEnvironmentwithSecret_KeyValuePair_chrome\CreateEnvironmentwithSecret_KeyValuePair_chrome_46_Feb_214358.jpg alt='Lamp' width='500' height='400'><br/>
Clicking on element First Hyperlink Clicked<br/>
<img src=D:\BuildPiper3.2_Rahul\Reports\15Feb_211558\CreateEnvironmentwithSecret_KeyValuePair_chrome\CreateEnvironmentwithSecret_KeyValuePair_chrome_46_Feb_214417.jpg alt='Lamp' width='500' height='400'><br/>
Clicking on element envSecretsTab<br/>
<img src=D:\BuildPiper3.2_Rahul\Reports\15Feb_211558\CreateEnvironmentwithSecret_KeyValuePair_chrome\CreateEnvironmentwithSecret_KeyValuePair_chrome_46_Feb_214419.jpg alt='Lamp' width='500' height='400'><br/>
Clicking on element switchtoBPmanaged ConfigMaps<br/>
<img src=D:\BuildPiper3.2_Rahul\Reports\15Feb_211558\CreateEnvironmentwithSecret_KeyValuePair_chrome\CreateEnvironmentwithSecret_KeyValuePair_chrome_46_Feb_214421.jpg alt='Lamp' width='500' height='400'><br/>
Clicking on element addConfigMaps BPmanagedConfig<br/>
<img src=D:\BuildPiper3.2_Rahul\Reports\15Feb_211558\CreateEnvironmentwithSecret_KeyValuePair_chrome\CreateEnvironmentwithSecret_KeyValuePair_chrome_46_Feb_214423.jpg alt='Lamp' width='500' height='400'><br/>
Setting value on element configName<br/>
<img src=D:\BuildPiper3.2_Rahul\Reports\15Feb_211558\CreateEnvironmentwithSecret_KeyValuePair_chrome\CreateEnvironmentwithSecret_KeyValuePair_chrome_46_Feb_214426.jpg alt='Lamp' width='500' height='400'><br/>
Setting value on element adds key value<br/>
<img src=D:\BuildPiper3.2_Rahul\Reports\15Feb_211558\CreateEnvironmentwithSecret_KeyValuePair_chrome\CreateEnvironmentwithSecret_KeyValuePair_chrome_46_Feb_214429.jpg alt='Lamp' width='500' height='400'><br/>
Setting value on element adds key value<br/>
<img src=D:\BuildPiper3.2_Rahul\Reports\15Feb_211558\CreateEnvironmentwithSecret_KeyValuePair_chrome\CreateEnvironmentwithSecret_KeyValuePair_chrome_46_Feb_214430.jpg alt='Lamp' width='500' height='400'><br/>
Element is present :[[ChromeDriver: chrome on WINDOWS (b2db49d5dbd35ea590333a4cfff54f0c)] -> xpath: //button[contains(text(),'Save & Deploy')]]<br/>
<img src=D:\BuildPiper3.2_Rahul\Reports\15Feb_211558\CreateEnvironmentwithSecret_KeyValuePair_chrome\CreateEnvironmentwithSecret_KeyValuePair_chrome_46_Feb_214450.jpg alt='Lamp' width='500' height='400'><br/>
 Element :[[ChromeDriver: chrome on WINDOWS (b2db49d5dbd35ea590333a4cfff54f0c)] -> xpath: //button[contains(text(),'Save & Deploy')]] is not clickable using selenium click<br/>
<img src=D:\BuildPiper3.2_Rahul\Reports\15Feb_211558\CreateEnvironmentwithSecret_KeyValuePair_chrome\CreateEnvironmentwithSecret_KeyValuePair_chrome_46_Feb_214451.jpg alt='Lamp' width='500' height='400'><br/>
Clicking on element saveandDeploy Environment<br/>
<img src=D:\BuildPiper3.2_Rahul\Reports\15Feb_211558\CreateEnvironmentwithSecret_KeyValuePair_chrome\CreateEnvironmentwithSecret_KeyValuePair_chrome_46_Feb_214451.jpg alt='Lamp' width='500' height='400'><br/>
Element is present :[[ChromeDriver: chrome on WINDOWS (b2db49d5dbd35ea590333a4cfff54f0c)] -> xpath: //div[text()='Namespace Secret deployed successfully!']]<br/>
<img src=D:\BuildPiper3.2_Rahul\Reports\15Feb_211558\CreateEnvironmentwithSecret_KeyValuePair_chrome\CreateEnvironmentwithSecret_KeyValuePair_chrome_46_Feb_214512.jpg alt='Lamp' width='500' height='400'><br/>
Clicking on element continue Deploy<br/>
<img src=D:\BuildPiper3.2_Rahul\Reports\15Feb_211558\CreateEnvironmentwithSecret_KeyValuePair_chrome\CreateEnvironmentwithSecret_KeyValuePair_chrome_46_Feb_214512.jpg alt='Lamp' width='500' height='400'><br/>
####### End of Test Case: CreateEnvironmentwithSecret_KeyValuePair #######<br/>
</div>
</td>
<td></td>
<td>164</td>
<td>com.buildpiper.testcases.EnvironmentTestcasesExecution@c7a977f</td></tr>
<tr>
<td title='com.buildpiper.testcases.EnvironmentTestcasesExecution.DowntimeScaleDown()'><b>DowntimeScaleDown</b><br>Test class: com.buildpiper.testcases.EnvironmentTestcasesExecution<br/>
<a href="#Output-228746762" onClick='toggleBox("Output-228746762", this, "Show output", "Hide output");'>Show output</a>

<a href="#Output-228746762" onClick="toggleAllBoxes();">Show all outputs</a>
<div class='log' id="Output-228746762">
Exception while scroll to view of element: <br/>
Exception while scroll to view of element: <br/>
 Element :Proxy element for: DefaultElementLocator 'By.xpath: //div[@aria-controls='simple-menu']//div//div[2]//p' is not clickable using javaScript<br/>
 Element :Proxy element for: DefaultElementLocator 'By.xpath: //div[@aria-controls='simple-menu']//div//div[2]//p' is not clickable using selenium click<br/>
<img src=D:\BuildPiper3.2_Rahul\Reports\15Feb_211558\DowntimeScaleDown_chrome\DowntimeScaleDown_chrome_46_Feb_215036.jpg alt='Lamp' width='500' height='400'><br/>
Clicking on element userMenuAppBar<br/>
<img src=D:\BuildPiper3.2_Rahul\Reports\15Feb_211558\DowntimeScaleDown_chrome\DowntimeScaleDown_chrome_46_Feb_215036.jpg alt='Lamp' width='500' height='400'><br/>
 Element :Proxy element for: DefaultElementLocator 'By.xpath: //p[@class='inactive-portal cursor-pointer']' is not clickable using selenium click<br/>
<img src=D:\BuildPiper3.2_Rahul\Reports\15Feb_211558\DowntimeScaleDown_chrome\DowntimeScaleDown_chrome_46_Feb_215107.jpg alt='Lamp' width='500' height='400'><br/>
Clicking on element switching to user account<br/>
<img src=D:\BuildPiper3.2_Rahul\Reports\15Feb_211558\DowntimeScaleDown_chrome\DowntimeScaleDown_chrome_46_Feb_215107.jpg alt='Lamp' width='500' height='400'><br/>
Element is present :[[ChromeDriver: chrome on WINDOWS (d7716b6e108ebcf771063b0e3232ef61)] -> xpath: //li//button[contains(@class,'app-cluster-button')]//span[@title]]<br/>
<img src=D:\BuildPiper3.2_Rahul\Reports\15Feb_211558\DowntimeScaleDown_chrome\DowntimeScaleDown_chrome_46_Feb_215112.jpg alt='Lamp' width='500' height='400'><br/>
Element is present :[[ChromeDriver: chrome on WINDOWS (d7716b6e108ebcf771063b0e3232ef61)] -> xpath: //button[@class='app-cluster-button selected-border selected-shadow']/..//div//a[contains(.,'Environment Overview')]]<br/>
<img src=D:\BuildPiper3.2_Rahul\Reports\15Feb_211558\DowntimeScaleDown_chrome\DowntimeScaleDown_chrome_46_Feb_215113.jpg alt='Lamp' width='500' height='400'><br/>
Clicking on element clicks on environment overview tab under applicartion name<br/>
<img src=D:\BuildPiper3.2_Rahul\Reports\15Feb_211558\DowntimeScaleDown_chrome\DowntimeScaleDown_chrome_46_Feb_215113.jpg alt='Lamp' width='500' height='400'><br/>
Clicking on element click on the selected environment<br/>
<img src=D:\BuildPiper3.2_Rahul\Reports\15Feb_211558\DowntimeScaleDown_chrome\DowntimeScaleDown_chrome_46_Feb_215116.jpg alt='Lamp' width='500' height='400'><br/>
Clicking on element clicks on DownTime option<br/>
<img src=D:\BuildPiper3.2_Rahul\Reports\15Feb_211558\DowntimeScaleDown_chrome\DowntimeScaleDown_chrome_46_Feb_215119.jpg alt='Lamp' width='500' height='400'><br/>
Clicking on element clicks on add scheduler button<br/>
<img src=D:\BuildPiper3.2_Rahul\Reports\15Feb_211558\DowntimeScaleDown_chrome\DowntimeScaleDown_chrome_46_Feb_215120.jpg alt='Lamp' width='500' height='400'><br/>
Clicking on element clicks on scale down button<br/>
<img src=D:\BuildPiper3.2_Rahul\Reports\15Feb_211558\DowntimeScaleDown_chrome\DowntimeScaleDown_chrome_46_Feb_215120.jpg alt='Lamp' width='500' height='400'><br/>
 Element :[[ChromeDriver: chrome on WINDOWS (d7716b6e108ebcf771063b0e3232ef61)] -> xpath: //button[@class='btn btn-submit'][text()='Add to Schedule']] is not clickable using selenium click<br/>
<img src=D:\BuildPiper3.2_Rahul\Reports\15Feb_211558\DowntimeScaleDown_chrome\DowntimeScaleDown_chrome_46_Feb_215122.jpg alt='Lamp' width='500' height='400'><br/>
Clicking on element add to Scheduler Btn<br/>
<img src=D:\BuildPiper3.2_Rahul\Reports\15Feb_211558\DowntimeScaleDown_chrome\DowntimeScaleDown_chrome_46_Feb_215122.jpg alt='Lamp' width='500' height='400'><br/>
Clicking on element clicks on save schedule button<br/>
<img src=D:\BuildPiper3.2_Rahul\Reports\15Feb_211558\DowntimeScaleDown_chrome\DowntimeScaleDown_chrome_46_Feb_215123.jpg alt='Lamp' width='500' height='400'><br/>
Clicking on element clicks on scaledown_Active Inactive button<br/>
<img src=D:\BuildPiper3.2_Rahul\Reports\15Feb_211558\DowntimeScaleDown_chrome\DowntimeScaleDown_chrome_46_Feb_215125.jpg alt='Lamp' width='500' height='400'><br/>
Clicking on element clicks on Associated Services option<br/>
<img src=D:\BuildPiper3.2_Rahul\Reports\15Feb_211558\DowntimeScaleDown_chrome\DowntimeScaleDown_chrome_46_Feb_215240.jpg alt='Lamp' width='500' height='400'><br/>
Clicking on element clicks on DownTime option<br/>
<img src=D:\BuildPiper3.2_Rahul\Reports\15Feb_211558\DowntimeScaleDown_chrome\DowntimeScaleDown_chrome_46_Feb_215300.jpg alt='Lamp' width='500' height='400'><br/>
Element is present :[[ChromeDriver: chrome on WINDOWS (d7716b6e108ebcf771063b0e3232ef61)] -> xpath: //li//button[contains(@class,'app-cluster-button')]//span[@title]]<br/>
<img src=D:\BuildPiper3.2_Rahul\Reports\15Feb_211558\DowntimeScaleDown_chrome\DowntimeScaleDown_chrome_46_Feb_215300.jpg alt='Lamp' width='500' height='400'><br/>
Element is present :[[ChromeDriver: chrome on WINDOWS (d7716b6e108ebcf771063b0e3232ef61)] -> xpath: //button//div//span[@class='flaticon-expand-arrow']/../../..//div//button//p[text()='Pipeline Overview']]<br/>
<img src=D:\BuildPiper3.2_Rahul\Reports\15Feb_211558\DowntimeScaleDown_chrome\DowntimeScaleDown_chrome_46_Feb_215307.jpg alt='Lamp' width='500' height='400'><br/>
Clicking on element Poc_QA pipelineOverviewLink<br/>
<img src=D:\BuildPiper3.2_Rahul\Reports\15Feb_211558\DowntimeScaleDown_chrome\DowntimeScaleDown_chrome_46_Feb_215308.jpg alt='Lamp' width='500' height='400'><br/>
Element is present :[[ChromeDriver: chrome on WINDOWS (d7716b6e108ebcf771063b0e3232ef61)] -> xpath: (//*[contains(@class,'ad-more-search mb-')]/div/div//*[@class='MuiSvgIcon-root'])[1]]<br/>
<img src=D:\BuildPiper3.2_Rahul\Reports\15Feb_211558\DowntimeScaleDown_chrome\DowntimeScaleDown_chrome_46_Feb_215309.jpg alt='Lamp' width='500' height='400'><br/>
Clicking on element searchDropDown<br/>
<img src=D:\BuildPiper3.2_Rahul\Reports\15Feb_211558\DowntimeScaleDown_chrome\DowntimeScaleDown_chrome_46_Feb_215312.jpg alt='Lamp' width='500' height='400'><br/>
Clicking on element searchPipelineCheckbox<br/>
<img src=D:\BuildPiper3.2_Rahul\Reports\15Feb_211558\DowntimeScaleDown_chrome\DowntimeScaleDown_chrome_46_Feb_215346.jpg alt='Lamp' width='500' height='400'><br/>
Element is present :[[ChromeDriver: chrome on WINDOWS (d7716b6e108ebcf771063b0e3232ef61)] -> xpath: //div[@class='service-name']/a]<br/>
<img src=D:\BuildPiper3.2_Rahul\Reports\15Feb_211558\DowntimeScaleDown_chrome\DowntimeScaleDown_chrome_46_Feb_215416.jpg alt='Lamp' width='500' height='400'><br/>
Element is present :[[ChromeDriver: chrome on WINDOWS (d7716b6e108ebcf771063b0e3232ef61)] -> xpath: //button[@class='app-cluster-button selected-border selected-shadow']/..//div//a[contains(.,'Environment Overview')]]<br/>
<img src=D:\BuildPiper3.2_Rahul\Reports\15Feb_211558\DowntimeScaleDown_chrome\DowntimeScaleDown_chrome_46_Feb_215419.jpg alt='Lamp' width='500' height='400'><br/>
Clicking on element clicks on environment overview tab under applicartion name<br/>
<img src=D:\BuildPiper3.2_Rahul\Reports\15Feb_211558\DowntimeScaleDown_chrome\DowntimeScaleDown_chrome_46_Feb_215420.jpg alt='Lamp' width='500' height='400'><br/>
Clicking on element click on the selected environment<br/>
<img src=D:\BuildPiper3.2_Rahul\Reports\15Feb_211558\DowntimeScaleDown_chrome\DowntimeScaleDown_chrome_46_Feb_215422.jpg alt='Lamp' width='500' height='400'><br/>
Clicking on element clicks on DownTime option<br/>
<img src=D:\BuildPiper3.2_Rahul\Reports\15Feb_211558\DowntimeScaleDown_chrome\DowntimeScaleDown_chrome_46_Feb_215425.jpg alt='Lamp' width='500' height='400'><br/>
Clicking on element delete scheduler<br/>
<img src=D:\BuildPiper3.2_Rahul\Reports\15Feb_211558\DowntimeScaleDown_chrome\DowntimeScaleDown_chrome_46_Feb_215428.jpg alt='Lamp' width='500' height='400'><br/>
Clicking on element clicks on delete button after adding reason to delete scheduler<br/>
<img src=D:\BuildPiper3.2_Rahul\Reports\15Feb_211558\DowntimeScaleDown_chrome\DowntimeScaleDown_chrome_46_Feb_215428.jpg alt='Lamp' width='500' height='400'><br/>
####### End of Test Case: DowntimeScaleDown #######<br/>
</div>
</td>
<td></td>
<td>262</td>
<td>com.buildpiper.testcases.EnvironmentTestcasesExecution@c7a977f</td></tr>
<tr>
<td title='com.buildpiper.testcases.EnvironmentTestcasesExecution.DowntimeScaleUp()'><b>DowntimeScaleUp</b><br>Test class: com.buildpiper.testcases.EnvironmentTestcasesExecution<br/>
<a href="#Output-1651143257" onClick='toggleBox("Output-1651143257", this, "Show output", "Hide output");'>Show output</a>

<a href="#Output-1651143257" onClick="toggleAllBoxes();">Show all outputs</a>
<div class='log' id="Output-1651143257">
Exception while scroll to view of element: <br/>
Exception while scroll to view of element: <br/>
 Element :Proxy element for: DefaultElementLocator 'By.xpath: //div[@aria-controls='simple-menu']//div//div[2]//p' is not clickable using javaScript<br/>
 Element :Proxy element for: DefaultElementLocator 'By.xpath: //div[@aria-controls='simple-menu']//div//div[2]//p' is not clickable using selenium click<br/>
<img src=D:\BuildPiper3.2_Rahul\Reports\15Feb_211558\DowntimeScaleUp_chrome\DowntimeScaleUp_chrome_46_Feb_214557.jpg alt='Lamp' width='500' height='400'><br/>
Clicking on element userMenuAppBar<br/>
<img src=D:\BuildPiper3.2_Rahul\Reports\15Feb_211558\DowntimeScaleUp_chrome\DowntimeScaleUp_chrome_46_Feb_214557.jpg alt='Lamp' width='500' height='400'><br/>
 Element :Proxy element for: DefaultElementLocator 'By.xpath: //p[@class='inactive-portal cursor-pointer']' is not clickable using selenium click<br/>
<img src=D:\BuildPiper3.2_Rahul\Reports\15Feb_211558\DowntimeScaleUp_chrome\DowntimeScaleUp_chrome_46_Feb_214628.jpg alt='Lamp' width='500' height='400'><br/>
Clicking on element switching to user account<br/>
<img src=D:\BuildPiper3.2_Rahul\Reports\15Feb_211558\DowntimeScaleUp_chrome\DowntimeScaleUp_chrome_46_Feb_214628.jpg alt='Lamp' width='500' height='400'><br/>
Element is present :[[ChromeDriver: chrome on WINDOWS (7a3366b41ab1e3ce436a610aad10dd1f)] -> xpath: //li//button[contains(@class,'app-cluster-button')]//span[@title]]<br/>
<img src=D:\BuildPiper3.2_Rahul\Reports\15Feb_211558\DowntimeScaleUp_chrome\DowntimeScaleUp_chrome_46_Feb_214633.jpg alt='Lamp' width='500' height='400'><br/>
Element is present :[[ChromeDriver: chrome on WINDOWS (7a3366b41ab1e3ce436a610aad10dd1f)] -> xpath: //button[@class='app-cluster-button selected-border selected-shadow']/..//div//a[contains(.,'Environment Overview')]]<br/>
<img src=D:\BuildPiper3.2_Rahul\Reports\15Feb_211558\DowntimeScaleUp_chrome\DowntimeScaleUp_chrome_46_Feb_214634.jpg alt='Lamp' width='500' height='400'><br/>
Clicking on element clicks on environment overview tab under applicartion name<br/>
<img src=D:\BuildPiper3.2_Rahul\Reports\15Feb_211558\DowntimeScaleUp_chrome\DowntimeScaleUp_chrome_46_Feb_214634.jpg alt='Lamp' width='500' height='400'><br/>
Clicking on element click on the selected environment<br/>
<img src=D:\BuildPiper3.2_Rahul\Reports\15Feb_211558\DowntimeScaleUp_chrome\DowntimeScaleUp_chrome_46_Feb_214637.jpg alt='Lamp' width='500' height='400'><br/>
Clicking on element clicks on DownTime option<br/>
<img src=D:\BuildPiper3.2_Rahul\Reports\15Feb_211558\DowntimeScaleUp_chrome\DowntimeScaleUp_chrome_46_Feb_214640.jpg alt='Lamp' width='500' height='400'><br/>
Clicking on element clicks on add scheduler button<br/>
<img src=D:\BuildPiper3.2_Rahul\Reports\15Feb_211558\DowntimeScaleUp_chrome\DowntimeScaleUp_chrome_46_Feb_214640.jpg alt='Lamp' width='500' height='400'><br/>
 Element :[[ChromeDriver: chrome on WINDOWS (7a3366b41ab1e3ce436a610aad10dd1f)] -> xpath: //button[@class='btn btn-submit'][text()='Add to Schedule']] is not clickable using selenium click<br/>
<img src=D:\BuildPiper3.2_Rahul\Reports\15Feb_211558\DowntimeScaleUp_chrome\DowntimeScaleUp_chrome_46_Feb_214642.jpg alt='Lamp' width='500' height='400'><br/>
Clicking on element add to Scheduler Btn<br/>
<img src=D:\BuildPiper3.2_Rahul\Reports\15Feb_211558\DowntimeScaleUp_chrome\DowntimeScaleUp_chrome_46_Feb_214643.jpg alt='Lamp' width='500' height='400'><br/>
Clicking on element clicks on save schedule button<br/>
<img src=D:\BuildPiper3.2_Rahul\Reports\15Feb_211558\DowntimeScaleUp_chrome\DowntimeScaleUp_chrome_46_Feb_214643.jpg alt='Lamp' width='500' height='400'><br/>
Clicking on element clicks on scaledown_Active Inactive button<br/>
<img src=D:\BuildPiper3.2_Rahul\Reports\15Feb_211558\DowntimeScaleUp_chrome\DowntimeScaleUp_chrome_46_Feb_214645.jpg alt='Lamp' width='500' height='400'><br/>
Clicking on element clicks on Associated Services option<br/>
<img src=D:\BuildPiper3.2_Rahul\Reports\15Feb_211558\DowntimeScaleUp_chrome\DowntimeScaleUp_chrome_46_Feb_214800.jpg alt='Lamp' width='500' height='400'><br/>
Clicking on element clicks on DownTime option<br/>
<img src=D:\BuildPiper3.2_Rahul\Reports\15Feb_211558\DowntimeScaleUp_chrome\DowntimeScaleUp_chrome_46_Feb_214820.jpg alt='Lamp' width='500' height='400'><br/>
Element is present :[[ChromeDriver: chrome on WINDOWS (7a3366b41ab1e3ce436a610aad10dd1f)] -> xpath: //li//button[contains(@class,'app-cluster-button')]//span[@title]]<br/>
<img src=D:\BuildPiper3.2_Rahul\Reports\15Feb_211558\DowntimeScaleUp_chrome\DowntimeScaleUp_chrome_46_Feb_214820.jpg alt='Lamp' width='500' height='400'><br/>
Element is present :[[ChromeDriver: chrome on WINDOWS (7a3366b41ab1e3ce436a610aad10dd1f)] -> xpath: //button//div//span[@class='flaticon-expand-arrow']/../../..//div//button//p[text()='Pipeline Overview']]<br/>
<img src=D:\BuildPiper3.2_Rahul\Reports\15Feb_211558\DowntimeScaleUp_chrome\DowntimeScaleUp_chrome_46_Feb_214828.jpg alt='Lamp' width='500' height='400'><br/>
Clicking on element Poc_QA pipelineOverviewLink<br/>
<img src=D:\BuildPiper3.2_Rahul\Reports\15Feb_211558\DowntimeScaleUp_chrome\DowntimeScaleUp_chrome_46_Feb_214828.jpg alt='Lamp' width='500' height='400'><br/>
Element is present :[[ChromeDriver: chrome on WINDOWS (7a3366b41ab1e3ce436a610aad10dd1f)] -> xpath: (//*[contains(@class,'ad-more-search mb-')]/div/div//*[@class='MuiSvgIcon-root'])[1]]<br/>
<img src=D:\BuildPiper3.2_Rahul\Reports\15Feb_211558\DowntimeScaleUp_chrome\DowntimeScaleUp_chrome_46_Feb_214829.jpg alt='Lamp' width='500' height='400'><br/>
Clicking on element searchDropDown<br/>
<img src=D:\BuildPiper3.2_Rahul\Reports\15Feb_211558\DowntimeScaleUp_chrome\DowntimeScaleUp_chrome_46_Feb_214832.jpg alt='Lamp' width='500' height='400'><br/>
Clicking on element searchPipelineCheckbox<br/>
<img src=D:\BuildPiper3.2_Rahul\Reports\15Feb_211558\DowntimeScaleUp_chrome\DowntimeScaleUp_chrome_46_Feb_214906.jpg alt='Lamp' width='500' height='400'><br/>
Element is present :[[ChromeDriver: chrome on WINDOWS (7a3366b41ab1e3ce436a610aad10dd1f)] -> xpath: //div[@class='service-name']/a]<br/>
<img src=D:\BuildPiper3.2_Rahul\Reports\15Feb_211558\DowntimeScaleUp_chrome\DowntimeScaleUp_chrome_46_Feb_214936.jpg alt='Lamp' width='500' height='400'><br/>
Element is present :[[ChromeDriver: chrome on WINDOWS (7a3366b41ab1e3ce436a610aad10dd1f)] -> xpath: //button[@class='app-cluster-button selected-border selected-shadow']/..//div//a[contains(.,'Environment Overview')]]<br/>
<img src=D:\BuildPiper3.2_Rahul\Reports\15Feb_211558\DowntimeScaleUp_chrome\DowntimeScaleUp_chrome_46_Feb_214939.jpg alt='Lamp' width='500' height='400'><br/>
Clicking on element clicks on environment overview tab under applicartion name<br/>
<img src=D:\BuildPiper3.2_Rahul\Reports\15Feb_211558\DowntimeScaleUp_chrome\DowntimeScaleUp_chrome_46_Feb_214940.jpg alt='Lamp' width='500' height='400'><br/>
Clicking on element click on the selected environment<br/>
<img src=D:\BuildPiper3.2_Rahul\Reports\15Feb_211558\DowntimeScaleUp_chrome\DowntimeScaleUp_chrome_46_Feb_214942.jpg alt='Lamp' width='500' height='400'><br/>
Clicking on element clicks on DownTime option<br/>
<img src=D:\BuildPiper3.2_Rahul\Reports\15Feb_211558\DowntimeScaleUp_chrome\DowntimeScaleUp_chrome_46_Feb_214946.jpg alt='Lamp' width='500' height='400'><br/>
Clicking on element delete scheduler<br/>
<img src=D:\BuildPiper3.2_Rahul\Reports\15Feb_211558\DowntimeScaleUp_chrome\DowntimeScaleUp_chrome_46_Feb_214950.jpg alt='Lamp' width='500' height='400'><br/>
Clicking on element clicks on delete button after adding reason to delete scheduler<br/>
<img src=D:\BuildPiper3.2_Rahul\Reports\15Feb_211558\DowntimeScaleUp_chrome\DowntimeScaleUp_chrome_46_Feb_214950.jpg alt='Lamp' width='500' height='400'><br/>
####### End of Test Case: DowntimeScaleUp #######<br/>
</div>
</td>
<td></td>
<td>263</td>
<td>com.buildpiper.testcases.EnvironmentTestcasesExecution@c7a977f</td></tr>
</table><p>
</body>
</html>