<?xml version="1.0" encoding="UTF-8"?>
<!-- Generated by org.testng.reporters.JUnitXMLReporter -->
<testsuite ignored="35" hostname="DESKTOP-PTF1H2O" failures="4" tests="9" name="RegressionSuite" time="2697.024" errors="0" timestamp="2024-02-15T22:00:56 IST">
  <testcase classname="com.buildpiper.testcases.ServiceCreationComprehensiveTestCases" name="serviceOverview_CreateDeployManifestService" time="564.806">
    <failure type="org.openqa.selenium.NoSuchElementException" message="no such element: Unable to locate element: {&amp;quot;method&amp;quot;:&amp;quot;xpath&amp;quot;,&amp;quot;selector&amp;quot;:&amp;quot;//div[contains(@class,&amp;apos;popup-card&amp;apos;)]//td//span[contains(@class,&amp;apos;round-chip&amp;apos;)]&amp;quot;}
  (Session info: chrome=121.0.6167.162)
For documentation on this error, please visit: https://www.seleniumhq.org/exceptions/no_such_element.html
Build info: version: &amp;apos;3.141.59&amp;apos;, revision: &amp;apos;e82be7d358&amp;apos;, time: &amp;apos;2018-11-14T08:17:03&amp;apos;
System info: host: &amp;apos;DESKTOP-PTF1H2O&amp;apos;, ip: &amp;apos;192.168.1.8&amp;apos;, os.name: &amp;apos;Windows 10&amp;apos;, os.arch: &amp;apos;amd64&amp;apos;, os.version: &amp;apos;10.0&amp;apos;, java.version: &amp;apos;19.0.1&amp;apos;
Driver info: org.openqa.selenium.chrome.ChromeDriver
Capabilities {acceptInsecureCerts: false, browserName: chrome, browserVersion: 121.0.6167.162, chrome: {chromedriverVersion: 121.0.6167.85 (3f98d690ad7e..., userDataDir: C:\Users\Rahul\AppData\Loca...}, fedcm:accounts: true, goog:chromeOptions: {debuggerAddress: localhost:60197}, javascriptEnabled: true, networkConnectionEnabled: false, pageLoadStrategy: normal, platform: WINDOWS, platformName: WINDOWS, proxy: Proxy(), setWindowRect: true, strictFileInteractability: false, timeouts: {implicit: 0, pageLoad: 300000, script: 30000}, unhandledPromptBehavior: dismiss and notify, webauthn:extension:credBlob: true, webauthn:extension:largeBlob: true, webauthn:extension:minPinLength: true, webauthn:extension:prf: true, webauthn:virtualAuthenticators: true}
Session ID: ea7f7fa0a8d27c1775d8b44a6391514c
*** Element info: {Using=xpath, value=//div[contains(@class,&amp;apos;popup-card&amp;apos;)]//td//span[contains(@class,&amp;apos;round-chip&amp;apos;)]}">
      <![CDATA[org.openqa.selenium.NoSuchElementException: no such element: Unable to locate element: {"method":"xpath","selector":"//div[contains(@class,'popup-card')]//td//span[contains(@class,'round-chip')]"}
  (Session info: chrome=121.0.6167.162)
For documentation on this error, please visit: https://www.seleniumhq.org/exceptions/no_such_element.html
Build info: version: '3.141.59', revision: 'e82be7d358', time: '2018-11-14T08:17:03'
System info: host: 'DESKTOP-PTF1H2O', ip: '192.168.1.8', os.name: 'Windows 10', os.arch: 'amd64', os.version: '10.0', java.version: '19.0.1'
Driver info: org.openqa.selenium.chrome.ChromeDriver
Capabilities {acceptInsecureCerts: false, browserName: chrome, browserVersion: 121.0.6167.162, chrome: {chromedriverVersion: 121.0.6167.85 (3f98d690ad7e..., userDataDir: C:\Users\Rahul\AppData\Loca...}, fedcm:accounts: true, goog:chromeOptions: {debuggerAddress: localhost:60197}, javascriptEnabled: true, networkConnectionEnabled: false, pageLoadStrategy: normal, platform: WINDOWS, platformName: WINDOWS, proxy: Proxy(), setWindowRect: true, strictFileInteractability: false, timeouts: {implicit: 0, pageLoad: 300000, script: 30000}, unhandledPromptBehavior: dismiss and notify, webauthn:extension:credBlob: true, webauthn:extension:largeBlob: true, webauthn:extension:minPinLength: true, webauthn:extension:prf: true, webauthn:virtualAuthenticators: true}
Session ID: ea7f7fa0a8d27c1775d8b44a6391514c
*** Element info: {Using=xpath, value=//div[contains(@class,'popup-card')]//td//span[contains(@class,'round-chip')]}
at org.openqa.selenium.remote.http.W3CHttpResponseCodec.createException(W3CHttpResponseCodec.java:187)
at org.openqa.selenium.remote.http.W3CHttpResponseCodec.decode(W3CHttpResponseCodec.java:122)
at org.openqa.selenium.remote.http.W3CHttpResponseCodec.decode(W3CHttpResponseCodec.java:49)
at org.openqa.selenium.remote.HttpCommandExecutor.execute(HttpCommandExecutor.java:158)
at org.openqa.selenium.remote.service.DriverCommandExecutor.execute(DriverCommandExecutor.java:83)
at org.openqa.selenium.remote.RemoteWebDriver.execute(RemoteWebDriver.java:552)
at org.openqa.selenium.remote.RemoteWebDriver.findElement(RemoteWebDriver.java:323)
at org.openqa.selenium.remote.RemoteWebDriver.findElementByXPath(RemoteWebDriver.java:428)
at org.openqa.selenium.By$ByXPath.findElement(By.java:353)
at org.openqa.selenium.remote.RemoteWebDriver.findElement(RemoteWebDriver.java:315)
at org.openqa.selenium.support.pagefactory.DefaultElementLocator.findElement(DefaultElementLocator.java:69)
at org.openqa.selenium.support.pagefactory.internal.LocatingElementHandler.invoke(LocatingElementHandler.java:38)
at jdk.proxy2/jdk.proxy2.$Proxy26.isDisplayed(Unknown Source)
at com.buildpiper.capabilities.UICapability.ui_IsElementDisplay(UICapability.java:190)
at com.buildpiper.base.Capability.ui_IsElementDisplay(Capability.java:265)
at com.buildpiper.pages.ServiceCreationPage.Verify_deployStatus(ServiceCreationPage.java:2253)
at com.buildpiper.testcases.ServiceCreationComprehensiveTestCases.serviceOverview_CreateDeployManifestService(ServiceCreationComprehensiveTestCases.java:575)
at java.base/java.util.ArrayList.forEach(ArrayList.java:1511)
... Removed 28 stack frames]]>
    </failure>
  </testcase> <!-- serviceOverview_CreateDeployManifestService -->
  <testcase classname="com.buildpiper.testcases.ServiceCreationComprehensiveTestCases" name="serviceOverview_CreateServiceManifest" time="478.621">
    <failure type="org.openqa.selenium.NoSuchElementException" message="no such element: Unable to locate element: {&amp;quot;method&amp;quot;:&amp;quot;xpath&amp;quot;,&amp;quot;selector&amp;quot;:&amp;quot;//div[@class=&amp;apos;round-chip bg-round-blue status-font&amp;apos; or @class=&amp;apos;round-chip bg-round-green status-font&amp;apos;]&amp;quot;}
  (Session info: chrome=121.0.6167.162)
For documentation on this error, please visit: https://www.seleniumhq.org/exceptions/no_such_element.html
Build info: version: &amp;apos;3.141.59&amp;apos;, revision: &amp;apos;e82be7d358&amp;apos;, time: &amp;apos;2018-11-14T08:17:03&amp;apos;
System info: host: &amp;apos;DESKTOP-PTF1H2O&amp;apos;, ip: &amp;apos;192.168.1.8&amp;apos;, os.name: &amp;apos;Windows 10&amp;apos;, os.arch: &amp;apos;amd64&amp;apos;, os.version: &amp;apos;10.0&amp;apos;, java.version: &amp;apos;19.0.1&amp;apos;
Driver info: org.openqa.selenium.chrome.ChromeDriver
Capabilities {acceptInsecureCerts: false, browserName: chrome, browserVersion: 121.0.6167.162, chrome: {chromedriverVersion: 121.0.6167.85 (3f98d690ad7e..., userDataDir: C:\Users\Rahul\AppData\Loca...}, fedcm:accounts: true, goog:chromeOptions: {debuggerAddress: localhost:60332}, javascriptEnabled: true, networkConnectionEnabled: false, pageLoadStrategy: normal, platform: WINDOWS, platformName: WINDOWS, proxy: Proxy(), setWindowRect: true, strictFileInteractability: false, timeouts: {implicit: 0, pageLoad: 300000, script: 30000}, unhandledPromptBehavior: dismiss and notify, webauthn:extension:credBlob: true, webauthn:extension:largeBlob: true, webauthn:extension:minPinLength: true, webauthn:extension:prf: true, webauthn:virtualAuthenticators: true}
Session ID: ae99c2e8f1c20ea442d4d02cd42a4e69
*** Element info: {Using=xpath, value=//div[@class=&amp;apos;round-chip bg-round-blue status-font&amp;apos; or @class=&amp;apos;round-chip bg-round-green status-font&amp;apos;]}">
      <![CDATA[org.openqa.selenium.NoSuchElementException: no such element: Unable to locate element: {"method":"xpath","selector":"//div[@class='round-chip bg-round-blue status-font' or @class='round-chip bg-round-green status-font']"}
  (Session info: chrome=121.0.6167.162)
For documentation on this error, please visit: https://www.seleniumhq.org/exceptions/no_such_element.html
Build info: version: '3.141.59', revision: 'e82be7d358', time: '2018-11-14T08:17:03'
System info: host: 'DESKTOP-PTF1H2O', ip: '192.168.1.8', os.name: 'Windows 10', os.arch: 'amd64', os.version: '10.0', java.version: '19.0.1'
Driver info: org.openqa.selenium.chrome.ChromeDriver
Capabilities {acceptInsecureCerts: false, browserName: chrome, browserVersion: 121.0.6167.162, chrome: {chromedriverVersion: 121.0.6167.85 (3f98d690ad7e..., userDataDir: C:\Users\Rahul\AppData\Loca...}, fedcm:accounts: true, goog:chromeOptions: {debuggerAddress: localhost:60332}, javascriptEnabled: true, networkConnectionEnabled: false, pageLoadStrategy: normal, platform: WINDOWS, platformName: WINDOWS, proxy: Proxy(), setWindowRect: true, strictFileInteractability: false, timeouts: {implicit: 0, pageLoad: 300000, script: 30000}, unhandledPromptBehavior: dismiss and notify, webauthn:extension:credBlob: true, webauthn:extension:largeBlob: true, webauthn:extension:minPinLength: true, webauthn:extension:prf: true, webauthn:virtualAuthenticators: true}
Session ID: ae99c2e8f1c20ea442d4d02cd42a4e69
*** Element info: {Using=xpath, value=//div[@class='round-chip bg-round-blue status-font' or @class='round-chip bg-round-green status-font']}
at org.openqa.selenium.remote.http.W3CHttpResponseCodec.createException(W3CHttpResponseCodec.java:187)
at org.openqa.selenium.remote.http.W3CHttpResponseCodec.decode(W3CHttpResponseCodec.java:122)
at org.openqa.selenium.remote.http.W3CHttpResponseCodec.decode(W3CHttpResponseCodec.java:49)
at org.openqa.selenium.remote.HttpCommandExecutor.execute(HttpCommandExecutor.java:158)
at org.openqa.selenium.remote.service.DriverCommandExecutor.execute(DriverCommandExecutor.java:83)
at org.openqa.selenium.remote.RemoteWebDriver.execute(RemoteWebDriver.java:552)
at org.openqa.selenium.remote.RemoteWebDriver.findElement(RemoteWebDriver.java:323)
at org.openqa.selenium.remote.RemoteWebDriver.findElementByXPath(RemoteWebDriver.java:428)
at org.openqa.selenium.By$ByXPath.findElement(By.java:353)
at org.openqa.selenium.remote.RemoteWebDriver.findElement(RemoteWebDriver.java:315)
at org.openqa.selenium.support.pagefactory.DefaultElementLocator.findElement(DefaultElementLocator.java:69)
at org.openqa.selenium.support.pagefactory.internal.LocatingElementHandler.invoke(LocatingElementHandler.java:38)
at jdk.proxy2/jdk.proxy2.$Proxy26.isDisplayed(Unknown Source)
at com.buildpiper.capabilities.UICapability.ui_IsElementDisplay(UICapability.java:190)
at com.buildpiper.base.Capability.ui_IsElementDisplay(Capability.java:265)
at com.buildpiper.pages.ServiceCreationPage.Verify_buildStatus(ServiceCreationPage.java:1496)
at com.buildpiper.testcases.ServiceCreationComprehensiveTestCases.serviceOverview_CreateServiceManifest(ServiceCreationComprehensiveTestCases.java:456)
at java.base/java.util.ArrayList.forEach(ArrayList.java:1511)
... Removed 28 stack frames]]>
    </failure>
  </testcase> <!-- serviceOverview_CreateServiceManifest -->
  <testcase classname="com.buildpiper.testcases.EnvironmentTestcasesExecution" name="CreateEnvironmentwithBPConfigMap" time="220.623"/>
  <testcase classname="com.buildpiper.testcases.EnvironmentTestcasesExecution" name="CreateEnvironmentwithSecret" time="250.592">
    <failure type="org.openqa.selenium.NoSuchElementException" message="no such element: Unable to locate element: {&amp;quot;method&amp;quot;:&amp;quot;xpath&amp;quot;,&amp;quot;selector&amp;quot;:&amp;quot;//div[text()=&amp;apos;Namespace Secret deployed successfully!&amp;apos;]&amp;quot;}
  (Session info: chrome=121.0.6167.162)
For documentation on this error, please visit: https://www.seleniumhq.org/exceptions/no_such_element.html
Build info: version: &amp;apos;3.141.59&amp;apos;, revision: &amp;apos;e82be7d358&amp;apos;, time: &amp;apos;2018-11-14T08:17:03&amp;apos;
System info: host: &amp;apos;DESKTOP-PTF1H2O&amp;apos;, ip: &amp;apos;192.168.1.8&amp;apos;, os.name: &amp;apos;Windows 10&amp;apos;, os.arch: &amp;apos;amd64&amp;apos;, os.version: &amp;apos;10.0&amp;apos;, java.version: &amp;apos;19.0.1&amp;apos;
Driver info: org.openqa.selenium.chrome.ChromeDriver
Capabilities {acceptInsecureCerts: false, browserName: chrome, browserVersion: 121.0.6167.162, chrome: {chromedriverVersion: 121.0.6167.85 (3f98d690ad7e..., userDataDir: C:\Users\Rahul\AppData\Loca...}, fedcm:accounts: true, goog:chromeOptions: {debuggerAddress: localhost:60496}, javascriptEnabled: true, networkConnectionEnabled: false, pageLoadStrategy: normal, platform: WINDOWS, platformName: WINDOWS, proxy: Proxy(), setWindowRect: true, strictFileInteractability: false, timeouts: {implicit: 0, pageLoad: 300000, script: 30000}, unhandledPromptBehavior: dismiss and notify, webauthn:extension:credBlob: true, webauthn:extension:largeBlob: true, webauthn:extension:minPinLength: true, webauthn:extension:prf: true, webauthn:virtualAuthenticators: true}
Session ID: 18c9023a6dac69d9cd943671765dedb3
*** Element info: {Using=xpath, value=//div[text()=&amp;apos;Namespace Secret deployed successfully!&amp;apos;]}">
      <![CDATA[org.openqa.selenium.NoSuchElementException: no such element: Unable to locate element: {"method":"xpath","selector":"//div[text()='Namespace Secret deployed successfully!']"}
  (Session info: chrome=121.0.6167.162)
For documentation on this error, please visit: https://www.seleniumhq.org/exceptions/no_such_element.html
Build info: version: '3.141.59', revision: 'e82be7d358', time: '2018-11-14T08:17:03'
System info: host: 'DESKTOP-PTF1H2O', ip: '192.168.1.8', os.name: 'Windows 10', os.arch: 'amd64', os.version: '10.0', java.version: '19.0.1'
Driver info: org.openqa.selenium.chrome.ChromeDriver
Capabilities {acceptInsecureCerts: false, browserName: chrome, browserVersion: 121.0.6167.162, chrome: {chromedriverVersion: 121.0.6167.85 (3f98d690ad7e..., userDataDir: C:\Users\Rahul\AppData\Loca...}, fedcm:accounts: true, goog:chromeOptions: {debuggerAddress: localhost:60496}, javascriptEnabled: true, networkConnectionEnabled: false, pageLoadStrategy: normal, platform: WINDOWS, platformName: WINDOWS, proxy: Proxy(), setWindowRect: true, strictFileInteractability: false, timeouts: {implicit: 0, pageLoad: 300000, script: 30000}, unhandledPromptBehavior: dismiss and notify, webauthn:extension:credBlob: true, webauthn:extension:largeBlob: true, webauthn:extension:minPinLength: true, webauthn:extension:prf: true, webauthn:virtualAuthenticators: true}
Session ID: 18c9023a6dac69d9cd943671765dedb3
*** Element info: {Using=xpath, value=//div[text()='Namespace Secret deployed successfully!']}
at org.openqa.selenium.remote.http.W3CHttpResponseCodec.createException(W3CHttpResponseCodec.java:187)
at org.openqa.selenium.remote.http.W3CHttpResponseCodec.decode(W3CHttpResponseCodec.java:122)
at org.openqa.selenium.remote.http.W3CHttpResponseCodec.decode(W3CHttpResponseCodec.java:49)
at org.openqa.selenium.remote.HttpCommandExecutor.execute(HttpCommandExecutor.java:158)
at org.openqa.selenium.remote.service.DriverCommandExecutor.execute(DriverCommandExecutor.java:83)
at org.openqa.selenium.remote.RemoteWebDriver.execute(RemoteWebDriver.java:552)
at org.openqa.selenium.remote.RemoteWebDriver.findElement(RemoteWebDriver.java:323)
at org.openqa.selenium.remote.RemoteWebDriver.findElementByXPath(RemoteWebDriver.java:428)
at org.openqa.selenium.By$ByXPath.findElement(By.java:353)
at org.openqa.selenium.remote.RemoteWebDriver.findElement(RemoteWebDriver.java:315)
at org.openqa.selenium.support.pagefactory.DefaultElementLocator.findElement(DefaultElementLocator.java:69)
at org.openqa.selenium.support.pagefactory.internal.LocatingElementHandler.invoke(LocatingElementHandler.java:38)
at jdk.proxy2/jdk.proxy2.$Proxy26.isDisplayed(Unknown Source)
at com.buildpiper.capabilities.UICapability.ui_IsElementDisplay(UICapability.java:190)
at com.buildpiper.base.Capability.ui_IsElementDisplay(Capability.java:265)
at com.buildpiper.pages.EnvironmentCreationPage.CreateEnvironmentwithSecret(EnvironmentCreationPage.java:1562)
at com.buildpiper.testcases.EnvironmentTestcasesExecution.CreateEnvironmentwithSecret(EnvironmentTestcasesExecution.java:115)
at java.base/java.util.ArrayList.forEach(ArrayList.java:1511)
... Removed 28 stack frames]]>
    </failure>
  </testcase> <!-- CreateEnvironmentwithSecret -->
  <testcase classname="com.buildpiper.testcases.EnvironmentTestcasesExecution" name="CreateEnvironmentwithSecret_KeyValuePair" time="164.357"/>
  <testcase classname="com.buildpiper.testcases.EnvironmentTestcasesExecution" name="DowntimeScaleUp" time="263.582"/>
  <testcase classname="com.buildpiper.testcases.EnvironmentTestcasesExecution" name="DowntimeScaleDown" time="262.899"/>
  <testcase classname="com.buildpiper.testcases.BuildPiperTestcasesExecution" name="createSchedulePipeline" time="190.488">
    <failure type="org.openqa.selenium.NoSuchElementException" message="Cannot locate element with text: prodcommunity
For documentation on this error, please visit: https://www.seleniumhq.org/exceptions/no_such_element.html
Build info: version: &amp;apos;3.141.59&amp;apos;, revision: &amp;apos;e82be7d358&amp;apos;, time: &amp;apos;2018-11-14T08:17:03&amp;apos;
System info: host: &amp;apos;DESKTOP-PTF1H2O&amp;apos;, ip: &amp;apos;192.168.1.8&amp;apos;, os.name: &amp;apos;Windows 10&amp;apos;, os.arch: &amp;apos;amd64&amp;apos;, os.version: &amp;apos;10.0&amp;apos;, java.version: &amp;apos;19.0.1&amp;apos;
Driver info: driver.version: unknown">
      <![CDATA[org.openqa.selenium.NoSuchElementException: Cannot locate element with text: prodcommunity
For documentation on this error, please visit: https://www.seleniumhq.org/exceptions/no_such_element.html
Build info: version: '3.141.59', revision: 'e82be7d358', time: '2018-11-14T08:17:03'
System info: host: 'DESKTOP-PTF1H2O', ip: '192.168.1.8', os.name: 'Windows 10', os.arch: 'amd64', os.version: '10.0', java.version: '19.0.1'
Driver info: driver.version: unknown
at org.openqa.selenium.support.ui.Select.selectByVisibleText(Select.java:147)
at com.buildpiper.pages.BuildPipeLinePage.createPromoteJob(BuildPipeLinePage.java:599)
at com.buildpiper.pages.BuildPipeLinePage.createSchedulePipeline(BuildPipeLinePage.java:1050)
at com.buildpiper.testcases.BuildPiperTestcasesExecution.createSchedulePipeline(BuildPiperTestcasesExecution.java:184)
at java.base/java.util.ArrayList.forEach(ArrayList.java:1511)
... Removed 25 stack frames]]>
    </failure>
  </testcase> <!-- createSchedulePipeline -->
  <testcase classname="com.buildpiper.testcases.GitEventsTestcases" name="AddNewListener" time="167.338"/>
  <testcase classname="com.buildpiper.testcases.BuildPiperTestcasesExecution" name="CreateBasicPipeLineNegative1" time="0.0">
    <ignored/>
  </testcase> <!-- CreateBasicPipeLineNegative1 -->
  <testcase classname="com.buildpiper.base.TestBase" name="@BeforeSuite setUp" time="0.0">
    <ignored/>
  </testcase> <!-- @BeforeSuite setUp -->
  <testcase classname="com.buildpiper.base.TestBase" name="@BeforeSuite setUp" time="0.0">
    <ignored/>
  </testcase> <!-- @BeforeSuite setUp -->
  <testcase classname="com.buildpiper.base.TestBase" name="@BeforeSuite setUp" time="0.0">
    <ignored/>
  </testcase> <!-- @BeforeSuite setUp -->
  <testcase classname="com.buildpiper.testcases.BuildPiperTestcasesExecution" name="CreateBasicPipeLineNegative2" time="0.0">
    <ignored/>
  </testcase> <!-- CreateBasicPipeLineNegative2 -->
  <testcase classname="com.buildpiper.testcases.ServiceCreationComprehensiveTestCases" name="serviceOverview_MultiDeploymentServices" time="0.0">
    <ignored/>
  </testcase> <!-- serviceOverview_MultiDeploymentServices -->
  <testcase classname="com.buildpiper.testcases.EnvironmentTestcasesExecution" name="DowntimeEnvNegativeTest2" time="0.0">
    <ignored/>
  </testcase> <!-- DowntimeEnvNegativeTest2 -->
  <testcase classname="com.buildpiper.testcases.EnvironmentTestcasesExecution" name="DeleteEnvironment" time="0.0">
    <ignored/>
  </testcase> <!-- DeleteEnvironment -->
  <testcase classname="com.buildpiper.testcases.ServiceCreationComprehensiveTestCases" name="serviceOverview_BuildandDeploywithDifferentServices" time="0.0">
    <ignored/>
  </testcase> <!-- serviceOverview_BuildandDeploywithDifferentServices -->
  <testcase classname="com.buildpiper.testcases.BuildPiperTestcasesExecution" name="CreateBasicPipeLine" time="0.0">
    <ignored/>
  </testcase> <!-- CreateBasicPipeLine -->
  <testcase classname="com.buildpiper.testcases.EnvironmentTestcasesExecution" name="CreateEnvironemntsWithVersioning" time="0.0">
    <ignored/>
  </testcase> <!-- CreateEnvironemntsWithVersioning -->
  <testcase classname="com.buildpiper.testcases.ServiceCreationComprehensiveTestCases" name="serviceOverview_Monitoring" time="0.0">
    <ignored/>
  </testcase> <!-- serviceOverview_Monitoring -->
  <testcase classname="com.buildpiper.testcases.BuildPiperTestcasesExecution" name="CreateJiraPipeLine" time="0.0">
    <ignored/>
  </testcase> <!-- CreateJiraPipeLine -->
  <testcase classname="com.buildpiper.testcases.BuildPiperTestcasesExecution" name="buildPipelineandValidate" time="0.0">
    <ignored/>
  </testcase> <!-- buildPipelineandValidate -->
  <testcase classname="com.buildpiper.testcases.ServiceCreationComprehensiveTestCases" name="serviceOverview_TriggerBuildAndDeploy_Cache" time="0.0">
    <ignored/>
  </testcase> <!-- serviceOverview_TriggerBuildAndDeploy_Cache -->
  <testcase classname="com.buildpiper.testcases.EnvironmentTestcasesExecution" name="ConfigureSecrets" time="0.0">
    <ignored/>
  </testcase> <!-- ConfigureSecrets -->
  <testcase classname="com.buildpiper.testcases.ServiceCreationComprehensiveTestCases" name="serviceOverview_TriggerBuild_NoCache" time="0.0">
    <ignored/>
  </testcase> <!-- serviceOverview_TriggerBuild_NoCache -->
  <testcase classname="com.buildpiper.testcases.ServiceCreationComprehensiveTestCases" name="serviceOverview_History" time="0.0">
    <ignored/>
  </testcase> <!-- serviceOverview_History -->
  <testcase classname="com.buildpiper.testcases.ServiceCreationComprehensiveTestCases" name="serviceOverview_Deploy" time="0.0">
    <ignored/>
  </testcase> <!-- serviceOverview_Deploy -->
  <testcase classname="com.buildpiper.testcases.BuildPiperTestcasesExecution" name="BuildPipeLine" time="0.0">
    <ignored/>
  </testcase> <!-- BuildPipeLine -->
  <testcase classname="com.buildpiper.testcases.EnvironmentTestcasesExecution" name="CreateEnvironmentNegativeTest1" time="0.0">
    <ignored/>
  </testcase> <!-- CreateEnvironmentNegativeTest1 -->
  <testcase classname="com.buildpiper.testcases.BuildPiperTestcasesExecution" name="createSCMPollPipeline" time="0.0">
    <ignored/>
  </testcase> <!-- createSCMPollPipeline -->
  <testcase classname="com.buildpiper.testcases.ServiceCreationComprehensiveTestCases" name="serviceOverview_TriggerBuild_Cache" time="0.0">
    <ignored/>
  </testcase> <!-- serviceOverview_TriggerBuild_Cache -->
  <testcase classname="com.buildpiper.testcases.BuildPiperTestcasesExecution" name="managePopupTest" time="0.0">
    <ignored/>
  </testcase> <!-- managePopupTest -->
  <testcase classname="com.buildpiper.testcases.EnvironmentTestcasesExecution" name="DowntimeEnvNegativeTest1" time="0.0">
    <ignored/>
  </testcase> <!-- DowntimeEnvNegativeTest1 -->
  <testcase classname="com.buildpiper.testcases.EnvironmentTestcasesExecution" name="CreateEnvironment" time="0.0">
    <ignored/>
  </testcase> <!-- CreateEnvironment -->
  <testcase classname="com.buildpiper.base.TestBase" name="@AfterTest tearDown" time="0.0">
    <ignored/>
  </testcase> <!-- @AfterTest tearDown -->
  <testcase classname="com.buildpiper.base.TestBase" name="@AfterTest tearDown" time="0.0">
    <ignored/>
  </testcase> <!-- @AfterTest tearDown -->
  <testcase classname="com.buildpiper.base.TestBase" name="@AfterTest tearDown" time="0.0">
    <ignored/>
  </testcase> <!-- @AfterTest tearDown -->
  <testcase classname="com.buildpiper.base.TestBase" name="@BeforeTest Reportsetup" time="0.0">
    <ignored/>
  </testcase> <!-- @BeforeTest Reportsetup -->
  <testcase classname="com.buildpiper.base.TestBase" name="@BeforeTest Reportsetup" time="0.0">
    <ignored/>
  </testcase> <!-- @BeforeTest Reportsetup -->
  <testcase classname="com.buildpiper.base.TestBase" name="@BeforeTest Reportsetup" time="0.0">
    <ignored/>
  </testcase> <!-- @BeforeTest Reportsetup -->
  <testcase classname="com.buildpiper.testcases.EnvironmentTestcasesExecution" name="EnvironmentLevelSearch" time="0.0">
    <ignored/>
  </testcase> <!-- EnvironmentLevelSearch -->
  <testcase classname="com.buildpiper.testcases.ServiceCreationComprehensiveTestCases" name="serviceOverview_Promote" time="0.0">
    <ignored/>
  </testcase> <!-- serviceOverview_Promote -->
  <testcase classname="com.buildpiper.testcases.EnvironmentTestcasesExecution" name="ConfigureEnvironment" time="0.0">
    <ignored/>
  </testcase> <!-- ConfigureEnvironment -->
</testsuite> <!-- RegressionSuite -->
